Using pre-set license
Built from '2021.3/staging' branch; Version is '2021.3.7f1 (24e8595d6d43) revision 2418777'; Using compiler version '192829333'; Build Type 'Release'
OS: 'Windows 11  (10.0.22631) 64bit Core' Language: 'en' Physical Memory: 16084 MB
BatchMode: 1, IsHumanControllingUs: 0, StartBugReporterOnCrash: 0, Is64bit: 1, IsPro: 1

COMMAND LINE ARGUMENTS:
C:\Program Files\Unity\Hub\Editor\2021.3.7f1\Editor\Unity.exe
-adb2
-batchMode
-noUpm
-name
AssetImportWorker6
-projectPath
C:/Users/zbehr/OneDrive/Desktop/Kreetures/Kreetures3DSample
-logFile
Logs/AssetImportWorker6.log
-srvPort
57652
Successfully changed project path to: C:/Users/zbehr/OneDrive/Desktop/Kreetures/Kreetures3DSample
C:/Users/zbehr/OneDrive/Desktop/Kreetures/Kreetures3DSample
[UnityMemory] Configuration Parameters - Can be set up in boot.config
    "memorysetup-bucket-allocator-granularity=16"
    "memorysetup-bucket-allocator-bucket-count=8"
    "memorysetup-bucket-allocator-block-size=33554432"
    "memorysetup-bucket-allocator-block-count=8"
    "memorysetup-main-allocator-block-size=16777216"
    "memorysetup-thread-allocator-block-size=16777216"
    "memorysetup-gfx-main-allocator-block-size=16777216"
    "memorysetup-gfx-thread-allocator-block-size=16777216"
    "memorysetup-cache-allocator-block-size=4194304"
    "memorysetup-typetree-allocator-block-size=2097152"
    "memorysetup-profiler-bucket-allocator-granularity=16"
    "memorysetup-profiler-bucket-allocator-bucket-count=8"
    "memorysetup-profiler-bucket-allocator-block-size=33554432"
    "memorysetup-profiler-bucket-allocator-block-count=8"
    "memorysetup-profiler-allocator-block-size=16777216"
    "memorysetup-profiler-editor-allocator-block-size=1048576"
    "memorysetup-temp-allocator-size-main=16777216"
    "memorysetup-job-temp-allocator-block-size=2097152"
    "memorysetup-job-temp-allocator-block-size-background=1048576"
    "memorysetup-job-temp-allocator-reduction-small-platforms=262144"
    "memorysetup-temp-allocator-size-background-worker=32768"
    "memorysetup-temp-allocator-size-job-worker=262144"
    "memorysetup-temp-allocator-size-preload-manager=33554432"
    "memorysetup-temp-allocator-size-nav-mesh-worker=65536"
    "memorysetup-temp-allocator-size-audio-worker=65536"
    "memorysetup-temp-allocator-size-cloud-worker=32768"
    "memorysetup-temp-allocator-size-gi-baking-worker=262144"
    "memorysetup-temp-allocator-size-gfx=262144"
Refreshing native plugins compatible for Editor in 205.99 ms, found 3 plugins.
Preloading 0 native plugins for Editor in 0.00 ms.
Initialize engine version: 2021.3.7f1 (24e8595d6d43)
[Subsystems] Discovering subsystems at path C:/Program Files/Unity/Hub/Editor/2021.3.7f1/Editor/Data/Resources/UnitySubsystems
[Subsystems] Discovering subsystems at path C:/Users/zbehr/OneDrive/Desktop/Kreetures/Kreetures3DSample/Assets
GfxDevice: creating device client; threaded=0; jobified=0
Direct3D:
    Version:  Direct3D 11.0 [level 11.1]
    Renderer: NVIDIA GeForce RTX 3060 Laptop GPU (ID=0x2520)
    Vendor:   NVIDIA
    VRAM:     6010 MB
    Driver:   31.0.15.4601
Initialize mono
Mono path[0] = 'C:/Program Files/Unity/Hub/Editor/2021.3.7f1/Editor/Data/Managed'
Mono path[1] = 'C:/Program Files/Unity/Hub/Editor/2021.3.7f1/Editor/Data/MonoBleedingEdge/lib/mono/unityjit-win32'
Mono config path = 'C:/Program Files/Unity/Hub/Editor/2021.3.7f1/Editor/Data/MonoBleedingEdge/etc'
Using monoOptions --debugger-agent=transport=dt_socket,embedding=1,server=y,suspend=n,address=127.0.0.1:56940
Begin MonoManager ReloadAssembly
Registering precompiled unity dll's ...
Register platform support module: C:/Program Files/Unity/Hub/Editor/2021.3.7f1/Editor/Data/PlaybackEngines/WebGLSupport/UnityEditor.WebGL.Extensions.dll
Register platform support module: C:/Program Files/Unity/Hub/Editor/2021.3.7f1/Editor/Data/PlaybackEngines/WindowsStandaloneSupport/UnityEditor.WindowsStandalone.Extensions.dll
Register platform support module: C:/Program Files/Unity/Hub/Editor/2021.3.7f1/Editor/Data/PlaybackEngines/MetroSupport/UnityEditor.UWP.Extensions.dll
Registered in 0.009080 seconds.
Native extension for UWP target not found
Native extension for WindowsStandalone target not found
Native extension for WebGL target not found
Refreshing native plugins compatible for Editor in 140.28 ms, found 3 plugins.
Preloading 0 native plugins for Editor in 0.00 ms.
Mono: successfully reloaded assembly
- Completed reload, in  0.698 seconds
Domain Reload Profiling:
	ReloadAssembly (698ms)
		BeginReloadAssembly (109ms)
			ExecutionOrderSort (0ms)
			DisableScriptedObjects (0ms)
			BackupInstance (0ms)
			ReleaseScriptingObjects (0ms)
			CreateAndSetChildDomain (1ms)
		EndReloadAssembly (475ms)
			LoadAssemblies (107ms)
			RebuildTransferFunctionScriptingTraits (0ms)
			SetupTypeCache (89ms)
			ReleaseScriptCaches (0ms)
			RebuildScriptCaches (24ms)
			SetupLoadedEditorAssemblies (316ms)
				LogAssemblyErrors (0ms)
				InitializePlatformSupportModulesInManaged (8ms)
				SetLoadedEditorAssemblies (0ms)
				RefreshPlugins (140ms)
				BeforeProcessingInitializeOnLoad (1ms)
				ProcessInitializeOnLoadAttributes (128ms)
				ProcessInitializeOnLoadMethodAttributes (38ms)
				AfterProcessingInitializeOnLoad (0ms)
				EditorAssembliesLoaded (0ms)
			ExecutionOrderSort2 (0ms)
			AwakeInstancesAfterBackupRestoration (0ms)
Platform modules already initialized, skipping
Registering precompiled user dll's ...
Registered in 0.016833 seconds.
Begin MonoManager ReloadAssembly
Symbol file LoadedFromMemory doesn't match image C:\Users\zbehr\OneDrive\Desktop\Kreetures\Kreetures3DSample\Library\PackageCache\com.unity.visualscripting@1.7.8\Editor\VisualScripting.Core\Dependencies\YamlDotNet\Unity.VisualScripting.YamlDotNet.dll
Symbol file LoadedFromMemory doesn't match image C:\Users\zbehr\OneDrive\Desktop\Kreetures\Kreetures3DSample\Library\PackageCache\com.unity.visualscripting@1.7.8\Editor\VisualScripting.Core\Dependencies\DotNetZip\Unity.VisualScripting.IonicZip.dll
Native extension for UWP target not found
Native extension for WindowsStandalone target not found
Native extension for WebGL target not found
Refreshing native plugins compatible for Editor in 131.24 ms, found 3 plugins.
Preloading 0 native plugins for Editor in 0.00 ms.
Mono: successfully reloaded assembly
- Completed reload, in  1.761 seconds
Domain Reload Profiling:
	ReloadAssembly (1762ms)
		BeginReloadAssembly (105ms)
			ExecutionOrderSort (0ms)
			DisableScriptedObjects (5ms)
			BackupInstance (0ms)
			ReleaseScriptingObjects (0ms)
			CreateAndSetChildDomain (18ms)
		EndReloadAssembly (1547ms)
			LoadAssemblies (177ms)
			RebuildTransferFunctionScriptingTraits (0ms)
			SetupTypeCache (313ms)
			ReleaseScriptCaches (1ms)
			RebuildScriptCaches (100ms)
			SetupLoadedEditorAssemblies (905ms)
				LogAssemblyErrors (0ms)
				InitializePlatformSupportModulesInManaged (7ms)
				SetLoadedEditorAssemblies (0ms)
				RefreshPlugins (131ms)
				BeforeProcessingInitializeOnLoad (153ms)
				ProcessInitializeOnLoadAttributes (531ms)
				ProcessInitializeOnLoadMethodAttributes (75ms)
				AfterProcessingInitializeOnLoad (7ms)
				EditorAssembliesLoaded (0ms)
			ExecutionOrderSort2 (0ms)
			AwakeInstancesAfterBackupRestoration (8ms)
Platform modules already initialized, skipping
========================================================================
Worker process is ready to serve import requests
Launched and connected shader compiler UnityShaderCompiler.exe after 0.05 seconds
Refreshing native plugins compatible for Editor in 1.21 ms, found 3 plugins.
Preloading 0 native plugins for Editor in 0.00 ms.
Unloading 6583 Unused Serialized files (Serialized files now loaded: 0)
Unloading 63 unused Assets / (2.4 MB). Loaded Objects now: 7055.
Memory consumption went from 332.9 MB to 330.5 MB.
Total: 4.081400 ms (FindLiveObjects: 0.445700 ms CreateObjectMapping: 0.297300 ms MarkObjects: 2.954800 ms  DeleteObjects: 0.382600 ms)

AssetImportParameters requested are different than current active one (requested -> active):
  custom:video-decoder-ogg-theora: a1e56fd34408186e4bbccfd4996cb3dc -> 
  custom:container-muxer-webm: aa71ff27fc2769a1b78a27578f13a17b -> 
  custom:container-demuxer-webm: 4f35f7cbe854078d1ac9338744f61a02 -> 
  custom:video-encoder-webm-vp8: eb34c28f22e8b96e1ab97ce403110664 -> 
  custom:audio-encoder-webm-vorbis: bf7c407c2cedff20999df2af8eb42d56 -> 
  custom:framework-win-MediaFoundation: 216162199b28c13a410421893ffa2e32 -> 
  custom:container-demuxer-ogg: 62fdf1f143b41e24485cea50d1cbac27 -> 
  custom:video-decoder-webm-vp8: 9c59270c3fd7afecdb556c50c9e8de78 -> 
  custom:audio-decoder-ogg-vorbis: bf7c407c2cedff20999df2af8eb42d56 -> 
========================================================================
Received Import Request.
  Time since last request: 160610.478294 seconds.
  path: Assets/Layer Lab/GUI Kit - Casual Fantasy/ResourcesData/Sprites/Demo/Demo_Icon/Icon_Boots01_Purple.png
  artifactKey: Guid(3446491189e534bc8a8bb6da0bc9a54d) Importer(815301076,1909f56bfc062723c751e8b465ee728b)
Start importing Assets/Layer Lab/GUI Kit - Casual Fantasy/ResourcesData/Sprites/Demo/Demo_Icon/Icon_Boots01_Purple.png using Guid(3446491189e534bc8a8bb6da0bc9a54d) Importer(815301076,1909f56bfc062723c751e8b465ee728b)  -> (artifact id: '3a8d103911fe6c7ccc34f2f934b3853a') in 0.154311 seconds 
========================================================================
Received Import Request.
  Time since last request: 0.364673 seconds.
  path: Assets/Layer Lab/GUI Kit - Casual Fantasy/ResourcesData/Sprites/Demo/Demo_Icon/Icon_Check.png
  artifactKey: Guid(67d74fe0bc2ff4f04bb9d4f9e1d63c02) Importer(815301076,1909f56bfc062723c751e8b465ee728b)
Start importing Assets/Layer Lab/GUI Kit - Casual Fantasy/ResourcesData/Sprites/Demo/Demo_Icon/Icon_Check.png using Guid(67d74fe0bc2ff4f04bb9d4f9e1d63c02) Importer(815301076,1909f56bfc062723c751e8b465ee728b)  -> (artifact id: '526b39a87f6c39a83a89664f5d536a0b') in 0.025607 seconds 
========================================================================
Received Import Request.
  Time since last request: 0.085626 seconds.
  path: Assets/Layer Lab/GUI Kit - Casual Fantasy/ResourcesData/Sprites/Demo/Demo_Icon/Icon_Flag.png
  artifactKey: Guid(aba5a4ce08186439b8a3525b40544037) Importer(815301076,1909f56bfc062723c751e8b465ee728b)
Start importing Assets/Layer Lab/GUI Kit - Casual Fantasy/ResourcesData/Sprites/Demo/Demo_Icon/Icon_Flag.png using Guid(aba5a4ce08186439b8a3525b40544037) Importer(815301076,1909f56bfc062723c751e8b465ee728b)  -> (artifact id: '9521647b69bf40ed670286fac2dfcd89') in 0.025651 seconds 
========================================================================
Received Import Request.
  Time since last request: 2.539128 seconds.
  path: Assets/Layer Lab/GUI Kit - Casual Fantasy/ResourcesData/Sprites/Demo/Demo_Icon/Icon_Helmet01.png
  artifactKey: Guid(3b4df616fc24144f282e4d2b7e57bf90) Importer(815301076,1909f56bfc062723c751e8b465ee728b)
Start importing Assets/Layer Lab/GUI Kit - Casual Fantasy/ResourcesData/Sprites/Demo/Demo_Icon/Icon_Helmet01.png using Guid(3b4df616fc24144f282e4d2b7e57bf90) Importer(815301076,1909f56bfc062723c751e8b465ee728b)  -> (artifact id: '44ec052fe5019ae9f8c7efa3b1525ff6') in 0.026388 seconds 
========================================================================
Received Import Request.
  Time since last request: 2.599793 seconds.
  path: Assets/Layer Lab/GUI Kit - Casual Fantasy/ResourcesData/Sprites/Demo/Demo_Icon/Icon_Lock02.png
  artifactKey: Guid(121a66d4db8b5488c9c63d114c851c04) Importer(815301076,1909f56bfc062723c751e8b465ee728b)
Start importing Assets/Layer Lab/GUI Kit - Casual Fantasy/ResourcesData/Sprites/Demo/Demo_Icon/Icon_Lock02.png using Guid(121a66d4db8b5488c9c63d114c851c04) Importer(815301076,1909f56bfc062723c751e8b465ee728b)  -> (artifact id: 'f20194b71d346467d106e728a26efb55') in 0.027755 seconds 
========================================================================
Received Import Request.
  Time since last request: 3.421280 seconds.
  path: Assets/Layer Lab/GUI Kit - Casual Fantasy/ResourcesData/Sprites/Demo/Demo_Icon/Icon_Music.png
  artifactKey: Guid(47af1b01eb27e40bd98ef32f898bc38d) Importer(815301076,1909f56bfc062723c751e8b465ee728b)
Start importing Assets/Layer Lab/GUI Kit - Casual Fantasy/ResourcesData/Sprites/Demo/Demo_Icon/Icon_Music.png using Guid(47af1b01eb27e40bd98ef32f898bc38d) Importer(815301076,1909f56bfc062723c751e8b465ee728b)  -> (artifact id: '4e063a8ea2d67d4352dfb71395516cb6') in 0.024027 seconds 
========================================================================
Received Import Request.
  Time since last request: 0.420095 seconds.
  path: Assets/Layer Lab/GUI Kit - Casual Fantasy/ResourcesData/Sprites/Demo/Demo_Icon/Icon_Shield02.png
  artifactKey: Guid(143cc06ce061a49f3b2e8c92aa771554) Importer(815301076,1909f56bfc062723c751e8b465ee728b)
Start importing Assets/Layer Lab/GUI Kit - Casual Fantasy/ResourcesData/Sprites/Demo/Demo_Icon/Icon_Shield02.png using Guid(143cc06ce061a49f3b2e8c92aa771554) Importer(815301076,1909f56bfc062723c751e8b465ee728b)  -> (artifact id: '847faccb74d6ae8c1e0b76b2067c8748') in 0.024657 seconds 
========================================================================
Received Import Request.
  Time since last request: 0.420152 seconds.
  path: Assets/Layer Lab/GUI Kit - Casual Fantasy/ResourcesData/Sprites/Demo/Demo_Icon/Icon_Skull02.Png
  artifactKey: Guid(ea0c207255ae94c1988241115dcab4cb) Importer(815301076,1909f56bfc062723c751e8b465ee728b)
Start importing Assets/Layer Lab/GUI Kit - Casual Fantasy/ResourcesData/Sprites/Demo/Demo_Icon/Icon_Skull02.Png using Guid(ea0c207255ae94c1988241115dcab4cb) Importer(815301076,1909f56bfc062723c751e8b465ee728b)  -> (artifact id: '9b3d5ac07ceaf2b54e0d8def377b6258') in 0.027746 seconds 
========================================================================
Received Import Request.
  Time since last request: 0.083164 seconds.
  path: Assets/Layer Lab/GUI Kit - Casual Fantasy/ResourcesData/Sprites/Demo/Demo_Icon/Icon_Star03_l.png
  artifactKey: Guid(bb40abbe6aba34274a8ecf7298f767a2) Importer(815301076,1909f56bfc062723c751e8b465ee728b)
Start importing Assets/Layer Lab/GUI Kit - Casual Fantasy/ResourcesData/Sprites/Demo/Demo_Icon/Icon_Star03_l.png using Guid(bb40abbe6aba34274a8ecf7298f767a2) Importer(815301076,1909f56bfc062723c751e8b465ee728b)  -> (artifact id: '215e75d8ea9fec232b865ea5841941cc') in 0.023817 seconds 
========================================================================
Received Import Request.
  Time since last request: 0.375097 seconds.
  path: Assets/Layer Lab/GUI Kit - Casual Fantasy/ResourcesData/Sprites/Demo/Demo_Icon/Icon_Sword04.png
  artifactKey: Guid(506c771b95df042b4bd68bd17fccfb26) Importer(815301076,1909f56bfc062723c751e8b465ee728b)
Start importing Assets/Layer Lab/GUI Kit - Casual Fantasy/ResourcesData/Sprites/Demo/Demo_Icon/Icon_Sword04.png using Guid(506c771b95df042b4bd68bd17fccfb26) Importer(815301076,1909f56bfc062723c751e8b465ee728b)  -> (artifact id: 'f381bc9f9422fff1b27856fd8342b96c') in 0.019819 seconds 
========================================================================
Received Import Request.
  Time since last request: 0.000025 seconds.
  path: Assets/Layer Lab/GUI Kit - Casual Fantasy/ResourcesData/Sprites/Demo/Demo_Icon/Icon_Ticket.Png
  artifactKey: Guid(fe3de42cc913e4fad9f1d8f050e20767) Importer(815301076,1909f56bfc062723c751e8b465ee728b)
Start importing Assets/Layer Lab/GUI Kit - Casual Fantasy/ResourcesData/Sprites/Demo/Demo_Icon/Icon_Ticket.Png using Guid(fe3de42cc913e4fad9f1d8f050e20767) Importer(815301076,1909f56bfc062723c751e8b465ee728b)  -> (artifact id: 'a3c685aceebd0e55c638df7f778ae115') in 0.017246 seconds 
========================================================================
Received Import Request.
  Time since last request: 0.421154 seconds.
  path: Assets/Layer Lab/GUI Kit - Casual Fantasy/ResourcesData/Sprites/Demo/Demo_Icon/Icon_Timer.png
  artifactKey: Guid(cb04b83a8c3a045558cd1f05866cf45e) Importer(815301076,1909f56bfc062723c751e8b465ee728b)
Start importing Assets/Layer Lab/GUI Kit - Casual Fantasy/ResourcesData/Sprites/Demo/Demo_Icon/Icon_Timer.png using Guid(cb04b83a8c3a045558cd1f05866cf45e) Importer(815301076,1909f56bfc062723c751e8b465ee728b)  -> (artifact id: 'e19ef1b9db320b87701eba9a7a414b94') in 0.023472 seconds 
========================================================================
Received Import Request.
  Time since last request: 0.040000 seconds.
  path: Packages/com.unity.collab-proxy/Editor/PlasticSCM/Assets/Images/iconaddedoverlay@2x.png
  artifactKey: Guid(74ef721fef79c44489d4e3edb0ab0c01) Importer(815301076,1909f56bfc062723c751e8b465ee728b)
Start importing Packages/com.unity.collab-proxy/Editor/PlasticSCM/Assets/Images/iconaddedoverlay@2x.png using Guid(74ef721fef79c44489d4e3edb0ab0c01) Importer(815301076,1909f56bfc062723c751e8b465ee728b)  -> (artifact id: '9ad05ff4c4b7a4dcea9a7cffb663dc37') in 0.019381 seconds 
========================================================================
Received Import Request.
  Time since last request: 4.129217 seconds.
  path: Packages/com.unity.collab-proxy/Editor/PlasticSCM/Assets/Images/iconconflicted.png
  artifactKey: Guid(d1c88f142eee55b4eb2b2cfd7b3624ce) Importer(815301076,1909f56bfc062723c751e8b465ee728b)
Start importing Packages/com.unity.collab-proxy/Editor/PlasticSCM/Assets/Images/iconconflicted.png using Guid(d1c88f142eee55b4eb2b2cfd7b3624ce) Importer(815301076,1909f56bfc062723c751e8b465ee728b)  -> (artifact id: '2a0f3e784ba27abad389c2fb8cc91749') in 0.022374 seconds 
========================================================================
Received Import Request.
  Time since last request: 0.455335 seconds.
  path: Packages/com.unity.collab-proxy/Editor/PlasticSCM/Assets/Images/icondeleted.png
  artifactKey: Guid(77a39e873655d3c4b93d0b7696397b83) Importer(815301076,1909f56bfc062723c751e8b465ee728b)
Start importing Packages/com.unity.collab-proxy/Editor/PlasticSCM/Assets/Images/icondeleted.png using Guid(77a39e873655d3c4b93d0b7696397b83) Importer(815301076,1909f56bfc062723c751e8b465ee728b)  -> (artifact id: 'eea36a4226d01660fbb177ec1716ef32') in 0.020418 seconds 
========================================================================
Received Import Request.
  Time since last request: 0.367401 seconds.
  path: Packages/com.unity.collab-proxy/Editor/PlasticSCM/Assets/Images/icondeletedremoteoverlay@2x.png
  artifactKey: Guid(d5c3277b1dbad9448b46c2ec87a2cef8) Importer(815301076,1909f56bfc062723c751e8b465ee728b)
Start importing Packages/com.unity.collab-proxy/Editor/PlasticSCM/Assets/Images/icondeletedremoteoverlay@2x.png using Guid(d5c3277b1dbad9448b46c2ec87a2cef8) Importer(815301076,1909f56bfc062723c751e8b465ee728b)  -> (artifact id: 'c710103282cd309b961d6279a3001db7') in 0.026464 seconds 
========================================================================
Received Import Request.
  Time since last request: 0.414426 seconds.
  path: Packages/com.unity.collab-proxy/Editor/PlasticSCM/Assets/Images/iconlockedremoteoverlay@2x.png
  artifactKey: Guid(f73a7d8758d7be04588b15637d94b5a8) Importer(815301076,1909f56bfc062723c751e8b465ee728b)
Start importing Packages/com.unity.collab-proxy/Editor/PlasticSCM/Assets/Images/iconlockedremoteoverlay@2x.png using Guid(f73a7d8758d7be04588b15637d94b5a8) Importer(815301076,1909f56bfc062723c751e8b465ee728b)  -> (artifact id: '4ff2fa26445e9af0f6cdf1cc0da57d68') in 0.017071 seconds 
========================================================================
Received Import Request.
  Time since last request: 0.000024 seconds.
  path: Packages/com.unity.collab-proxy/Editor/PlasticSCM/Assets/Images/iconoutofsync@2x.png
  artifactKey: Guid(d7094718bdac022428dd29244922d06b) Importer(815301076,1909f56bfc062723c751e8b465ee728b)
Start importing Packages/com.unity.collab-proxy/Editor/PlasticSCM/Assets/Images/iconoutofsync@2x.png using Guid(d7094718bdac022428dd29244922d06b) Importer(815301076,1909f56bfc062723c751e8b465ee728b)  -> (artifact id: '3d680a3908bc258a3b79073af6efb0fd') in 0.015352 seconds 
========================================================================
Received Import Request.
  Time since last request: 0.000754 seconds.
  path: Packages/com.unity.collab-proxy/Editor/PlasticSCM/Assets/Images/iconoutofsyncoverlay@2x.png
  artifactKey: Guid(3728580c149181a44b359e89f6edacae) Importer(815301076,1909f56bfc062723c751e8b465ee728b)
Start importing Packages/com.unity.collab-proxy/Editor/PlasticSCM/Assets/Images/iconoutofsyncoverlay@2x.png using Guid(3728580c149181a44b359e89f6edacae) Importer(815301076,1909f56bfc062723c751e8b465ee728b)  -> (artifact id: '874fe70b6b8520d92f89c95341f9413a') in 0.020677 seconds 
========================================================================
Received Import Request.
  Time since last request: 0.320380 seconds.
  path: Packages/com.unity.collab-proxy/Editor/PlasticSCM/Assets/Images/iconplasticview.png
  artifactKey: Guid(dcb2ee37925b97e438ae244996d81a55) Importer(815301076,1909f56bfc062723c751e8b465ee728b)
Start importing Packages/com.unity.collab-proxy/Editor/PlasticSCM/Assets/Images/iconplasticview.png using Guid(dcb2ee37925b97e438ae244996d81a55) Importer(815301076,1909f56bfc062723c751e8b465ee728b)  -> (artifact id: '6a612f6309fdfa4a3de541215ebf9a60') in 0.024004 seconds 
========================================================================
Received Import Request.
  Time since last request: 0.039329 seconds.
  path: Packages/com.unity.collab-proxy/Editor/PlasticSCM/Assets/Images/iconprivateoverlay@2x.png
  artifactKey: Guid(40685941c1361aa4a957b61174bce3f6) Importer(815301076,1909f56bfc062723c751e8b465ee728b)
Start importing Packages/com.unity.collab-proxy/Editor/PlasticSCM/Assets/Images/iconprivateoverlay@2x.png using Guid(40685941c1361aa4a957b61174bce3f6) Importer(815301076,1909f56bfc062723c751e8b465ee728b)  -> (artifact id: '88f0b5132622e313f730986fc10cb9af') in 0.017158 seconds 
========================================================================
Received Import Request.
  Time since last request: 0.325357 seconds.
  path: Packages/com.unity.collab-proxy/Editor/PlasticSCM/Assets/Images/ignoredoverlay@2x.png
  artifactKey: Guid(999d04c0ea94ccc41b3d80788160695b) Importer(815301076,1909f56bfc062723c751e8b465ee728b)
Start importing Packages/com.unity.collab-proxy/Editor/PlasticSCM/Assets/Images/ignoredoverlay@2x.png using Guid(999d04c0ea94ccc41b3d80788160695b) Importer(815301076,1909f56bfc062723c751e8b465ee728b)  -> (artifact id: '9c0d8257a3401e30a3537081ba3b3946') in 0.017828 seconds 
========================================================================
Received Import Request.
  Time since last request: 0.024063 seconds.
  path: Assets/Layer Lab/GUI Kit - Casual Fantasy/ResourcesData/Sprites/Components/Frame/ItemFrame01_Demo_d01.png
  artifactKey: Guid(70d714e0297824212b38d0e9d7d8178b) Importer(815301076,1909f56bfc062723c751e8b465ee728b)
Start importing Assets/Layer Lab/GUI Kit - Casual Fantasy/ResourcesData/Sprites/Components/Frame/ItemFrame01_Demo_d01.png using Guid(70d714e0297824212b38d0e9d7d8178b) Importer(815301076,1909f56bfc062723c751e8b465ee728b)  -> (artifact id: 'f000891be633bb239d40a3b101de1917') in 0.021332 seconds 
========================================================================
Received Import Request.
  Time since last request: 0.342159 seconds.
  path: Assets/Layer Lab/GUI Kit - Casual Fantasy/ResourcesData/Sprites/Components/Frame/ItemFrame01_Demo_Sky.png
  artifactKey: Guid(a42c17f97412d4c57b6058456062f329) Importer(815301076,1909f56bfc062723c751e8b465ee728b)
Start importing Assets/Layer Lab/GUI Kit - Casual Fantasy/ResourcesData/Sprites/Components/Frame/ItemFrame01_Demo_Sky.png using Guid(a42c17f97412d4c57b6058456062f329) Importer(815301076,1909f56bfc062723c751e8b465ee728b)  -> (artifact id: '299000201145beb0ba046740badeb76b') in 0.024147 seconds 
========================================================================
Received Import Request.
  Time since last request: 0.041791 seconds.
  path: Assets/Layer Lab/GUI Kit - Casual Fantasy/ResourcesData/Sprites/Components/Frame/ItemFrame02_Demo.png
  artifactKey: Guid(6469ae336d7b6494da5dd1416bf30eee) Importer(815301076,1909f56bfc062723c751e8b465ee728b)
Start importing Assets/Layer Lab/GUI Kit - Casual Fantasy/ResourcesData/Sprites/Components/Frame/ItemFrame02_Demo.png using Guid(6469ae336d7b6494da5dd1416bf30eee) Importer(815301076,1909f56bfc062723c751e8b465ee728b)  -> (artifact id: 'b96f91c6f77bda3a29c345e0b19a46b6') in 0.022949 seconds 
========================================================================
Received Import Request.
  Time since last request: 0.000021 seconds.
  path: Assets/Layer Lab/GUI Kit - Casual Fantasy/ResourcesData/Sprites/Components/Frame/ItemFrame04_Demo_f.png
  artifactKey: Guid(43b5eee6ffbd14632ac9a62a7fa4449c) Importer(815301076,1909f56bfc062723c751e8b465ee728b)
Start importing Assets/Layer Lab/GUI Kit - Casual Fantasy/ResourcesData/Sprites/Components/Frame/ItemFrame04_Demo_f.png using Guid(43b5eee6ffbd14632ac9a62a7fa4449c) Importer(815301076,1909f56bfc062723c751e8b465ee728b)  -> (artifact id: 'abdae76fe64b46cb75da348753cc80e7') in 0.018312 seconds 
========================================================================
Received Import Request.
  Time since last request: 0.837430 seconds.
  path: Assets/Layer Lab/GUI Kit - Casual Fantasy/ResourcesData/Sprites/Components/Frame/ItemFrame05_Demo_Bg_f.png
  artifactKey: Guid(df4af6d39d5dc497ea022e7a0de97ea3) Importer(815301076,1909f56bfc062723c751e8b465ee728b)
Start importing Assets/Layer Lab/GUI Kit - Casual Fantasy/ResourcesData/Sprites/Components/Frame/ItemFrame05_Demo_Bg_f.png using Guid(df4af6d39d5dc497ea022e7a0de97ea3) Importer(815301076,1909f56bfc062723c751e8b465ee728b)  -> (artifact id: 'db9a3f3511631f72aebc52d9a3123207') in 0.027929 seconds 
========================================================================
Received Import Request.
  Time since last request: 0.606136 seconds.
  path: Assets/Layer Lab/GUI Kit - Casual Fantasy/ResourcesData/Sprites/Components/Icon_ItemIcons_(x2)/128/ItemIcon_Anvil.png
  artifactKey: Guid(bd286ab60997f49bab12d283efcd5f1e) Importer(815301076,1909f56bfc062723c751e8b465ee728b)
Start importing Assets/Layer Lab/GUI Kit - Casual Fantasy/ResourcesData/Sprites/Components/Icon_ItemIcons_(x2)/128/ItemIcon_Anvil.png using Guid(bd286ab60997f49bab12d283efcd5f1e) Importer(815301076,1909f56bfc062723c751e8b465ee728b)  -> (artifact id: 'a09bc8796c7d67a93b3abe5f9cac48cc') in 0.022598 seconds 
========================================================================
Received Import Request.
  Time since last request: 0.004813 seconds.
  path: Assets/Layer Lab/GUI Kit - Casual Fantasy/ResourcesData/Sprites/Components/Icon_ItemIcons_(x2)/256/ItemIcon_Badge_Crown.Png
  artifactKey: Guid(a92457a10a7564cb7952913a3c7de7ed) Importer(815301076,1909f56bfc062723c751e8b465ee728b)
Start importing Assets/Layer Lab/GUI Kit - Casual Fantasy/ResourcesData/Sprites/Components/Icon_ItemIcons_(x2)/256/ItemIcon_Badge_Crown.Png using Guid(a92457a10a7564cb7952913a3c7de7ed) Importer(815301076,1909f56bfc062723c751e8b465ee728b)  -> (artifact id: '527b1570d290660bf68d9f848e70d4ad') in 0.024310 seconds 
========================================================================
Received Import Request.
  Time since last request: 0.560287 seconds.
  path: Assets/Layer Lab/GUI Kit - Casual Fantasy/ResourcesData/Sprites/Components/Icon_ItemIcons_(Original)/Itemicon_Bag01.Png
  artifactKey: Guid(0a45f4f3a810e405f89017682faaee75) Importer(815301076,1909f56bfc062723c751e8b465ee728b)
Start importing Assets/Layer Lab/GUI Kit - Casual Fantasy/ResourcesData/Sprites/Components/Icon_ItemIcons_(Original)/Itemicon_Bag01.Png using Guid(0a45f4f3a810e405f89017682faaee75) Importer(815301076,1909f56bfc062723c751e8b465ee728b)  -> (artifact id: 'a3ee13892971e87650d89779246c9d87') in 0.030861 seconds 
========================================================================
Received Import Request.
  Time since last request: 0.023705 seconds.
  path: Assets/Layer Lab/GUI Kit - Casual Fantasy/ResourcesData/Sprites/Components/Icon_ItemIcons_(x2)/128/ItemIcon_Bag02.png
  artifactKey: Guid(9f36e8cc1f6454a6db1ed429420bbfde) Importer(815301076,1909f56bfc062723c751e8b465ee728b)
Start importing Assets/Layer Lab/GUI Kit - Casual Fantasy/ResourcesData/Sprites/Components/Icon_ItemIcons_(x2)/128/ItemIcon_Bag02.png using Guid(9f36e8cc1f6454a6db1ed429420bbfde) Importer(815301076,1909f56bfc062723c751e8b465ee728b)  -> (artifact id: '36c658b1b5ca82124b7861d462200170') in 0.021954 seconds 
========================================================================
Received Import Request.
  Time since last request: 0.000024 seconds.
  path: Assets/Layer Lab/GUI Kit - Casual Fantasy/ResourcesData/Sprites/Components/Icon_ItemIcons_(Original)/Itemicon_Battery.Png
  artifactKey: Guid(dfd4a70b385734141a03ec0c5f8795aa) Importer(815301076,1909f56bfc062723c751e8b465ee728b)
Start importing Assets/Layer Lab/GUI Kit - Casual Fantasy/ResourcesData/Sprites/Components/Icon_ItemIcons_(Original)/Itemicon_Battery.Png using Guid(dfd4a70b385734141a03ec0c5f8795aa) Importer(815301076,1909f56bfc062723c751e8b465ee728b)  -> (artifact id: '176f92a4047330e5b0f7a6db199da40d') in 0.017458 seconds 
========================================================================
Received Import Request.
  Time since last request: 0.860199 seconds.
  path: Assets/Layer Lab/GUI Kit - Casual Fantasy/ResourcesData/Sprites/Components/Icon_ItemIcons_(x2)/512/ItemIcon_Book01_Blue.png
  artifactKey: Guid(fb0a66b3cf3c3444381027a3239eb42c) Importer(815301076,1909f56bfc062723c751e8b465ee728b)
Start importing Assets/Layer Lab/GUI Kit - Casual Fantasy/ResourcesData/Sprites/Components/Icon_ItemIcons_(x2)/512/ItemIcon_Book01_Blue.png using Guid(fb0a66b3cf3c3444381027a3239eb42c) Importer(815301076,1909f56bfc062723c751e8b465ee728b)  -> (artifact id: '3dff959590551996c31d8d30edc2d4b4') in 0.042863 seconds 
========================================================================
Received Import Request.
  Time since last request: 0.060227 seconds.
  path: Assets/Layer Lab/GUI Kit - Casual Fantasy/ResourcesData/Sprites/Components/Icon_ItemIcons_(x2)/128/ItemIcon_Book01_Red.png
  artifactKey: Guid(32de68b3a0bfd4e1eb66c1de8543883a) Importer(815301076,1909f56bfc062723c751e8b465ee728b)
Start importing Assets/Layer Lab/GUI Kit - Casual Fantasy/ResourcesData/Sprites/Components/Icon_ItemIcons_(x2)/128/ItemIcon_Book01_Red.png using Guid(32de68b3a0bfd4e1eb66c1de8543883a) Importer(815301076,1909f56bfc062723c751e8b465ee728b)  -> (artifact id: '4b2bd0fa15053e370480f3923e381fb3') in 0.023858 seconds 
========================================================================
Received Import Request.
  Time since last request: 0.000024 seconds.
  path: Assets/Layer Lab/GUI Kit - Casual Fantasy/ResourcesData/Sprites/Components/Icon_ItemIcons_(x2)/128/ItemIcon_Book02_Brown.png
  artifactKey: Guid(02ccc4c84031146c39123462a80613d8) Importer(815301076,1909f56bfc062723c751e8b465ee728b)
Start importing Assets/Layer Lab/GUI Kit - Casual Fantasy/ResourcesData/Sprites/Components/Icon_ItemIcons_(x2)/128/ItemIcon_Book02_Brown.png using Guid(02ccc4c84031146c39123462a80613d8) Importer(815301076,1909f56bfc062723c751e8b465ee728b)  -> (artifact id: '8a71fdacf2d019a4eb737a7bde76a5f4') in 0.016140 seconds 
========================================================================
Received Import Request.
  Time since last request: 0.417480 seconds.
  path: Assets/Layer Lab/GUI Kit - Casual Fantasy/ResourcesData/Sprites/Components/Icon_ItemIcons_(Original)/Itemicon_Book02_Teal.Png
  artifactKey: Guid(ee4b69da7f7c548a98633c8739886283) Importer(815301076,1909f56bfc062723c751e8b465ee728b)
Start importing Assets/Layer Lab/GUI Kit - Casual Fantasy/ResourcesData/Sprites/Components/Icon_ItemIcons_(Original)/Itemicon_Book02_Teal.Png using Guid(ee4b69da7f7c548a98633c8739886283) Importer(815301076,1909f56bfc062723c751e8b465ee728b)  -> (artifact id: 'a35ee363ddcb82acff63834ff9363fd5') in 0.027062 seconds 
========================================================================
Received Import Request.
  Time since last request: 1.789886 seconds.
  path: Assets/Layer Lab/GUI Kit - Casual Fantasy/ResourcesData/Sprites/Components/Icon_ItemIcons_(x2)/128/ItemIcon_Coin.png
  artifactKey: Guid(fbd956cd86f71466d90037828950626b) Importer(815301076,1909f56bfc062723c751e8b465ee728b)
Start importing Assets/Layer Lab/GUI Kit - Casual Fantasy/ResourcesData/Sprites/Components/Icon_ItemIcons_(x2)/128/ItemIcon_Coin.png using Guid(fbd956cd86f71466d90037828950626b) Importer(815301076,1909f56bfc062723c751e8b465ee728b)  -> (artifact id: 'd68bf92cf5b675c51989092e9dbba94a') in 0.023088 seconds 
========================================================================
Received Import Request.
  Time since last request: 0.000023 seconds.
  path: Assets/Layer Lab/GUI Kit - Casual Fantasy/ResourcesData/Sprites/Components/Icon_ItemIcons_(x2)/128/ItemIcon_Crown.png
  artifactKey: Guid(fa074f8ff39c74440af662c1c8968a9d) Importer(815301076,1909f56bfc062723c751e8b465ee728b)
Start importing Assets/Layer Lab/GUI Kit - Casual Fantasy/ResourcesData/Sprites/Components/Icon_ItemIcons_(x2)/128/ItemIcon_Crown.png using Guid(fa074f8ff39c74440af662c1c8968a9d) Importer(815301076,1909f56bfc062723c751e8b465ee728b)  -> (artifact id: '20342e63dc3e1ed487dab4729e713a84') in 0.017032 seconds 
========================================================================
Received Import Request.
  Time since last request: 0.019901 seconds.
  path: Assets/Layer Lab/GUI Kit - Casual Fantasy/ResourcesData/Sprites/Components/Icon_ItemIcons_(x2)/512/ItemIcon_Cup.png
  artifactKey: Guid(a0f21932c70a649029a1869ee405b249) Importer(815301076,1909f56bfc062723c751e8b465ee728b)
Start importing Assets/Layer Lab/GUI Kit - Casual Fantasy/ResourcesData/Sprites/Components/Icon_ItemIcons_(x2)/512/ItemIcon_Cup.png using Guid(a0f21932c70a649029a1869ee405b249) Importer(815301076,1909f56bfc062723c751e8b465ee728b)  -> (artifact id: 'ddfa570af332385685ee60c6b2b87657') in 0.034534 seconds 
========================================================================
Received Import Request.
  Time since last request: 1.218155 seconds.
  path: Assets/Layer Lab/GUI Kit - Casual Fantasy/ResourcesData/Sprites/Components/Icon_ItemIcons_(x2)/128/ItemIcon_Fox.png
  artifactKey: Guid(0c2123ca2155041c9a91b01bec97be9b) Importer(815301076,1909f56bfc062723c751e8b465ee728b)
Start importing Assets/Layer Lab/GUI Kit - Casual Fantasy/ResourcesData/Sprites/Components/Icon_ItemIcons_(x2)/128/ItemIcon_Fox.png using Guid(0c2123ca2155041c9a91b01bec97be9b) Importer(815301076,1909f56bfc062723c751e8b465ee728b)  -> (artifact id: 'dd73645c7d7135dd3550539cc61409ba') in 0.022172 seconds 
========================================================================
Received Import Request.
  Time since last request: 0.000031 seconds.
  path: Assets/Layer Lab/GUI Kit - Casual Fantasy/ResourcesData/Sprites/Components/Icon_ItemIcons_(x2)/128/ItemIcon_Gem_Pentagon_Blue.png
  artifactKey: Guid(2be1d8c1263eb4eaa870f17457f8a4b9) Importer(815301076,1909f56bfc062723c751e8b465ee728b)
Start importing Assets/Layer Lab/GUI Kit - Casual Fantasy/ResourcesData/Sprites/Components/Icon_ItemIcons_(x2)/128/ItemIcon_Gem_Pentagon_Blue.png using Guid(2be1d8c1263eb4eaa870f17457f8a4b9) Importer(815301076,1909f56bfc062723c751e8b465ee728b)  -> (artifact id: '945b83a4d768f79bbdd5278a434107db') in 0.015458 seconds 
========================================================================
Received Import Request.
  Time since last request: 0.030371 seconds.
  path: Assets/Layer Lab/GUI Kit - Casual Fantasy/ResourcesData/Sprites/Components/Icon_ItemIcons_(x2)/128/ItemIcon_Gem_Pentagon_Gray.png
  artifactKey: Guid(45afb3738940b4f5aa2306b6750cfba6) Importer(815301076,1909f56bfc062723c751e8b465ee728b)
Start importing Assets/Layer Lab/GUI Kit - Casual Fantasy/ResourcesData/Sprites/Components/Icon_ItemIcons_(x2)/128/ItemIcon_Gem_Pentagon_Gray.png using Guid(45afb3738940b4f5aa2306b6750cfba6) Importer(815301076,1909f56bfc062723c751e8b465ee728b)  -> (artifact id: '3d029a10a22e9e4bb1eb08cb3ba43256') in 0.019305 seconds 
========================================================================
Received Import Request.
  Time since last request: 0.000078 seconds.
  path: Assets/Layer Lab/GUI Kit - Casual Fantasy/ResourcesData/Sprites/Components/Icon_ItemIcons_(x2)/256/ItemIcon_Gem_Pentagon_Green.Png
  artifactKey: Guid(0d912de85219f40e185aaa630329237c) Importer(815301076,1909f56bfc062723c751e8b465ee728b)
Start importing Assets/Layer Lab/GUI Kit - Casual Fantasy/ResourcesData/Sprites/Components/Icon_ItemIcons_(x2)/256/ItemIcon_Gem_Pentagon_Green.Png using Guid(0d912de85219f40e185aaa630329237c) Importer(815301076,1909f56bfc062723c751e8b465ee728b)  -> (artifact id: '2fdf085109d494a89182f516d14f89f0') in 0.015457 seconds 
========================================================================
Received Import Request.
  Time since last request: 1.304280 seconds.
  path: Assets/Layer Lab/GUI Kit - Casual Fantasy/ResourcesData/Sprites/Components/Icon_ItemIcons_(x2)/128/ItemIcon_Gem_Pentagon_Green.png
  artifactKey: Guid(46d844139b3f04e9d8628d11250d2d3c) Importer(815301076,1909f56bfc062723c751e8b465ee728b)
Start importing Assets/Layer Lab/GUI Kit - Casual Fantasy/ResourcesData/Sprites/Components/Icon_ItemIcons_(x2)/128/ItemIcon_Gem_Pentagon_Green.png using Guid(46d844139b3f04e9d8628d11250d2d3c) Importer(815301076,1909f56bfc062723c751e8b465ee728b)  -> (artifact id: 'e5787aa10b84736b5419413f1632a037') in 0.020750 seconds 
========================================================================
Received Import Request.
  Time since last request: 0.000026 seconds.
  path: Assets/Layer Lab/GUI Kit - Casual Fantasy/ResourcesData/Sprites/Components/Icon_ItemIcons_(x2)/128/ItemIcon_Gem_Pentagon_Purple.png
  artifactKey: Guid(b5883c7c841594f67a7b8aedcf8a1389) Importer(815301076,1909f56bfc062723c751e8b465ee728b)
Start importing Assets/Layer Lab/GUI Kit - Casual Fantasy/ResourcesData/Sprites/Components/Icon_ItemIcons_(x2)/128/ItemIcon_Gem_Pentagon_Purple.png using Guid(b5883c7c841594f67a7b8aedcf8a1389) Importer(815301076,1909f56bfc062723c751e8b465ee728b)  -> (artifact id: 'd4a3da4ba569f1c9bca97fd85a5701cd') in 0.013562 seconds 
========================================================================
Received Import Request.
  Time since last request: 0.442370 seconds.
  path: Assets/Layer Lab/GUI Kit - Casual Fantasy/ResourcesData/Sprites/Components/Icon_ItemIcons_(Original)/Itemicon_Gem_Pentagon_Red.Png
  artifactKey: Guid(89bfccdb1e78040ae8aaca59d00f20c9) Importer(815301076,1909f56bfc062723c751e8b465ee728b)
Start importing Assets/Layer Lab/GUI Kit - Casual Fantasy/ResourcesData/Sprites/Components/Icon_ItemIcons_(Original)/Itemicon_Gem_Pentagon_Red.Png using Guid(89bfccdb1e78040ae8aaca59d00f20c9) Importer(815301076,1909f56bfc062723c751e8b465ee728b)  -> (artifact id: '50d3d950c23caaa0cba313aea34f82ff') in 0.030478 seconds 
========================================================================
Received Import Request.
  Time since last request: 0.040018 seconds.
  path: Assets/Layer Lab/GUI Kit - Casual Fantasy/ResourcesData/Sprites/Components/Icon_ItemIcons_(x2)/128/ItemIcon_Gem_Pentagon_Yellow.png
  artifactKey: Guid(54f0ca206a538418882dd80ba6202648) Importer(815301076,1909f56bfc062723c751e8b465ee728b)
Start importing Assets/Layer Lab/GUI Kit - Casual Fantasy/ResourcesData/Sprites/Components/Icon_ItemIcons_(x2)/128/ItemIcon_Gem_Pentagon_Yellow.png using Guid(54f0ca206a538418882dd80ba6202648) Importer(815301076,1909f56bfc062723c751e8b465ee728b)  -> (artifact id: 'f899c8e0a8e7ee54f30644cdc9732e38') in 0.019889 seconds 
========================================================================
Received Import Request.
  Time since last request: 0.000023 seconds.
  path: Assets/Layer Lab/GUI Kit - Casual Fantasy/ResourcesData/Sprites/Components/Icon_ItemIcons_(x2)/512/ItemIcon_Gem_Triangle_Blue.png
  artifactKey: Guid(d707315f1bd3e4a5ea9e36aff4f576f7) Importer(815301076,1909f56bfc062723c751e8b465ee728b)
Start importing Assets/Layer Lab/GUI Kit - Casual Fantasy/ResourcesData/Sprites/Components/Icon_ItemIcons_(x2)/512/ItemIcon_Gem_Triangle_Blue.png using Guid(d707315f1bd3e4a5ea9e36aff4f576f7) Importer(815301076,1909f56bfc062723c751e8b465ee728b)  -> (artifact id: 'bc77009f8180f556c54aa25701fdf82c') in 0.022606 seconds 
========================================================================
Received Import Request.
  Time since last request: 0.367952 seconds.
  path: Assets/Layer Lab/GUI Kit - Casual Fantasy/ResourcesData/Sprites/Components/Icon_ItemIcons_(x2)/512/ItemIcon_Gem_Triangle_Gray.png
  artifactKey: Guid(1aae78aa463954ab69378d91f3cbb62a) Importer(815301076,1909f56bfc062723c751e8b465ee728b)
Start importing Assets/Layer Lab/GUI Kit - Casual Fantasy/ResourcesData/Sprites/Components/Icon_ItemIcons_(x2)/512/ItemIcon_Gem_Triangle_Gray.png using Guid(1aae78aa463954ab69378d91f3cbb62a) Importer(815301076,1909f56bfc062723c751e8b465ee728b)  -> (artifact id: 'be167e184792d804ed88f00ecc9bfd5f') in 0.032669 seconds 
========================================================================
Received Import Request.
  Time since last request: 0.000023 seconds.
  path: Assets/Layer Lab/GUI Kit - Casual Fantasy/ResourcesData/Sprites/Components/Icon_ItemIcons_(Original)/Itemicon_Gem_Triangle_Green.Png
  artifactKey: Guid(4a5f9b140dc7d4ad390bc07b0237696a) Importer(815301076,1909f56bfc062723c751e8b465ee728b)
Start importing Assets/Layer Lab/GUI Kit - Casual Fantasy/ResourcesData/Sprites/Components/Icon_ItemIcons_(Original)/Itemicon_Gem_Triangle_Green.Png using Guid(4a5f9b140dc7d4ad390bc07b0237696a) Importer(815301076,1909f56bfc062723c751e8b465ee728b)  -> (artifact id: 'b65cd6aecf37d4865d9216bb4ccbf9c3') in 0.024075 seconds 
Editor requested this worker to shutdown with reason: Scaling down because of idle timeout
AssetImportWorker is now disconnected from the server
Process exiting
Exiting without the bug reporter. Application will terminate with return code 0