Using pre-set license
Built from '2021.3/staging' branch; Version is '2021.3.7f1 (24e8595d6d43) revision 2418777'; Using compiler version '192829333'; Build Type 'Release'
OS: 'Windows 11  (10.0.22631) 64bit Core' Language: 'en' Physical Memory: 16084 MB
BatchMode: 1, IsHumanControllingUs: 0, StartBugReporterOnCrash: 0, Is64bit: 1, IsPro: 1

COMMAND LINE ARGUMENTS:
C:\Program Files\Unity\Hub\Editor\2021.3.7f1\Editor\Unity.exe
-adb2
-batchMode
-noUpm
-name
AssetImportWorker2
-projectPath
C:/Users/zbehr/OneDrive/Desktop/Kreetures/Kreetures3DSample
-logFile
Logs/AssetImportWorker2.log
-srvPort
53142
Successfully changed project path to: C:/Users/zbehr/OneDrive/Desktop/Kreetures/Kreetures3DSample
C:/Users/zbehr/OneDrive/Desktop/Kreetures/Kreetures3DSample
[UnityMemory] Configuration Parameters - Can be set up in boot.config
    "memorysetup-bucket-allocator-granularity=16"
    "memorysetup-bucket-allocator-bucket-count=8"
    "memorysetup-bucket-allocator-block-size=33554432"
    "memorysetup-bucket-allocator-block-count=8"
    "memorysetup-main-allocator-block-size=16777216"
    "memorysetup-thread-allocator-block-size=16777216"
    "memorysetup-gfx-main-allocator-block-size=16777216"
    "memorysetup-gfx-thread-allocator-block-size=16777216"
    "memorysetup-cache-allocator-block-size=4194304"
    "memorysetup-typetree-allocator-block-size=2097152"
    "memorysetup-profiler-bucket-allocator-granularity=16"
    "memorysetup-profiler-bucket-allocator-bucket-count=8"
    "memorysetup-profiler-bucket-allocator-block-size=33554432"
    "memorysetup-profiler-bucket-allocator-block-count=8"
    "memorysetup-profiler-allocator-block-size=16777216"
    "memorysetup-profiler-editor-allocator-block-size=1048576"
    "memorysetup-temp-allocator-size-main=16777216"
    "memorysetup-job-temp-allocator-block-size=2097152"
    "memorysetup-job-temp-allocator-block-size-background=1048576"
    "memorysetup-job-temp-allocator-reduction-small-platforms=262144"
    "memorysetup-temp-allocator-size-background-worker=32768"
    "memorysetup-temp-allocator-size-job-worker=262144"
    "memorysetup-temp-allocator-size-preload-manager=33554432"
    "memorysetup-temp-allocator-size-nav-mesh-worker=65536"
    "memorysetup-temp-allocator-size-audio-worker=65536"
    "memorysetup-temp-allocator-size-cloud-worker=32768"
    "memorysetup-temp-allocator-size-gi-baking-worker=262144"
    "memorysetup-temp-allocator-size-gfx=262144"
Refreshing native plugins compatible for Editor in 133.13 ms, found 3 plugins.
Preloading 0 native plugins for Editor in 0.00 ms.
Initialize engine version: 2021.3.7f1 (24e8595d6d43)
[Subsystems] Discovering subsystems at path C:/Program Files/Unity/Hub/Editor/2021.3.7f1/Editor/Data/Resources/UnitySubsystems
[Subsystems] Discovering subsystems at path C:/Users/zbehr/OneDrive/Desktop/Kreetures/Kreetures3DSample/Assets
GfxDevice: creating device client; threaded=0; jobified=0
Direct3D:
    Version:  Direct3D 11.0 [level 11.1]
    Renderer: NVIDIA GeForce RTX 3060 Laptop GPU (ID=0x2520)
    Vendor:   NVIDIA
    VRAM:     6010 MB
    Driver:   31.0.15.4601
Initialize mono
Mono path[0] = 'C:/Program Files/Unity/Hub/Editor/2021.3.7f1/Editor/Data/Managed'
Mono path[1] = 'C:/Program Files/Unity/Hub/Editor/2021.3.7f1/Editor/Data/MonoBleedingEdge/lib/mono/unityjit-win32'
Mono config path = 'C:/Program Files/Unity/Hub/Editor/2021.3.7f1/Editor/Data/MonoBleedingEdge/etc'
Using monoOptions --debugger-agent=transport=dt_socket,embedding=1,server=y,suspend=n,address=127.0.0.1:56236
Begin MonoManager ReloadAssembly
Registering precompiled unity dll's ...
Register platform support module: C:/Program Files/Unity/Hub/Editor/2021.3.7f1/Editor/Data/PlaybackEngines/WebGLSupport/UnityEditor.WebGL.Extensions.dll
Register platform support module: C:/Program Files/Unity/Hub/Editor/2021.3.7f1/Editor/Data/PlaybackEngines/WindowsStandaloneSupport/UnityEditor.WindowsStandalone.Extensions.dll
Register platform support module: C:/Program Files/Unity/Hub/Editor/2021.3.7f1/Editor/Data/PlaybackEngines/MetroSupport/UnityEditor.UWP.Extensions.dll
Registered in 0.008711 seconds.
Native extension for UWP target not found
Native extension for WindowsStandalone target not found
Native extension for WebGL target not found
Refreshing native plugins compatible for Editor in 148.49 ms, found 3 plugins.
Preloading 0 native plugins for Editor in 0.00 ms.
Mono: successfully reloaded assembly
- Completed reload, in  0.718 seconds
Domain Reload Profiling:
	ReloadAssembly (718ms)
		BeginReloadAssembly (68ms)
			ExecutionOrderSort (0ms)
			DisableScriptedObjects (0ms)
			BackupInstance (0ms)
			ReleaseScriptingObjects (0ms)
			CreateAndSetChildDomain (1ms)
		EndReloadAssembly (545ms)
			LoadAssemblies (68ms)
			RebuildTransferFunctionScriptingTraits (0ms)
			SetupTypeCache (103ms)
			ReleaseScriptCaches (0ms)
			RebuildScriptCaches (29ms)
			SetupLoadedEditorAssemblies (363ms)
				LogAssemblyErrors (0ms)
				InitializePlatformSupportModulesInManaged (10ms)
				SetLoadedEditorAssemblies (0ms)
				RefreshPlugins (149ms)
				BeforeProcessingInitializeOnLoad (2ms)
				ProcessInitializeOnLoadAttributes (153ms)
				ProcessInitializeOnLoadMethodAttributes (49ms)
				AfterProcessingInitializeOnLoad (0ms)
				EditorAssembliesLoaded (0ms)
			ExecutionOrderSort2 (0ms)
			AwakeInstancesAfterBackupRestoration (0ms)
Platform modules already initialized, skipping
Registering precompiled user dll's ...
Registered in 0.011188 seconds.
Begin MonoManager ReloadAssembly
Symbol file LoadedFromMemory doesn't match image C:\Users\zbehr\OneDrive\Desktop\Kreetures\Kreetures3DSample\Library\PackageCache\com.unity.visualscripting@1.7.8\Editor\VisualScripting.Core\Dependencies\YamlDotNet\Unity.VisualScripting.YamlDotNet.dll
Symbol file LoadedFromMemory doesn't match image C:\Users\zbehr\OneDrive\Desktop\Kreetures\Kreetures3DSample\Library\PackageCache\com.unity.visualscripting@1.7.8\Editor\VisualScripting.Core\Dependencies\DotNetZip\Unity.VisualScripting.IonicZip.dll
Native extension for UWP target not found
Native extension for WindowsStandalone target not found
Native extension for WebGL target not found
Refreshing native plugins compatible for Editor in 158.57 ms, found 3 plugins.
Preloading 0 native plugins for Editor in 0.00 ms.
Mono: successfully reloaded assembly
- Completed reload, in  1.670 seconds
Domain Reload Profiling:
	ReloadAssembly (1671ms)
		BeginReloadAssembly (122ms)
			ExecutionOrderSort (0ms)
			DisableScriptedObjects (6ms)
			BackupInstance (0ms)
			ReleaseScriptingObjects (0ms)
			CreateAndSetChildDomain (22ms)
		EndReloadAssembly (1430ms)
			LoadAssemblies (129ms)
			RebuildTransferFunctionScriptingTraits (0ms)
			SetupTypeCache (311ms)
			ReleaseScriptCaches (1ms)
			RebuildScriptCaches (113ms)
			SetupLoadedEditorAssemblies (832ms)
				LogAssemblyErrors (0ms)
				InitializePlatformSupportModulesInManaged (7ms)
				SetLoadedEditorAssemblies (0ms)
				RefreshPlugins (159ms)
				BeforeProcessingInitializeOnLoad (119ms)
				ProcessInitializeOnLoadAttributes (461ms)
				ProcessInitializeOnLoadMethodAttributes (80ms)
				AfterProcessingInitializeOnLoad (7ms)
				EditorAssembliesLoaded (0ms)
			ExecutionOrderSort2 (0ms)
			AwakeInstancesAfterBackupRestoration (6ms)
Platform modules already initialized, skipping
========================================================================
Worker process is ready to serve import requests
Launched and connected shader compiler UnityShaderCompiler.exe after 0.10 seconds
Refreshing native plugins compatible for Editor in 2.49 ms, found 3 plugins.
Preloading 0 native plugins for Editor in 0.00 ms.
Unloading 6583 Unused Serialized files (Serialized files now loaded: 0)
Unloading 63 unused Assets / (2.4 MB). Loaded Objects now: 7055.
Memory consumption went from 332.9 MB to 330.6 MB.
Total: 7.670300 ms (FindLiveObjects: 0.487000 ms CreateObjectMapping: 0.418600 ms MarkObjects: 6.174800 ms  DeleteObjects: 0.588500 ms)

AssetImportParameters requested are different than current active one (requested -> active):
  custom:video-decoder-ogg-theora: a1e56fd34408186e4bbccfd4996cb3dc -> 
  custom:container-muxer-webm: aa71ff27fc2769a1b78a27578f13a17b -> 
  custom:container-demuxer-webm: 4f35f7cbe854078d1ac9338744f61a02 -> 
  custom:video-encoder-webm-vp8: eb34c28f22e8b96e1ab97ce403110664 -> 
  custom:audio-encoder-webm-vorbis: bf7c407c2cedff20999df2af8eb42d56 -> 
  custom:framework-win-MediaFoundation: 216162199b28c13a410421893ffa2e32 -> 
  custom:container-demuxer-ogg: 62fdf1f143b41e24485cea50d1cbac27 -> 
  custom:video-decoder-webm-vp8: 9c59270c3fd7afecdb556c50c9e8de78 -> 
  custom:audio-decoder-ogg-vorbis: bf7c407c2cedff20999df2af8eb42d56 -> 
========================================================================
Received Import Request.
  Time since last request: 322088.808957 seconds.
  path: Assets/Polyart/PolyartStudio/DreamscapeMeadows/Materials/Trees/M_TreeBirch_Bark.mat
  artifactKey: Guid(351c6850aa5620944bc0d683179b15d4) Importer(815301076,1909f56bfc062723c751e8b465ee728b)
Start importing Assets/Polyart/PolyartStudio/DreamscapeMeadows/Materials/Trees/M_TreeBirch_Bark.mat using Guid(351c6850aa5620944bc0d683179b15d4) Importer(815301076,1909f56bfc062723c751e8b465ee728b)  -> (artifact id: '28dea8a0ba6ea2da33afba3f470a1c50') in 0.445909 seconds 
========================================================================
Received Import Request.
  Time since last request: 0.000041 seconds.
  path: Assets/FlatKit/Demos/[Demo] Car/Car-Materials/Car-Materials-Set1/Car-Set1-Car1Plates.mat
  artifactKey: Guid(783e6eb0854334fc98fdba1a3f26ae1e) Importer(815301076,1909f56bfc062723c751e8b465ee728b)
Start importing Assets/FlatKit/Demos/[Demo] Car/Car-Materials/Car-Materials-Set1/Car-Set1-Car1Plates.mat using Guid(783e6eb0854334fc98fdba1a3f26ae1e) Importer(815301076,1909f56bfc062723c751e8b465ee728b)  -> (artifact id: 'cb9a11410819a065a892d131f91d439e') in 0.025941 seconds 
========================================================================
Received Import Request.
  Time since last request: 0.000042 seconds.
  path: Assets/Monsters Ultimate Pack 02 Cute Series/Bomb Cute Series/Materials/FX Spark Glow.mat
  artifactKey: Guid(09eb5112ab1affa418bf376d6f9028bd) Importer(815301076,1909f56bfc062723c751e8b465ee728b)
Start importing Assets/Monsters Ultimate Pack 02 Cute Series/Bomb Cute Series/Materials/FX Spark Glow.mat using Guid(09eb5112ab1affa418bf376d6f9028bd) Importer(815301076,1909f56bfc062723c751e8b465ee728b)  -> (artifact id: '758b537638ec7d17a9c65e2ef9bac181') in 0.246030 seconds 
========================================================================
Received Import Request.
  Time since last request: 0.000057 seconds.
  path: Assets/FlatKit/Demos/[Demo] Car/Car-Materials/Car-Materials-Set4/Car-Set4-Body1.mat
  artifactKey: Guid(feb9f756985704e9eb9b3f27d8d52723) Importer(815301076,1909f56bfc062723c751e8b465ee728b)
Start importing Assets/FlatKit/Demos/[Demo] Car/Car-Materials/Car-Materials-Set4/Car-Set4-Body1.mat using Guid(feb9f756985704e9eb9b3f27d8d52723) Importer(815301076,1909f56bfc062723c751e8b465ee728b)  -> (artifact id: 'c88eed04a8770ba29e489c13384cbdcb') in 0.033462 seconds 
========================================================================
Received Import Request.
  Time since last request: 0.000040 seconds.
  path: Assets/FlatKit/Demos/[Demo] Car/Car-Materials/Car-Materials-Set3/Car-Set3-CarBody1.mat
  artifactKey: Guid(728aacafaee3645e680e7acad3f9e0e9) Importer(815301076,1909f56bfc062723c751e8b465ee728b)
Start importing Assets/FlatKit/Demos/[Demo] Car/Car-Materials/Car-Materials-Set3/Car-Set3-CarBody1.mat using Guid(728aacafaee3645e680e7acad3f9e0e9) Importer(815301076,1909f56bfc062723c751e8b465ee728b)  -> (artifact id: '1e378dc8658179c52be09e1dada9c5ea') in 0.031338 seconds 
========================================================================
Received Import Request.
  Time since last request: 0.000051 seconds.
  path: Assets/FlatKit/PresetsShared/Materials/LacquerGray__StylSurf_Single_ExCel_Spec_Rim 1.mat
  artifactKey: Guid(eca77510b14ce49bd9069248e3037387) Importer(815301076,1909f56bfc062723c751e8b465ee728b)
Start importing Assets/FlatKit/PresetsShared/Materials/LacquerGray__StylSurf_Single_ExCel_Spec_Rim 1.mat using Guid(eca77510b14ce49bd9069248e3037387) Importer(815301076,1909f56bfc062723c751e8b465ee728b)  -> (artifact id: '804c2bdadffb90d821c32c004cc1c782') in 0.014672 seconds 
========================================================================
Received Import Request.
  Time since last request: 0.000034 seconds.
  path: Assets/Polyart/PolyartStudio/DreamscapeMeadows/Materials/Trees/M_TreeLarge_Leaves.mat
  artifactKey: Guid(256a7f8f4f010c545bf70c9bee77efde) Importer(815301076,1909f56bfc062723c751e8b465ee728b)
Start importing Assets/Polyart/PolyartStudio/DreamscapeMeadows/Materials/Trees/M_TreeLarge_Leaves.mat using Guid(256a7f8f4f010c545bf70c9bee77efde) Importer(815301076,1909f56bfc062723c751e8b465ee728b)  -> (artifact id: 'c8dda794887e7270dda3f3df43adaaa6') in 0.023805 seconds 
========================================================================
Received Import Request.
  Time since last request: 0.000035 seconds.
  path: Packages/com.unity.render-pipelines.core/Runtime/Debugging/Prefabs/Fonts/PerfectDOSVGA437.ttf
  artifactKey: Guid(74a5091d8707f334b9a5c31ef71a64ba) Importer(815301076,1909f56bfc062723c751e8b465ee728b)
Start importing Packages/com.unity.render-pipelines.core/Runtime/Debugging/Prefabs/Fonts/PerfectDOSVGA437.ttf using Guid(74a5091d8707f334b9a5c31ef71a64ba) Importer(815301076,1909f56bfc062723c751e8b465ee728b)  -> (artifact id: 'd31f5f5ed0fee3cf0ecb135a5acbb1ba') in 0.037433 seconds 
========================================================================
Received Import Request.
  Time since last request: 0.000039 seconds.
  path: Assets/FlatKit/Demos/[Demo] Car/Car-Materials/Car-Materials-Set5/Car-Set5-Tyres.mat
  artifactKey: Guid(b7f51a65744b04f47ab97ed9a82302dc) Importer(815301076,1909f56bfc062723c751e8b465ee728b)
Start importing Assets/FlatKit/Demos/[Demo] Car/Car-Materials/Car-Materials-Set5/Car-Set5-Tyres.mat using Guid(b7f51a65744b04f47ab97ed9a82302dc) Importer(815301076,1909f56bfc062723c751e8b465ee728b)  -> (artifact id: '5dbecbc282654ec16ab2c90c34d68407') in 0.029689 seconds 
========================================================================
Received Import Request.
  Time since last request: 0.000056 seconds.
  path: Assets/FlatKit/Demos/[Demo] IslandWithTrees/IslandWithTrees-Materials/IslandWithTrees-Pine3.mat
  artifactKey: Guid(a26c6b1c537d54074886286a602d0776) Importer(815301076,1909f56bfc062723c751e8b465ee728b)
Start importing Assets/FlatKit/Demos/[Demo] IslandWithTrees/IslandWithTrees-Materials/IslandWithTrees-Pine3.mat using Guid(a26c6b1c537d54074886286a602d0776) Importer(815301076,1909f56bfc062723c751e8b465ee728b)  -> (artifact id: 'f336567c50c0408f532b64a4c7dfa690') in 0.476917 seconds 
========================================================================
Received Import Request.
  Time since last request: 0.000032 seconds.
  path: Assets/FlatKit/Demos/[Demo] Car/Car-Materials/Car-Materials-Set2/Car-Set2-Car4Body-2.mat
  artifactKey: Guid(27ce3a584d6484f8fbe43fafe9ba00f5) Importer(815301076,1909f56bfc062723c751e8b465ee728b)
Start importing Assets/FlatKit/Demos/[Demo] Car/Car-Materials/Car-Materials-Set2/Car-Set2-Car4Body-2.mat using Guid(27ce3a584d6484f8fbe43fafe9ba00f5) Importer(815301076,1909f56bfc062723c751e8b465ee728b)  -> (artifact id: 'ba9229fc187b458bb1a427ad1a747c98') in 0.020322 seconds 
========================================================================
Received Import Request.
  Time since last request: 0.000059 seconds.
  path: Assets/FlatKit/Demos/[Demo] Room/Room-Materials/Color6.mat
  artifactKey: Guid(c0870a54e466749628ef4e2adc1a6221) Importer(815301076,1909f56bfc062723c751e8b465ee728b)
Start importing Assets/FlatKit/Demos/[Demo] Room/Room-Materials/Color6.mat using Guid(c0870a54e466749628ef4e2adc1a6221) Importer(815301076,1909f56bfc062723c751e8b465ee728b)  -> (artifact id: '70d0b5abbc04448d8e9a4b78a2a277aa') in 0.021496 seconds 
========================================================================
Received Import Request.
  Time since last request: 0.000032 seconds.
  path: Assets/Handpainted_Grass_and_Ground_Textures/Demo/Materials/Grass_swamp_dark.mat
  artifactKey: Guid(5c8f7163468315a498a8687a4245eb69) Importer(815301076,1909f56bfc062723c751e8b465ee728b)
Start importing Assets/Handpainted_Grass_and_Ground_Textures/Demo/Materials/Grass_swamp_dark.mat using Guid(5c8f7163468315a498a8687a4245eb69) Importer(815301076,1909f56bfc062723c751e8b465ee728b)  -> (artifact id: '4be3578c63f8267dc8b0692b2b57e909') in 0.024923 seconds 
========================================================================
Received Import Request.
  Time since last request: 0.000039 seconds.
  path: Assets/FlatKit/PresetsShared/Materials/DarkPaleWhiteRim__StylSurf_Single_Rim.mat
  artifactKey: Guid(1de9f01c7ba864c0487f9e7a3be4e645) Importer(815301076,1909f56bfc062723c751e8b465ee728b)
Start importing Assets/FlatKit/PresetsShared/Materials/DarkPaleWhiteRim__StylSurf_Single_Rim.mat using Guid(1de9f01c7ba864c0487f9e7a3be4e645) Importer(815301076,1909f56bfc062723c751e8b465ee728b)  -> (artifact id: 'c640f72b9796b77d1eb47370fee770a9') in 0.029411 seconds 
========================================================================
Received Import Request.
  Time since last request: 0.000030 seconds.
  path: Assets/Handpainted_Grass_and_Ground_Textures/Demo/Materials/Grass_swamp_lighted.mat
  artifactKey: Guid(09de5348e0100834d9b7996eb5e976bb) Importer(815301076,1909f56bfc062723c751e8b465ee728b)
Start importing Assets/Handpainted_Grass_and_Ground_Textures/Demo/Materials/Grass_swamp_lighted.mat using Guid(09de5348e0100834d9b7996eb5e976bb) Importer(815301076,1909f56bfc062723c751e8b465ee728b)  -> (artifact id: 'f8a7134d8dca0624a0b643720c5d77a5') in 0.021698 seconds 
========================================================================
Received Import Request.
  Time since last request: 0.000033 seconds.
  path: Packages/com.unity.visualeffectgraph/Editor/Templates/SimpleParticleSystem.vfx
  artifactKey: Guid(a8d8823499ff50847aa460cb119c445d) Importer(815301076,1909f56bfc062723c751e8b465ee728b)
Start importing Packages/com.unity.visualeffectgraph/Editor/Templates/SimpleParticleSystem.vfx using Guid(a8d8823499ff50847aa460cb119c445d) Importer(815301076,1909f56bfc062723c751e8b465ee728b)  -> (artifact id: '815e51f70b13df060b6b490dcc9f40b5') in 0.169207 seconds 
========================================================================
Received Import Request.
  Time since last request: 0.000030 seconds.
  path: Packages/com.unity.searcher/Editor/Resources/FlatSkin/Font/Roboto-LightItalic.ttf
  artifactKey: Guid(5e63515167650a541b309ba3bfd4db3d) Importer(815301076,1909f56bfc062723c751e8b465ee728b)
Start importing Packages/com.unity.searcher/Editor/Resources/FlatSkin/Font/Roboto-LightItalic.ttf using Guid(5e63515167650a541b309ba3bfd4db3d) Importer(815301076,1909f56bfc062723c751e8b465ee728b)  -> (artifact id: '42434e4ecea136f80dec803ef709a67c') in 0.019836 seconds 
========================================================================
Received Import Request.
  Time since last request: 0.000040 seconds.
  path: Assets/FlatKit/Demos/[Demo] Car/Car-Materials/Car-Materials-Set4/Car-Set4-Plane.mat
  artifactKey: Guid(75881e6aafc62438eb6247479071c5bb) Importer(815301076,1909f56bfc062723c751e8b465ee728b)
Start importing Assets/FlatKit/Demos/[Demo] Car/Car-Materials/Car-Materials-Set4/Car-Set4-Plane.mat using Guid(75881e6aafc62438eb6247479071c5bb) Importer(815301076,1909f56bfc062723c751e8b465ee728b)  -> (artifact id: '039df2bb2e31f761708bd968b426d71b') in 0.444611 seconds 
========================================================================
Received Import Request.
  Time since last request: 0.000034 seconds.
  path: Assets/FlatKit/Demos/[Demo] IslandWithTrees/IslandWithTrees-Materials/IslandWithTrees-GrassIsles.mat
  artifactKey: Guid(c7f074556bea848c58544e11c2fcc5a1) Importer(815301076,1909f56bfc062723c751e8b465ee728b)
Start importing Assets/FlatKit/Demos/[Demo] IslandWithTrees/IslandWithTrees-Materials/IslandWithTrees-GrassIsles.mat using Guid(c7f074556bea848c58544e11c2fcc5a1) Importer(815301076,1909f56bfc062723c751e8b465ee728b)  -> (artifact id: '50374d53814a0d25d9db0515a223b6f1') in 0.034859 seconds 
========================================================================
Received Import Request.
  Time since last request: 0.000066 seconds.
  path: Packages/com.unity.searcher/Editor/Resources/FlatSkin/Font/Roboto-Regular.ttf
  artifactKey: Guid(30dc370b164eefc43b95744fc796dad0) Importer(815301076,1909f56bfc062723c751e8b465ee728b)
Start importing Packages/com.unity.searcher/Editor/Resources/FlatSkin/Font/Roboto-Regular.ttf using Guid(30dc370b164eefc43b95744fc796dad0) Importer(815301076,1909f56bfc062723c751e8b465ee728b)  -> (artifact id: '8554eee43ef71367237dfb6fbf2fcadd') in 0.021339 seconds 
========================================================================
Received Import Request.
  Time since last request: 0.000028 seconds.
  path: Assets/FlatKit/Demos/[Demo] IslandWithTrees/IslandWithTrees-Materials/IslandWithTrees-Skybox.mat
  artifactKey: Guid(d85e7efb5873b46baaeac8b037853da1) Importer(815301076,1909f56bfc062723c751e8b465ee728b)
Start importing Assets/FlatKit/Demos/[Demo] IslandWithTrees/IslandWithTrees-Materials/IslandWithTrees-Skybox.mat using Guid(d85e7efb5873b46baaeac8b037853da1) Importer(815301076,1909f56bfc062723c751e8b465ee728b)  -> (artifact id: 'ccb22a3fdc90b7ca3867e51041ffd468') in 0.019072 seconds 
========================================================================
Received Import Request.
  Time since last request: 0.000045 seconds.
  path: Assets/Layer Lab/GUI Kit - Casual Fantasy/ResourcesData/Fonts/TMP_LINESeedSans_Outline.asset
  artifactKey: Guid(38987ba59a373409cb94ae65d23e4b49) Importer(815301076,1909f56bfc062723c751e8b465ee728b)
Start importing Assets/Layer Lab/GUI Kit - Casual Fantasy/ResourcesData/Fonts/TMP_LINESeedSans_Outline.asset using Guid(38987ba59a373409cb94ae65d23e4b49) Importer(815301076,1909f56bfc062723c751e8b465ee728b)  -> (artifact id: '83a00fbf0563f5e1125c62bad13af919') in 0.058004 seconds 
========================================================================
Received Import Request.
  Time since last request: 0.000043 seconds.
  path: Assets/FlatKit/Demos/[Demo] Car/Car-Materials/Car-Materials-Set2/Car-Set2-CarChrome.mat
  artifactKey: Guid(98ace95fdea3d47099b06b6cdd5fd630) Importer(815301076,1909f56bfc062723c751e8b465ee728b)
Start importing Assets/FlatKit/Demos/[Demo] Car/Car-Materials/Car-Materials-Set2/Car-Set2-CarChrome.mat using Guid(98ace95fdea3d47099b06b6cdd5fd630) Importer(815301076,1909f56bfc062723c751e8b465ee728b)  -> (artifact id: '703dd85f5dc51c67640d6ba2d01013a7') in 0.017220 seconds 
========================================================================
Received Import Request.
  Time since last request: 0.000023 seconds.
  path: Assets/FlatKit/Demos/[Demo] Valley/Valley-Materials/FlatTerrain-TerrainShader.mat
  artifactKey: Guid(a79e530177dbca84baa81584a662ffda) Importer(815301076,1909f56bfc062723c751e8b465ee728b)
Start importing Assets/FlatKit/Demos/[Demo] Valley/Valley-Materials/FlatTerrain-TerrainShader.mat using Guid(a79e530177dbca84baa81584a662ffda) Importer(815301076,1909f56bfc062723c751e8b465ee728b)  -> (artifact id: '28d1baab69852404222697e7880f560e') in 0.491078 seconds 
Editor requested this worker to shutdown with reason: Scaling down because of idle timeout
AssetImportWorker is now disconnected from the server
Process exiting
Exiting without the bug reporter. Application will terminate with return code 0