Using pre-set license
Built from '2021.3/staging' branch; Version is '2021.3.7f1 (24e8595d6d43) revision 2418777'; Using compiler version '192829333'; Build Type 'Release'
OS: 'Windows 11  (10.0.22631) 64bit Core' Language: 'en' Physical Memory: 16084 MB
BatchMode: 1, IsHumanControllingUs: 0, StartBugReporterOnCrash: 0, Is64bit: 1, IsPro: 1

COMMAND LINE ARGUMENTS:
C:\Program Files\Unity\Hub\Editor\2021.3.7f1\Editor\Unity.exe
-adb2
-batchMode
-noUpm
-name
AssetImportWorker4
-projectPath
C:/Users/zbehr/OneDrive/Desktop/Kreetures/Kreetures3DSample
-logFile
Logs/AssetImportWorker4.log
-srvPort
61369
Successfully changed project path to: C:/Users/zbehr/OneDrive/Desktop/Kreetures/Kreetures3DSample
C:/Users/zbehr/OneDrive/Desktop/Kreetures/Kreetures3DSample
[UnityMemory] Configuration Parameters - Can be set up in boot.config
    "memorysetup-bucket-allocator-granularity=16"
    "memorysetup-bucket-allocator-bucket-count=8"
    "memorysetup-bucket-allocator-block-size=33554432"
    "memorysetup-bucket-allocator-block-count=8"
    "memorysetup-main-allocator-block-size=16777216"
    "memorysetup-thread-allocator-block-size=16777216"
    "memorysetup-gfx-main-allocator-block-size=16777216"
    "memorysetup-gfx-thread-allocator-block-size=16777216"
    "memorysetup-cache-allocator-block-size=4194304"
    "memorysetup-typetree-allocator-block-size=2097152"
    "memorysetup-profiler-bucket-allocator-granularity=16"
    "memorysetup-profiler-bucket-allocator-bucket-count=8"
    "memorysetup-profiler-bucket-allocator-block-size=33554432"
    "memorysetup-profiler-bucket-allocator-block-count=8"
    "memorysetup-profiler-allocator-block-size=16777216"
    "memorysetup-profiler-editor-allocator-block-size=1048576"
    "memorysetup-temp-allocator-size-main=16777216"
    "memorysetup-job-temp-allocator-block-size=2097152"
    "memorysetup-job-temp-allocator-block-size-background=1048576"
    "memorysetup-job-temp-allocator-reduction-small-platforms=262144"
    "memorysetup-temp-allocator-size-background-worker=32768"
    "memorysetup-temp-allocator-size-job-worker=262144"
    "memorysetup-temp-allocator-size-preload-manager=33554432"
    "memorysetup-temp-allocator-size-nav-mesh-worker=65536"
    "memorysetup-temp-allocator-size-audio-worker=65536"
    "memorysetup-temp-allocator-size-cloud-worker=32768"
    "memorysetup-temp-allocator-size-gi-baking-worker=262144"
    "memorysetup-temp-allocator-size-gfx=262144"
Refreshing native plugins compatible for Editor in 163.88 ms, found 3 plugins.
Preloading 0 native plugins for Editor in 0.00 ms.
Initialize engine version: 2021.3.7f1 (24e8595d6d43)
[Subsystems] Discovering subsystems at path C:/Program Files/Unity/Hub/Editor/2021.3.7f1/Editor/Data/Resources/UnitySubsystems
[Subsystems] Discovering subsystems at path C:/Users/zbehr/OneDrive/Desktop/Kreetures/Kreetures3DSample/Assets
GfxDevice: creating device client; threaded=0; jobified=0
Direct3D:
    Version:  Direct3D 11.0 [level 11.1]
    Renderer: NVIDIA GeForce RTX 3060 Laptop GPU (ID=0x2520)
    Vendor:   NVIDIA
    VRAM:     6010 MB
    Driver:   31.0.15.4601
Initialize mono
Mono path[0] = 'C:/Program Files/Unity/Hub/Editor/2021.3.7f1/Editor/Data/Managed'
Mono path[1] = 'C:/Program Files/Unity/Hub/Editor/2021.3.7f1/Editor/Data/MonoBleedingEdge/lib/mono/unityjit-win32'
Mono config path = 'C:/Program Files/Unity/Hub/Editor/2021.3.7f1/Editor/Data/MonoBleedingEdge/etc'
Using monoOptions --debugger-agent=transport=dt_socket,embedding=1,server=y,suspend=n,address=127.0.0.1:56900
Begin MonoManager ReloadAssembly
Registering precompiled unity dll's ...
Register platform support module: C:/Program Files/Unity/Hub/Editor/2021.3.7f1/Editor/Data/PlaybackEngines/WebGLSupport/UnityEditor.WebGL.Extensions.dll
Register platform support module: C:/Program Files/Unity/Hub/Editor/2021.3.7f1/Editor/Data/PlaybackEngines/WindowsStandaloneSupport/UnityEditor.WindowsStandalone.Extensions.dll
Register platform support module: C:/Program Files/Unity/Hub/Editor/2021.3.7f1/Editor/Data/PlaybackEngines/MetroSupport/UnityEditor.UWP.Extensions.dll
Registered in 0.015098 seconds.
Native extension for UWP target not found
Native extension for WindowsStandalone target not found
Native extension for WebGL target not found
Refreshing native plugins compatible for Editor in 140.37 ms, found 3 plugins.
Preloading 0 native plugins for Editor in 0.00 ms.
Mono: successfully reloaded assembly
- Completed reload, in  0.765 seconds
Domain Reload Profiling:
	ReloadAssembly (766ms)
		BeginReloadAssembly (150ms)
			ExecutionOrderSort (0ms)
			DisableScriptedObjects (0ms)
			BackupInstance (0ms)
			ReleaseScriptingObjects (0ms)
			CreateAndSetChildDomain (1ms)
		EndReloadAssembly (502ms)
			LoadAssemblies (150ms)
			RebuildTransferFunctionScriptingTraits (0ms)
			SetupTypeCache (101ms)
			ReleaseScriptCaches (0ms)
			RebuildScriptCaches (32ms)
			SetupLoadedEditorAssemblies (316ms)
				LogAssemblyErrors (0ms)
				InitializePlatformSupportModulesInManaged (12ms)
				SetLoadedEditorAssemblies (0ms)
				RefreshPlugins (140ms)
				BeforeProcessingInitializeOnLoad (1ms)
				ProcessInitializeOnLoadAttributes (122ms)
				ProcessInitializeOnLoadMethodAttributes (40ms)
				AfterProcessingInitializeOnLoad (0ms)
				EditorAssembliesLoaded (0ms)
			ExecutionOrderSort2 (0ms)
			AwakeInstancesAfterBackupRestoration (0ms)
Platform modules already initialized, skipping
Registering precompiled user dll's ...
Registered in 0.069892 seconds.
Begin MonoManager ReloadAssembly
Symbol file LoadedFromMemory doesn't match image C:\Users\zbehr\OneDrive\Desktop\Kreetures\Kreetures3DSample\Library\PackageCache\com.unity.visualscripting@1.7.8\Editor\VisualScripting.Core\Dependencies\YamlDotNet\Unity.VisualScripting.YamlDotNet.dll
Symbol file LoadedFromMemory doesn't match image C:\Users\zbehr\OneDrive\Desktop\Kreetures\Kreetures3DSample\Library\PackageCache\com.unity.visualscripting@1.7.8\Editor\VisualScripting.Core\Dependencies\DotNetZip\Unity.VisualScripting.IonicZip.dll
Native extension for UWP target not found
Native extension for WindowsStandalone target not found
Native extension for WebGL target not found
Refreshing native plugins compatible for Editor in 134.77 ms, found 3 plugins.
Preloading 0 native plugins for Editor in 0.00 ms.
Mono: successfully reloaded assembly
- Completed reload, in  2.075 seconds
Domain Reload Profiling:
	ReloadAssembly (2076ms)
		BeginReloadAssembly (209ms)
			ExecutionOrderSort (0ms)
			DisableScriptedObjects (7ms)
			BackupInstance (0ms)
			ReleaseScriptingObjects (0ms)
			CreateAndSetChildDomain (20ms)
		EndReloadAssembly (1762ms)
			LoadAssemblies (430ms)
			RebuildTransferFunctionScriptingTraits (0ms)
			SetupTypeCache (307ms)
			ReleaseScriptCaches (1ms)
			RebuildScriptCaches (113ms)
			SetupLoadedEditorAssemblies (963ms)
				LogAssemblyErrors (0ms)
				InitializePlatformSupportModulesInManaged (6ms)
				SetLoadedEditorAssemblies (0ms)
				RefreshPlugins (135ms)
				BeforeProcessingInitializeOnLoad (113ms)
				ProcessInitializeOnLoadAttributes (624ms)
				ProcessInitializeOnLoadMethodAttributes (78ms)
				AfterProcessingInitializeOnLoad (7ms)
				EditorAssembliesLoaded (0ms)
			ExecutionOrderSort2 (0ms)
			AwakeInstancesAfterBackupRestoration (7ms)
Platform modules already initialized, skipping
========================================================================
Worker process is ready to serve import requests
Launched and connected shader compiler UnityShaderCompiler.exe after 0.10 seconds
Refreshing native plugins compatible for Editor in 1.70 ms, found 3 plugins.
Preloading 0 native plugins for Editor in 0.00 ms.
Unloading 6596 Unused Serialized files (Serialized files now loaded: 0)
Unloading 63 unused Assets / (2.4 MB). Loaded Objects now: 7068.
Memory consumption went from 333.3 MB to 330.9 MB.
Total: 4.572400 ms (FindLiveObjects: 0.365300 ms CreateObjectMapping: 0.256400 ms MarkObjects: 3.526400 ms  DeleteObjects: 0.422400 ms)

AssetImportParameters requested are different than current active one (requested -> active):
  custom:video-decoder-ogg-theora: a1e56fd34408186e4bbccfd4996cb3dc -> 
  custom:container-muxer-webm: aa71ff27fc2769a1b78a27578f13a17b -> 
  custom:container-demuxer-webm: 4f35f7cbe854078d1ac9338744f61a02 -> 
  custom:video-encoder-webm-vp8: eb34c28f22e8b96e1ab97ce403110664 -> 
  custom:audio-encoder-webm-vorbis: bf7c407c2cedff20999df2af8eb42d56 -> 
  custom:framework-win-MediaFoundation: 216162199b28c13a410421893ffa2e32 -> 
  custom:container-demuxer-ogg: 62fdf1f143b41e24485cea50d1cbac27 -> 
  custom:video-decoder-webm-vp8: 9c59270c3fd7afecdb556c50c9e8de78 -> 
  custom:audio-decoder-ogg-vorbis: bf7c407c2cedff20999df2af8eb42d56 -> 
========================================================================
Received Import Request.
  Time since last request: 1269461.691898 seconds.
  path: Assets/Resources/Items/EvolutionItems/Water Inhibitor.asset
  artifactKey: Guid(370bcc41d43229f4fa82dd70c7b2b0d8) Importer(815301076,1909f56bfc062723c751e8b465ee728b)
Start importing Assets/Resources/Items/EvolutionItems/Water Inhibitor.asset using Guid(370bcc41d43229f4fa82dd70c7b2b0d8) Importer(815301076,1909f56bfc062723c751e8b465ee728b)  -> (artifact id: '6fcb9dd2aff58b1e18f154eea9722b90') in 0.574400 seconds 
========================================================================
Received Prepare
Registering precompiled user dll's ...
Registered in 0.012910 seconds.
Begin MonoManager ReloadAssembly
Symbol file LoadedFromMemory doesn't match image C:\Users\zbehr\OneDrive\Desktop\Kreetures\Kreetures3DSample\Library\PackageCache\com.unity.visualscripting@1.7.8\Editor\VisualScripting.Core\Dependencies\YamlDotNet\Unity.VisualScripting.YamlDotNet.dll
Symbol file LoadedFromMemory doesn't match image C:\Users\zbehr\OneDrive\Desktop\Kreetures\Kreetures3DSample\Library\PackageCache\com.unity.visualscripting@1.7.8\Editor\VisualScripting.Core\Dependencies\DotNetZip\Unity.VisualScripting.IonicZip.dll
Native extension for UWP target not found
Native extension for WindowsStandalone target not found
Native extension for WebGL target not found
Refreshing native plugins compatible for Editor in 3.19 ms, found 3 plugins.
Preloading 0 native plugins for Editor in 0.00 ms.
[FlatKit] Example Renderer is missing RendererFeatures
This could be due to missing scripts or compile error.
UnityEngine.StackTraceUtility:ExtractStackTrace ()
UnityEngine.DebugLogHandler:LogFormat (UnityEngine.LogType,UnityEngine.Object,string,object[])
UnityEngine.Logger:Log (UnityEngine.LogType,object,UnityEngine.Object)
UnityEngine.Debug:LogError (object,UnityEngine.Object)
UnityEngine.Rendering.Universal.ScriptableRendererData:ValidateRendererFeatures () (at Library/PackageCache/com.unity.render-pipelines.universal@12.1.7/Runtime/ScriptableRendererData.cs:181)
UnityEngine.Rendering.Universal.ScriptableRendererData:OnValidate () (at Library/PackageCache/com.unity.render-pipelines.universal@12.1.7/Runtime/ScriptableRendererData.cs:76)
UnityEngine.Rendering.Universal.UniversalRendererData:OnValidate () (at Library/PackageCache/com.unity.render-pipelines.universal@12.1.7/Runtime/UniversalRendererData.cs:242)

(Filename: Library/PackageCache/com.unity.render-pipelines.universal@12.1.7/Runtime/ScriptableRendererData.cs Line: 181)

Mono: successfully reloaded assembly
- Completed reload, in  2.074 seconds
Domain Reload Profiling:
	ReloadAssembly (2076ms)
		BeginReloadAssembly (542ms)
			ExecutionOrderSort (0ms)
			DisableScriptedObjects (27ms)
			BackupInstance (0ms)
			ReleaseScriptingObjects (1ms)
			CreateAndSetChildDomain (274ms)
		EndReloadAssembly (1429ms)
			LoadAssemblies (130ms)
			RebuildTransferFunctionScriptingTraits (0ms)
			SetupTypeCache (348ms)
			ReleaseScriptCaches (3ms)
			RebuildScriptCaches (69ms)
			SetupLoadedEditorAssemblies (807ms)
				LogAssemblyErrors (0ms)
				InitializePlatformSupportModulesInManaged (20ms)
				SetLoadedEditorAssemblies (1ms)
				RefreshPlugins (3ms)
				BeforeProcessingInitializeOnLoad (158ms)
				ProcessInitializeOnLoadAttributes (499ms)
				ProcessInitializeOnLoadMethodAttributes (119ms)
				AfterProcessingInitializeOnLoad (6ms)
				EditorAssembliesLoaded (0ms)
			ExecutionOrderSort2 (0ms)
			AwakeInstancesAfterBackupRestoration (21ms)
Platform modules already initialized, skipping
Refreshing native plugins compatible for Editor in 5.87 ms, found 3 plugins.
Preloading 0 native plugins for Editor in 0.00 ms.
Unloading 6379 Unused Serialized files (Serialized files now loaded: 0)
Unloading 46 unused Assets / (2.3 MB). Loaded Objects now: 7079.
Memory consumption went from 323.8 MB to 321.5 MB.
Total: 12.764500 ms (FindLiveObjects: 0.350100 ms CreateObjectMapping: 0.448100 ms MarkObjects: 11.397000 ms  DeleteObjects: 0.567000 ms)

AssetImportParameters requested are different than current active one (requested -> active):
  custom:video-decoder-ogg-theora: a1e56fd34408186e4bbccfd4996cb3dc -> 
  custom:container-muxer-webm: aa71ff27fc2769a1b78a27578f13a17b -> 
  custom:container-demuxer-webm: 4f35f7cbe854078d1ac9338744f61a02 -> 
  custom:video-encoder-webm-vp8: eb34c28f22e8b96e1ab97ce403110664 -> 
  custom:audio-encoder-webm-vorbis: bf7c407c2cedff20999df2af8eb42d56 -> 
  custom:framework-win-MediaFoundation: 216162199b28c13a410421893ffa2e32 -> 
  custom:container-demuxer-ogg: 62fdf1f143b41e24485cea50d1cbac27 -> 
  custom:video-decoder-webm-vp8: 9c59270c3fd7afecdb556c50c9e8de78 -> 
  custom:audio-decoder-ogg-vorbis: bf7c407c2cedff20999df2af8eb42d56 -> 
========================================================================
Received Prepare
Registering precompiled user dll's ...
Registered in 0.009172 seconds.
Begin MonoManager ReloadAssembly
Symbol file LoadedFromMemory doesn't match image C:\Users\zbehr\OneDrive\Desktop\Kreetures\Kreetures3DSample\Library\PackageCache\com.unity.visualscripting@1.7.8\Editor\VisualScripting.Core\Dependencies\YamlDotNet\Unity.VisualScripting.YamlDotNet.dll
Symbol file LoadedFromMemory doesn't match image C:\Users\zbehr\OneDrive\Desktop\Kreetures\Kreetures3DSample\Library\PackageCache\com.unity.visualscripting@1.7.8\Editor\VisualScripting.Core\Dependencies\DotNetZip\Unity.VisualScripting.IonicZip.dll
Native extension for UWP target not found
Native extension for WindowsStandalone target not found
Native extension for WebGL target not found
Refreshing native plugins compatible for Editor in 1.08 ms, found 3 plugins.
Preloading 0 native plugins for Editor in 0.00 ms.
[FlatKit] Example Renderer is missing RendererFeatures
This could be due to missing scripts or compile error.
UnityEngine.StackTraceUtility:ExtractStackTrace ()
UnityEngine.DebugLogHandler:LogFormat (UnityEngine.LogType,UnityEngine.Object,string,object[])
UnityEngine.Logger:Log (UnityEngine.LogType,object,UnityEngine.Object)
UnityEngine.Debug:LogError (object,UnityEngine.Object)
UnityEngine.Rendering.Universal.ScriptableRendererData:ValidateRendererFeatures () (at Library/PackageCache/com.unity.render-pipelines.universal@12.1.7/Runtime/ScriptableRendererData.cs:181)
UnityEngine.Rendering.Universal.ScriptableRendererData:OnValidate () (at Library/PackageCache/com.unity.render-pipelines.universal@12.1.7/Runtime/ScriptableRendererData.cs:76)
UnityEngine.Rendering.Universal.UniversalRendererData:OnValidate () (at Library/PackageCache/com.unity.render-pipelines.universal@12.1.7/Runtime/UniversalRendererData.cs:242)

(Filename: Library/PackageCache/com.unity.render-pipelines.universal@12.1.7/Runtime/ScriptableRendererData.cs Line: 181)

Mono: successfully reloaded assembly
- Completed reload, in  1.328 seconds
Domain Reload Profiling:
	ReloadAssembly (1329ms)
		BeginReloadAssembly (173ms)
			ExecutionOrderSort (0ms)
			DisableScriptedObjects (3ms)
			BackupInstance (0ms)
			ReleaseScriptingObjects (0ms)
			CreateAndSetChildDomain (42ms)
		EndReloadAssembly (1071ms)
			LoadAssemblies (227ms)
			RebuildTransferFunctionScriptingTraits (0ms)
			SetupTypeCache (260ms)
			ReleaseScriptCaches (2ms)
			RebuildScriptCaches (66ms)
			SetupLoadedEditorAssemblies (496ms)
				LogAssemblyErrors (0ms)
				InitializePlatformSupportModulesInManaged (12ms)
				SetLoadedEditorAssemblies (0ms)
				RefreshPlugins (1ms)
				BeforeProcessingInitializeOnLoad (94ms)
				ProcessInitializeOnLoadAttributes (317ms)
				ProcessInitializeOnLoadMethodAttributes (65ms)
				AfterProcessingInitializeOnLoad (6ms)
				EditorAssembliesLoaded (0ms)
			ExecutionOrderSort2 (0ms)
			AwakeInstancesAfterBackupRestoration (25ms)
Platform modules already initialized, skipping
Refreshing native plugins compatible for Editor in 5.87 ms, found 3 plugins.
Preloading 0 native plugins for Editor in 0.00 ms.
Unloading 6379 Unused Serialized files (Serialized files now loaded: 0)
Unloading 42 unused Assets / (2.3 MB). Loaded Objects now: 7094.
Memory consumption went from 323.8 MB to 321.5 MB.
Total: 3.599200 ms (FindLiveObjects: 0.354100 ms CreateObjectMapping: 0.242400 ms MarkObjects: 2.568200 ms  DeleteObjects: 0.433200 ms)

AssetImportParameters requested are different than current active one (requested -> active):
  custom:video-decoder-ogg-theora: a1e56fd34408186e4bbccfd4996cb3dc -> 
  custom:container-muxer-webm: aa71ff27fc2769a1b78a27578f13a17b -> 
  custom:container-demuxer-webm: 4f35f7cbe854078d1ac9338744f61a02 -> 
  custom:video-encoder-webm-vp8: eb34c28f22e8b96e1ab97ce403110664 -> 
  custom:audio-encoder-webm-vorbis: bf7c407c2cedff20999df2af8eb42d56 -> 
  custom:framework-win-MediaFoundation: 216162199b28c13a410421893ffa2e32 -> 
  custom:container-demuxer-ogg: 62fdf1f143b41e24485cea50d1cbac27 -> 
  custom:video-decoder-webm-vp8: 9c59270c3fd7afecdb556c50c9e8de78 -> 
  custom:audio-decoder-ogg-vorbis: bf7c407c2cedff20999df2af8eb42d56 -> 
========================================================================
Received Prepare
Registering precompiled user dll's ...
Registered in 0.006930 seconds.
Begin MonoManager ReloadAssembly
Symbol file LoadedFromMemory doesn't match image C:\Users\zbehr\OneDrive\Desktop\Kreetures\Kreetures3DSample\Library\PackageCache\com.unity.visualscripting@1.7.8\Editor\VisualScripting.Core\Dependencies\YamlDotNet\Unity.VisualScripting.YamlDotNet.dll
Symbol file LoadedFromMemory doesn't match image C:\Users\zbehr\OneDrive\Desktop\Kreetures\Kreetures3DSample\Library\PackageCache\com.unity.visualscripting@1.7.8\Editor\VisualScripting.Core\Dependencies\DotNetZip\Unity.VisualScripting.IonicZip.dll
Native extension for UWP target not found
Native extension for WindowsStandalone target not found
Native extension for WebGL target not found
Refreshing native plugins compatible for Editor in 1.15 ms, found 3 plugins.
Preloading 0 native plugins for Editor in 0.00 ms.
[FlatKit] Example Renderer is missing RendererFeatures
This could be due to missing scripts or compile error.
UnityEngine.StackTraceUtility:ExtractStackTrace ()
UnityEngine.DebugLogHandler:LogFormat (UnityEngine.LogType,UnityEngine.Object,string,object[])
UnityEngine.Logger:Log (UnityEngine.LogType,object,UnityEngine.Object)
UnityEngine.Debug:LogError (object,UnityEngine.Object)
UnityEngine.Rendering.Universal.ScriptableRendererData:ValidateRendererFeatures () (at Library/PackageCache/com.unity.render-pipelines.universal@12.1.7/Runtime/ScriptableRendererData.cs:181)
UnityEngine.Rendering.Universal.ScriptableRendererData:OnValidate () (at Library/PackageCache/com.unity.render-pipelines.universal@12.1.7/Runtime/ScriptableRendererData.cs:76)
UnityEngine.Rendering.Universal.UniversalRendererData:OnValidate () (at Library/PackageCache/com.unity.render-pipelines.universal@12.1.7/Runtime/UniversalRendererData.cs:242)

(Filename: Library/PackageCache/com.unity.render-pipelines.universal@12.1.7/Runtime/ScriptableRendererData.cs Line: 181)

Mono: successfully reloaded assembly
- Completed reload, in  1.278 seconds
Domain Reload Profiling:
	ReloadAssembly (1279ms)
		BeginReloadAssembly (184ms)
			ExecutionOrderSort (0ms)
			DisableScriptedObjects (4ms)
			BackupInstance (0ms)
			ReleaseScriptingObjects (0ms)
			CreateAndSetChildDomain (51ms)
		EndReloadAssembly (1014ms)
			LoadAssemblies (217ms)
			RebuildTransferFunctionScriptingTraits (0ms)
			SetupTypeCache (248ms)
			ReleaseScriptCaches (2ms)
			RebuildScriptCaches (62ms)
			SetupLoadedEditorAssemblies (468ms)
				LogAssemblyErrors (0ms)
				InitializePlatformSupportModulesInManaged (14ms)
				SetLoadedEditorAssemblies (0ms)
				RefreshPlugins (1ms)
				BeforeProcessingInitializeOnLoad (84ms)
				ProcessInitializeOnLoadAttributes (301ms)
				ProcessInitializeOnLoadMethodAttributes (61ms)
				AfterProcessingInitializeOnLoad (6ms)
				EditorAssembliesLoaded (0ms)
			ExecutionOrderSort2 (0ms)
			AwakeInstancesAfterBackupRestoration (22ms)
Platform modules already initialized, skipping
Refreshing native plugins compatible for Editor in 4.62 ms, found 3 plugins.
Preloading 0 native plugins for Editor in 0.00 ms.
Unloading 6379 Unused Serialized files (Serialized files now loaded: 0)
Unloading 42 unused Assets / (2.3 MB). Loaded Objects now: 7109.
Memory consumption went from 323.9 MB to 321.5 MB.
Total: 5.214400 ms (FindLiveObjects: 0.360900 ms CreateObjectMapping: 0.244100 ms MarkObjects: 4.165400 ms  DeleteObjects: 0.442900 ms)

AssetImportParameters requested are different than current active one (requested -> active):
  custom:video-decoder-ogg-theora: a1e56fd34408186e4bbccfd4996cb3dc -> 
  custom:container-muxer-webm: aa71ff27fc2769a1b78a27578f13a17b -> 
  custom:container-demuxer-webm: 4f35f7cbe854078d1ac9338744f61a02 -> 
  custom:video-encoder-webm-vp8: eb34c28f22e8b96e1ab97ce403110664 -> 
  custom:audio-encoder-webm-vorbis: bf7c407c2cedff20999df2af8eb42d56 -> 
  custom:framework-win-MediaFoundation: 216162199b28c13a410421893ffa2e32 -> 
  custom:container-demuxer-ogg: 62fdf1f143b41e24485cea50d1cbac27 -> 
  custom:video-decoder-webm-vp8: 9c59270c3fd7afecdb556c50c9e8de78 -> 
  custom:audio-decoder-ogg-vorbis: bf7c407c2cedff20999df2af8eb42d56 -> 
========================================================================
Received Import Request.
  Time since last request: 246.354904 seconds.
  path: Assets/Resources/Kreetures/Cragclaw.asset
  artifactKey: Guid(c1cfe2f5894234d41b219792dce22f35) Importer(815301076,1909f56bfc062723c751e8b465ee728b)
Start importing Assets/Resources/Kreetures/Cragclaw.asset using Guid(c1cfe2f5894234d41b219792dce22f35) Importer(815301076,1909f56bfc062723c751e8b465ee728b)  -> (artifact id: 'ca4cd1c4f6b52a12958fc8a6fcd1da57') in 0.061646 seconds 
========================================================================
Received Import Request.
  Time since last request: 1.410885 seconds.
  path: Assets/Resources/Kreetures/Big Fukin Crab.asset
  artifactKey: Guid(69dc0cfd791c5bb40897fe24a1a3d56f) Importer(815301076,1909f56bfc062723c751e8b465ee728b)
Start importing Assets/Resources/Kreetures/Big Fukin Crab.asset using Guid(69dc0cfd791c5bb40897fe24a1a3d56f) Importer(815301076,1909f56bfc062723c751e8b465ee728b)  -> (artifact id: '32e236469368a526fbc549df0ef62dcb') in 0.003338 seconds 
========================================================================
Received Import Request.
  Time since last request: 51.498773 seconds.
  path: Assets/Monsters Ultimate Pack 02 Cute Series/Hermit King Cute Series/Prefabs/Hermit King.prefab
  artifactKey: Guid(dbcc8d6ff0d6aa1439146455fea9d413) Importer(815301076,1909f56bfc062723c751e8b465ee728b)
Start importing Assets/Monsters Ultimate Pack 02 Cute Series/Hermit King Cute Series/Prefabs/Hermit King.prefab using Guid(dbcc8d6ff0d6aa1439146455fea9d413) Importer(815301076,1909f56bfc062723c751e8b465ee728b)  -> (artifact id: '38fe2b0b2f9d7e51435e784d73c05de2') in 0.353919 seconds 
========================================================================
Received Import Request.
  Time since last request: 22.267408 seconds.
  path: Assets/Monsters Ultimate Pack 02 Cute Series/Hermit King Cute Series/FBX/Hermit King.FBX
  artifactKey: Guid(a7ded61e45b07fe44be58a121928a9d4) Importer(815301076,1909f56bfc062723c751e8b465ee728b)
Start importing Assets/Monsters Ultimate Pack 02 Cute Series/Hermit King Cute Series/FBX/Hermit King.FBX using Guid(a7ded61e45b07fe44be58a121928a9d4) Importer(815301076,1909f56bfc062723c751e8b465ee728b)  -> (artifact id: '34dc80c245caceb9c48527353164a2ad') in 0.112812 seconds 
========================================================================
Received Import Request.
  Time since last request: 0.000034 seconds.
  path: Assets/PolygonFantasyKingdom/Models/SM_Prop_Tether_Beam_03.fbx
  artifactKey: Guid(c3eb2459b7fe77f4da31ab2632d90136) Importer(815301076,1909f56bfc062723c751e8b465ee728b)
Start importing Assets/PolygonFantasyKingdom/Models/SM_Prop_Tether_Beam_03.fbx using Guid(c3eb2459b7fe77f4da31ab2632d90136) Importer(815301076,1909f56bfc062723c751e8b465ee728b)  -> (artifact id: '71c0e3e2b666fc4bc53e661bedad7cab') in 0.026559 seconds 
========================================================================
Received Import Request.
  Time since last request: 0.000029 seconds.
  path: Assets/Monsters Ultimate Pack 02 Cute Series/Hermit King Cute Series/FBX/Hermit King@Hide.FBX
  artifactKey: Guid(712988563fb104346be2ba0891c6d794) Importer(815301076,1909f56bfc062723c751e8b465ee728b)
Start importing Assets/Monsters Ultimate Pack 02 Cute Series/Hermit King Cute Series/FBX/Hermit King@Hide.FBX using Guid(712988563fb104346be2ba0891c6d794) Importer(815301076,1909f56bfc062723c751e8b465ee728b)  -> (artifact id: '6e6783d993c36142a9d518ec2b947157') in 0.109908 seconds 
========================================================================
Received Import Request.
  Time since last request: 0.000045 seconds.
  path: Assets/PolygonStarter/Models/Collision/SM_Primitive_Sphere_02.fbx
  artifactKey: Guid(e8ba51a934eb276468729107e5d3143f) Importer(815301076,1909f56bfc062723c751e8b465ee728b)
Start importing Assets/PolygonStarter/Models/Collision/SM_Primitive_Sphere_02.fbx using Guid(e8ba51a934eb276468729107e5d3143f) Importer(815301076,1909f56bfc062723c751e8b465ee728b)  -> (artifact id: '1b60e09b2a8ce8946ee98ebddcee59e4') in 0.021202 seconds 
========================================================================
Received Import Request.
  Time since last request: 0.000024 seconds.
  path: Assets/Monsters Ultimate Pack 02 Cute Series/Hermit King Cute Series/FBX/Hermit King@Turn Right.FBX
  artifactKey: Guid(5d4ad1ac8b166684d97825bca5eea31f) Importer(815301076,1909f56bfc062723c751e8b465ee728b)
Start importing Assets/Monsters Ultimate Pack 02 Cute Series/Hermit King Cute Series/FBX/Hermit King@Turn Right.FBX using Guid(5d4ad1ac8b166684d97825bca5eea31f) Importer(815301076,1909f56bfc062723c751e8b465ee728b)  -> (artifact id: '36ab3bf19925558517b144e6236fe002') in 0.105667 seconds 
========================================================================
Received Import Request.
  Time since last request: 0.000030 seconds.
  path: Assets/PolygonStarter/Prefabs/SM_PolygonPrototype_Primitive_Sphere_01P.prefab
  artifactKey: Guid(296b6c6ad62626c48aef7fa6c5e2a9a8) Importer(815301076,1909f56bfc062723c751e8b465ee728b)
Start importing Assets/PolygonStarter/Prefabs/SM_PolygonPrototype_Primitive_Sphere_01P.prefab using Guid(296b6c6ad62626c48aef7fa6c5e2a9a8) Importer(815301076,1909f56bfc062723c751e8b465ee728b)  -> (artifact id: '451bf85ae7e41ac58282743ee7f746fc') in 0.031420 seconds 
========================================================================
Received Import Request.
  Time since last request: 0.000025 seconds.
  path: Assets/Monsters Ultimate Pack 02 Cute Series/Hermit King Cute Series/FBX/Hermit King@Walk Left In Place.FBX
  artifactKey: Guid(fe9ad53be0e203541b94d13cd9f82802) Importer(815301076,1909f56bfc062723c751e8b465ee728b)
Start importing Assets/Monsters Ultimate Pack 02 Cute Series/Hermit King Cute Series/FBX/Hermit King@Walk Left In Place.FBX using Guid(fe9ad53be0e203541b94d13cd9f82802) Importer(815301076,1909f56bfc062723c751e8b465ee728b)  -> (artifact id: 'f6734dcc35712839bb38e1acc4ce1b2f') in 0.099329 seconds 
========================================================================
Received Import Request.
  Time since last request: 0.000031 seconds.
  path: Assets/PolygonStarter/Models/SM_PolygonPrototype_Primitive_Sphere_01P.fbx
  artifactKey: Guid(d5e83122f8e5b6d4cae918de4ade20ed) Importer(815301076,1909f56bfc062723c751e8b465ee728b)
Start importing Assets/PolygonStarter/Models/SM_PolygonPrototype_Primitive_Sphere_01P.fbx using Guid(d5e83122f8e5b6d4cae918de4ade20ed) Importer(815301076,1909f56bfc062723c751e8b465ee728b)  -> (artifact id: '8a1852ee435a599cfb3e3a196ce4bcc4') in 0.022997 seconds 
========================================================================
Received Import Request.
  Time since last request: 0.000039 seconds.
  path: Assets/Monsters Ultimate Pack 02 Cute Series/Hermit King Cute Series/FBX/Hermit King@Walk Forward In Place.FBX
  artifactKey: Guid(0692deed5287bee4cbbaa01a3be80539) Importer(815301076,1909f56bfc062723c751e8b465ee728b)
Start importing Assets/Monsters Ultimate Pack 02 Cute Series/Hermit King Cute Series/FBX/Hermit King@Walk Forward In Place.FBX using Guid(0692deed5287bee4cbbaa01a3be80539) Importer(815301076,1909f56bfc062723c751e8b465ee728b)  -> (artifact id: '95fb5a46c47caa5332a3829e84bb455f') in 0.105813 seconds 
========================================================================
Received Import Request.
  Time since last request: 0.000031 seconds.
  path: Assets/Monsters Ultimate Pack 02 Cute Series/Hermit King Cute Series/FBX/Hermit King@Walk Forward W Root.FBX
  artifactKey: Guid(459400880e794ad4ea7f8b100131c981) Importer(815301076,1909f56bfc062723c751e8b465ee728b)
Start importing Assets/Monsters Ultimate Pack 02 Cute Series/Hermit King Cute Series/FBX/Hermit King@Walk Forward W Root.FBX using Guid(459400880e794ad4ea7f8b100131c981) Importer(815301076,1909f56bfc062723c751e8b465ee728b)  -> (artifact id: '93e4a6d998655fe84aa858d5d80165a6') in 0.100742 seconds 
========================================================================
Received Import Request.
  Time since last request: 0.000037 seconds.
  path: Assets/Monsters Ultimate Pack 02 Cute Series/Hermit King Cute Series/FBX/Hermit King@Idle.FBX
  artifactKey: Guid(c70f87141bcb61943b1b8802040b1ddc) Importer(815301076,1909f56bfc062723c751e8b465ee728b)
Start importing Assets/Monsters Ultimate Pack 02 Cute Series/Hermit King Cute Series/FBX/Hermit King@Idle.FBX using Guid(c70f87141bcb61943b1b8802040b1ddc) Importer(815301076,1909f56bfc062723c751e8b465ee728b)  -> (artifact id: 'e93e3a4bd9eb7d17c95650509ca01064') in 0.096797 seconds 
========================================================================
Received Import Request.
  Time since last request: 0.000041 seconds.
  path: Assets/Monsters Ultimate Pack 02 Cute Series/Hermit King Cute Series/FBX/Hermit King@Hide And Spin Attack W Root.FBX
  artifactKey: Guid(e6f9ee9bdee510d4a98c800c3e46cadb) Importer(815301076,1909f56bfc062723c751e8b465ee728b)
Start importing Assets/Monsters Ultimate Pack 02 Cute Series/Hermit King Cute Series/FBX/Hermit King@Hide And Spin Attack W Root.FBX using Guid(e6f9ee9bdee510d4a98c800c3e46cadb) Importer(815301076,1909f56bfc062723c751e8b465ee728b)  -> (artifact id: '041ba91d1f959d65fbb82caea1570ab2') in 0.123915 seconds 
========================================================================
Received Import Request.
  Time since last request: 0.000041 seconds.
  path: Assets/Monsters Ultimate Pack 02 Cute Series/Hermit King Cute Series/FBX/Hermit King@Idle to Hide.FBX
  artifactKey: Guid(fd19e0d144b54284eba490d836a67ec6) Importer(815301076,1909f56bfc062723c751e8b465ee728b)
Start importing Assets/Monsters Ultimate Pack 02 Cute Series/Hermit King Cute Series/FBX/Hermit King@Idle to Hide.FBX using Guid(fd19e0d144b54284eba490d836a67ec6) Importer(815301076,1909f56bfc062723c751e8b465ee728b)  -> (artifact id: '81cb6bb1d6ef84bbfd49cb60007a9304') in 0.092776 seconds 
========================================================================
Received Import Request.
  Time since last request: 0.000029 seconds.
  path: Assets/Monsters Ultimate Pack 02 Cute Series/Hermit King Cute Series/FBX/Hermit King@Run Forward In Place.FBX
  artifactKey: Guid(958286421bd30ff4e848a961aa38b651) Importer(815301076,1909f56bfc062723c751e8b465ee728b)
Start importing Assets/Monsters Ultimate Pack 02 Cute Series/Hermit King Cute Series/FBX/Hermit King@Run Forward In Place.FBX using Guid(958286421bd30ff4e848a961aa38b651) Importer(815301076,1909f56bfc062723c751e8b465ee728b)  -> (artifact id: 'f5325b5ac4c56fcf2fe4c44cead0dc9c') in 0.104391 seconds 
========================================================================
Received Import Request.
  Time since last request: 0.000035 seconds.
  path: Assets/PolygonFantasyKingdom/Prefabs/Props/SM_Prop_Tether_Beam_02.prefab
  artifactKey: Guid(59ab1c57cd527d443b6f19d5df20edd4) Importer(815301076,1909f56bfc062723c751e8b465ee728b)
Start importing Assets/PolygonFantasyKingdom/Prefabs/Props/SM_Prop_Tether_Beam_02.prefab using Guid(59ab1c57cd527d443b6f19d5df20edd4) Importer(815301076,1909f56bfc062723c751e8b465ee728b)  -> (artifact id: '171a1c0444dcfddad64befbd7caa25aa') in 0.120886 seconds 
========================================================================
Received Import Request.
  Time since last request: 0.000028 seconds.
  path: Assets/Monsters Ultimate Pack 02 Cute Series/Hermit King Cute Series/FBX/Hermit King@Die.FBX
  artifactKey: Guid(472173a6e26b1f146b95166ff171cb34) Importer(815301076,1909f56bfc062723c751e8b465ee728b)
Start importing Assets/Monsters Ultimate Pack 02 Cute Series/Hermit King Cute Series/FBX/Hermit King@Die.FBX using Guid(472173a6e26b1f146b95166ff171cb34) Importer(815301076,1909f56bfc062723c751e8b465ee728b)  -> (artifact id: '952bf00c2f333d0151b904a95f401eb8') in 0.103129 seconds 
========================================================================
Received Import Request.
  Time since last request: 0.000043 seconds.
  path: Assets/Monsters Ultimate Pack 02 Cute Series/Hermit King Cute Series/FBX/Hermit King@Turn Left.FBX
  artifactKey: Guid(a78b3079de573724d89f7b28b755a4c2) Importer(815301076,1909f56bfc062723c751e8b465ee728b)
Start importing Assets/Monsters Ultimate Pack 02 Cute Series/Hermit King Cute Series/FBX/Hermit King@Turn Left.FBX using Guid(a78b3079de573724d89f7b28b755a4c2) Importer(815301076,1909f56bfc062723c751e8b465ee728b)  -> (artifact id: 'd0e2e7f6cdf909eb5e5f351c48421993') in 0.103245 seconds 
Editor requested this worker to shutdown with reason: Scaling down because of idle timeout
AssetImportWorker is now disconnected from the server
Process exiting
Exiting without the bug reporter. Application will terminate with return code 0