Using pre-set license
Built from '2021.3/staging' branch; Version is '2021.3.7f1 (24e8595d6d43) revision 2418777'; Using compiler version '192829333'; Build Type 'Release'
OS: 'Windows 11  (10.0.22631) 64bit Core' Language: 'en' Physical Memory: 16084 MB
BatchMode: 1, IsHumanControllingUs: 0, StartBugReporterOnCrash: 0, Is64bit: 1, IsPro: 1

COMMAND LINE ARGUMENTS:
C:\Program Files\Unity\Hub\Editor\2021.3.7f1\Editor\Unity.exe
-adb2
-batchMode
-noUpm
-name
AssetImportWorker7
-projectPath
C:/Users/zbehr/OneDrive/Desktop/Kreetures/Kreetures3DSample
-logFile
Logs/AssetImportWorker7.log
-srvPort
57652
Successfully changed project path to: C:/Users/zbehr/OneDrive/Desktop/Kreetures/Kreetures3DSample
C:/Users/zbehr/OneDrive/Desktop/Kreetures/Kreetures3DSample
[UnityMemory] Configuration Parameters - Can be set up in boot.config
    "memorysetup-bucket-allocator-granularity=16"
    "memorysetup-bucket-allocator-bucket-count=8"
    "memorysetup-bucket-allocator-block-size=33554432"
    "memorysetup-bucket-allocator-block-count=8"
    "memorysetup-main-allocator-block-size=16777216"
    "memorysetup-thread-allocator-block-size=16777216"
    "memorysetup-gfx-main-allocator-block-size=16777216"
    "memorysetup-gfx-thread-allocator-block-size=16777216"
    "memorysetup-cache-allocator-block-size=4194304"
    "memorysetup-typetree-allocator-block-size=2097152"
    "memorysetup-profiler-bucket-allocator-granularity=16"
    "memorysetup-profiler-bucket-allocator-bucket-count=8"
    "memorysetup-profiler-bucket-allocator-block-size=33554432"
    "memorysetup-profiler-bucket-allocator-block-count=8"
    "memorysetup-profiler-allocator-block-size=16777216"
    "memorysetup-profiler-editor-allocator-block-size=1048576"
    "memorysetup-temp-allocator-size-main=16777216"
    "memorysetup-job-temp-allocator-block-size=2097152"
    "memorysetup-job-temp-allocator-block-size-background=1048576"
    "memorysetup-job-temp-allocator-reduction-small-platforms=262144"
    "memorysetup-temp-allocator-size-background-worker=32768"
    "memorysetup-temp-allocator-size-job-worker=262144"
    "memorysetup-temp-allocator-size-preload-manager=33554432"
    "memorysetup-temp-allocator-size-nav-mesh-worker=65536"
    "memorysetup-temp-allocator-size-audio-worker=65536"
    "memorysetup-temp-allocator-size-cloud-worker=32768"
    "memorysetup-temp-allocator-size-gi-baking-worker=262144"
    "memorysetup-temp-allocator-size-gfx=262144"
Refreshing native plugins compatible for Editor in 187.79 ms, found 3 plugins.
Preloading 0 native plugins for Editor in 0.00 ms.
Initialize engine version: 2021.3.7f1 (24e8595d6d43)
[Subsystems] Discovering subsystems at path C:/Program Files/Unity/Hub/Editor/2021.3.7f1/Editor/Data/Resources/UnitySubsystems
[Subsystems] Discovering subsystems at path C:/Users/zbehr/OneDrive/Desktop/Kreetures/Kreetures3DSample/Assets
GfxDevice: creating device client; threaded=0; jobified=0
Direct3D:
    Version:  Direct3D 11.0 [level 11.1]
    Renderer: NVIDIA GeForce RTX 3060 Laptop GPU (ID=0x2520)
    Vendor:   NVIDIA
    VRAM:     6010 MB
    Driver:   31.0.15.4601
Initialize mono
Mono path[0] = 'C:/Program Files/Unity/Hub/Editor/2021.3.7f1/Editor/Data/Managed'
Mono path[1] = 'C:/Program Files/Unity/Hub/Editor/2021.3.7f1/Editor/Data/MonoBleedingEdge/lib/mono/unityjit-win32'
Mono config path = 'C:/Program Files/Unity/Hub/Editor/2021.3.7f1/Editor/Data/MonoBleedingEdge/etc'
Using monoOptions --debugger-agent=transport=dt_socket,embedding=1,server=y,suspend=n,address=127.0.0.1:56092
Begin MonoManager ReloadAssembly
Registering precompiled unity dll's ...
Register platform support module: C:/Program Files/Unity/Hub/Editor/2021.3.7f1/Editor/Data/PlaybackEngines/WebGLSupport/UnityEditor.WebGL.Extensions.dll
Register platform support module: C:/Program Files/Unity/Hub/Editor/2021.3.7f1/Editor/Data/PlaybackEngines/WindowsStandaloneSupport/UnityEditor.WindowsStandalone.Extensions.dll
Register platform support module: C:/Program Files/Unity/Hub/Editor/2021.3.7f1/Editor/Data/PlaybackEngines/MetroSupport/UnityEditor.UWP.Extensions.dll
Registered in 0.007856 seconds.
Native extension for UWP target not found
Native extension for WindowsStandalone target not found
Native extension for WebGL target not found
Refreshing native plugins compatible for Editor in 133.89 ms, found 3 plugins.
Preloading 0 native plugins for Editor in 0.00 ms.
Mono: successfully reloaded assembly
- Completed reload, in  0.683 seconds
Domain Reload Profiling:
	ReloadAssembly (683ms)
		BeginReloadAssembly (107ms)
			ExecutionOrderSort (0ms)
			DisableScriptedObjects (0ms)
			BackupInstance (0ms)
			ReleaseScriptingObjects (0ms)
			CreateAndSetChildDomain (1ms)
		EndReloadAssembly (470ms)
			LoadAssemblies (106ms)
			RebuildTransferFunctionScriptingTraits (0ms)
			SetupTypeCache (84ms)
			ReleaseScriptCaches (0ms)
			RebuildScriptCaches (25ms)
			SetupLoadedEditorAssemblies (313ms)
				LogAssemblyErrors (0ms)
				InitializePlatformSupportModulesInManaged (9ms)
				SetLoadedEditorAssemblies (0ms)
				RefreshPlugins (134ms)
				BeforeProcessingInitializeOnLoad (1ms)
				ProcessInitializeOnLoadAttributes (127ms)
				ProcessInitializeOnLoadMethodAttributes (42ms)
				AfterProcessingInitializeOnLoad (0ms)
				EditorAssembliesLoaded (0ms)
			ExecutionOrderSort2 (0ms)
			AwakeInstancesAfterBackupRestoration (0ms)
Platform modules already initialized, skipping
Registering precompiled user dll's ...
Registered in 0.032342 seconds.
Begin MonoManager ReloadAssembly
Symbol file LoadedFromMemory doesn't match image C:\Users\zbehr\OneDrive\Desktop\Kreetures\Kreetures3DSample\Library\PackageCache\com.unity.visualscripting@1.7.8\Editor\VisualScripting.Core\Dependencies\YamlDotNet\Unity.VisualScripting.YamlDotNet.dll
Symbol file LoadedFromMemory doesn't match image C:\Users\zbehr\OneDrive\Desktop\Kreetures\Kreetures3DSample\Library\PackageCache\com.unity.visualscripting@1.7.8\Editor\VisualScripting.Core\Dependencies\DotNetZip\Unity.VisualScripting.IonicZip.dll
Native extension for UWP target not found
Native extension for WindowsStandalone target not found
Native extension for WebGL target not found
Refreshing native plugins compatible for Editor in 135.85 ms, found 3 plugins.
Preloading 0 native plugins for Editor in 0.00 ms.
Mono: successfully reloaded assembly
- Completed reload, in  1.741 seconds
Domain Reload Profiling:
	ReloadAssembly (1741ms)
		BeginReloadAssembly (114ms)
			ExecutionOrderSort (0ms)
			DisableScriptedObjects (7ms)
			BackupInstance (0ms)
			ReleaseScriptingObjects (0ms)
			CreateAndSetChildDomain (20ms)
		EndReloadAssembly (1524ms)
			LoadAssemblies (157ms)
			RebuildTransferFunctionScriptingTraits (0ms)
			SetupTypeCache (304ms)
			ReleaseScriptCaches (1ms)
			RebuildScriptCaches (101ms)
			SetupLoadedEditorAssemblies (916ms)
				LogAssemblyErrors (0ms)
				InitializePlatformSupportModulesInManaged (9ms)
				SetLoadedEditorAssemblies (0ms)
				RefreshPlugins (136ms)
				BeforeProcessingInitializeOnLoad (146ms)
				ProcessInitializeOnLoadAttributes (546ms)
				ProcessInitializeOnLoadMethodAttributes (72ms)
				AfterProcessingInitializeOnLoad (7ms)
				EditorAssembliesLoaded (0ms)
			ExecutionOrderSort2 (0ms)
			AwakeInstancesAfterBackupRestoration (7ms)
Platform modules already initialized, skipping
========================================================================
Worker process is ready to serve import requests
Launched and connected shader compiler UnityShaderCompiler.exe after 0.07 seconds
Refreshing native plugins compatible for Editor in 1.13 ms, found 3 plugins.
Preloading 0 native plugins for Editor in 0.00 ms.
Unloading 6583 Unused Serialized files (Serialized files now loaded: 0)
Unloading 63 unused Assets / (2.4 MB). Loaded Objects now: 7055.
Memory consumption went from 332.9 MB to 330.5 MB.
Total: 5.184300 ms (FindLiveObjects: 0.584700 ms CreateObjectMapping: 0.288200 ms MarkObjects: 3.720600 ms  DeleteObjects: 0.589400 ms)

AssetImportParameters requested are different than current active one (requested -> active):
  custom:video-decoder-ogg-theora: a1e56fd34408186e4bbccfd4996cb3dc -> 
  custom:container-muxer-webm: aa71ff27fc2769a1b78a27578f13a17b -> 
  custom:container-demuxer-webm: 4f35f7cbe854078d1ac9338744f61a02 -> 
  custom:video-encoder-webm-vp8: eb34c28f22e8b96e1ab97ce403110664 -> 
  custom:audio-encoder-webm-vorbis: bf7c407c2cedff20999df2af8eb42d56 -> 
  custom:framework-win-MediaFoundation: 216162199b28c13a410421893ffa2e32 -> 
  custom:container-demuxer-ogg: 62fdf1f143b41e24485cea50d1cbac27 -> 
  custom:video-decoder-webm-vp8: 9c59270c3fd7afecdb556c50c9e8de78 -> 
  custom:audio-decoder-ogg-vorbis: bf7c407c2cedff20999df2af8eb42d56 -> 
========================================================================
Received Import Request.
  Time since last request: 160610.478805 seconds.
  path: Assets/Layer Lab/GUI Kit - Casual Fantasy/ResourcesData/Sprites/Demo/Demo_Icon/Icon_Bow01.png
  artifactKey: Guid(962d8365913f04935b5da32f81c41988) Importer(815301076,1909f56bfc062723c751e8b465ee728b)
Start importing Assets/Layer Lab/GUI Kit - Casual Fantasy/ResourcesData/Sprites/Demo/Demo_Icon/Icon_Bow01.png using Guid(962d8365913f04935b5da32f81c41988) Importer(815301076,1909f56bfc062723c751e8b465ee728b)  -> (artifact id: 'b9326350b8504cf0f3ffc14169ab982d') in 0.140974 seconds 
========================================================================
Received Import Request.
  Time since last request: 0.382796 seconds.
  path: Assets/Layer Lab/GUI Kit - Casual Fantasy/ResourcesData/Sprites/Demo/Demo_Icon/Icon_Colse02.Png
  artifactKey: Guid(8f125ba237d314b10bc660d413976e66) Importer(815301076,1909f56bfc062723c751e8b465ee728b)
Start importing Assets/Layer Lab/GUI Kit - Casual Fantasy/ResourcesData/Sprites/Demo/Demo_Icon/Icon_Colse02.Png using Guid(8f125ba237d314b10bc660d413976e66) Importer(815301076,1909f56bfc062723c751e8b465ee728b)  -> (artifact id: 'f09edf4f72f3fb65965c121a7b4b61bf') in 0.031082 seconds 
========================================================================
Received Import Request.
  Time since last request: 0.071602 seconds.
  path: Assets/Layer Lab/GUI Kit - Casual Fantasy/ResourcesData/Sprites/Demo/Demo_Icon/Icon_Heart01.png
  artifactKey: Guid(a15beef3e99cc42118d9a86018e0767e) Importer(815301076,1909f56bfc062723c751e8b465ee728b)
Start importing Assets/Layer Lab/GUI Kit - Casual Fantasy/ResourcesData/Sprites/Demo/Demo_Icon/Icon_Heart01.png using Guid(a15beef3e99cc42118d9a86018e0767e) Importer(815301076,1909f56bfc062723c751e8b465ee728b)  -> (artifact id: 'b7952f26ff77e78329eb9194c1484cd9') in 0.023002 seconds 
========================================================================
Received Import Request.
  Time since last request: 2.539250 seconds.
  path: Assets/Layer Lab/GUI Kit - Casual Fantasy/ResourcesData/Sprites/Demo/Demo_Icon/Icon_Info.png
  artifactKey: Guid(30c93054c9d27454c99a620e8f150e95) Importer(815301076,1909f56bfc062723c751e8b465ee728b)
Start importing Assets/Layer Lab/GUI Kit - Casual Fantasy/ResourcesData/Sprites/Demo/Demo_Icon/Icon_Info.png using Guid(30c93054c9d27454c99a620e8f150e95) Importer(815301076,1909f56bfc062723c751e8b465ee728b)  -> (artifact id: 'c5c69533803a5a8c2e8d4f78ed56f4f2') in 0.023954 seconds 
========================================================================
Received Import Request.
  Time since last request: 0.000025 seconds.
  path: Assets/Layer Lab/GUI Kit - Casual Fantasy/ResourcesData/Sprites/Demo/Demo_Icon/Icon_Letter.Png
  artifactKey: Guid(355d449de8eb44ef9a741f67e92f2bce) Importer(815301076,1909f56bfc062723c751e8b465ee728b)
Start importing Assets/Layer Lab/GUI Kit - Casual Fantasy/ResourcesData/Sprites/Demo/Demo_Icon/Icon_Letter.Png using Guid(355d449de8eb44ef9a741f67e92f2bce) Importer(815301076,1909f56bfc062723c751e8b465ee728b)  -> (artifact id: 'e4b27a865e53378bdc07ec456e909d35') in 0.020157 seconds 
========================================================================
Received Import Request.
  Time since last request: 2.576345 seconds.
  path: Assets/Layer Lab/GUI Kit - Casual Fantasy/ResourcesData/Sprites/Demo/Demo_Icon/Icon_Megaphone.Png
  artifactKey: Guid(f716a410fcb5442929d71bca97d0237f) Importer(815301076,1909f56bfc062723c751e8b465ee728b)
Start importing Assets/Layer Lab/GUI Kit - Casual Fantasy/ResourcesData/Sprites/Demo/Demo_Icon/Icon_Megaphone.Png using Guid(f716a410fcb5442929d71bca97d0237f) Importer(815301076,1909f56bfc062723c751e8b465ee728b)  -> (artifact id: '76a9b8afda77645adf8a681f14319271') in 0.026326 seconds 
========================================================================
Received Import Request.
  Time since last request: 3.421354 seconds.
  path: Assets/Layer Lab/GUI Kit - Casual Fantasy/ResourcesData/Sprites/Demo/Demo_Icon/Icon_Setting01.Png
  artifactKey: Guid(9a907db57cd564233bccfb07a9ad9060) Importer(815301076,1909f56bfc062723c751e8b465ee728b)
Start importing Assets/Layer Lab/GUI Kit - Casual Fantasy/ResourcesData/Sprites/Demo/Demo_Icon/Icon_Setting01.Png using Guid(9a907db57cd564233bccfb07a9ad9060) Importer(815301076,1909f56bfc062723c751e8b465ee728b)  -> (artifact id: '41b878a27d7fe536198314625d3a2cd3') in 0.023867 seconds 
========================================================================
Received Import Request.
  Time since last request: 0.419607 seconds.
  path: Assets/Layer Lab/GUI Kit - Casual Fantasy/ResourcesData/Sprites/Demo/Demo_Icon/Icon_Shield05.Png
  artifactKey: Guid(a4bd6fdca1c674e73ade92bc2e5beb42) Importer(815301076,1909f56bfc062723c751e8b465ee728b)
Start importing Assets/Layer Lab/GUI Kit - Casual Fantasy/ResourcesData/Sprites/Demo/Demo_Icon/Icon_Shield05.Png using Guid(a4bd6fdca1c674e73ade92bc2e5beb42) Importer(815301076,1909f56bfc062723c751e8b465ee728b)  -> (artifact id: '075f47b83fdb72fa476b149666c14c29') in 0.023931 seconds 
========================================================================
Received Import Request.
  Time since last request: 0.418673 seconds.
  path: Assets/Layer Lab/GUI Kit - Casual Fantasy/ResourcesData/Sprites/Demo/Demo_Icon/Icon_Star01_l.png
  artifactKey: Guid(fb8441bb5024d4255b5338dd608b2296) Importer(815301076,1909f56bfc062723c751e8b465ee728b)
Start importing Assets/Layer Lab/GUI Kit - Casual Fantasy/ResourcesData/Sprites/Demo/Demo_Icon/Icon_Star01_l.png using Guid(fb8441bb5024d4255b5338dd608b2296) Importer(815301076,1909f56bfc062723c751e8b465ee728b)  -> (artifact id: '35219616b648664f09144012d94dc7cc') in 0.022319 seconds 
========================================================================
Received Import Request.
  Time since last request: 0.085441 seconds.
  path: Assets/Layer Lab/GUI Kit - Casual Fantasy/ResourcesData/Sprites/Demo/Demo_Icon/Icon_Sword01.Png
  artifactKey: Guid(7449258d40fcb4175bfe520402fb5324) Importer(815301076,1909f56bfc062723c751e8b465ee728b)
Start importing Assets/Layer Lab/GUI Kit - Casual Fantasy/ResourcesData/Sprites/Demo/Demo_Icon/Icon_Sword01.Png using Guid(7449258d40fcb4175bfe520402fb5324) Importer(815301076,1909f56bfc062723c751e8b465ee728b)  -> (artifact id: 'b247d4fe9342130b32dc18f7bdd78075') in 0.017855 seconds 
========================================================================
Received Import Request.
  Time since last request: 0.380244 seconds.
  path: Assets/Layer Lab/GUI Kit - Casual Fantasy/ResourcesData/Sprites/Demo/Demo_Icon/Icon_Sword07.png
  artifactKey: Guid(ed0df0c714f084ab190e6b0428fdef41) Importer(815301076,1909f56bfc062723c751e8b465ee728b)
Start importing Assets/Layer Lab/GUI Kit - Casual Fantasy/ResourcesData/Sprites/Demo/Demo_Icon/Icon_Sword07.png using Guid(ed0df0c714f084ab190e6b0428fdef41) Importer(815301076,1909f56bfc062723c751e8b465ee728b)  -> (artifact id: '0181fdba0eb85738b58440495ac6b62a') in 0.022697 seconds 
========================================================================
Received Import Request.
  Time since last request: 0.445199 seconds.
  path: Packages/com.unity.collab-proxy/Editor/PlasticSCM/Assets/Images/iconaddedlocal.png
  artifactKey: Guid(9a1ab8af8c446204e989a90f18305caf) Importer(815301076,1909f56bfc062723c751e8b465ee728b)
Start importing Packages/com.unity.collab-proxy/Editor/PlasticSCM/Assets/Images/iconaddedlocal.png using Guid(9a1ab8af8c446204e989a90f18305caf) Importer(815301076,1909f56bfc062723c751e8b465ee728b)  -> (artifact id: '6e66781bde2936475ef1a0cd24f428d1') in 0.025183 seconds 
========================================================================
Received Import Request.
  Time since last request: 0.038871 seconds.
  path: Packages/com.unity.collab-proxy/Editor/PlasticSCM/Assets/Images/iconcheckedoutlocaloverlay.png
  artifactKey: Guid(4bd47f86a00dd2b4b8ab20a11de165f6) Importer(815301076,1909f56bfc062723c751e8b465ee728b)
Start importing Packages/com.unity.collab-proxy/Editor/PlasticSCM/Assets/Images/iconcheckedoutlocaloverlay.png using Guid(4bd47f86a00dd2b4b8ab20a11de165f6) Importer(815301076,1909f56bfc062723c751e8b465ee728b)  -> (artifact id: 'c081a71413cc13f184e11e9b53e09841') in 0.019217 seconds 
========================================================================
Received Import Request.
  Time since last request: 4.128284 seconds.
  path: Packages/com.unity.collab-proxy/Editor/PlasticSCM/Assets/Images/iconconflictedoverlay@2x.png
  artifactKey: Guid(5679a74364f6b4440ab7e7aed55cd95e) Importer(815301076,1909f56bfc062723c751e8b465ee728b)
Start importing Packages/com.unity.collab-proxy/Editor/PlasticSCM/Assets/Images/iconconflictedoverlay@2x.png using Guid(5679a74364f6b4440ab7e7aed55cd95e) Importer(815301076,1909f56bfc062723c751e8b465ee728b)  -> (artifact id: 'ebeb866dd05ac80d3d058418eaa4ffd1') in 0.020045 seconds 
========================================================================
Received Import Request.
  Time since last request: 0.456701 seconds.
  path: Packages/com.unity.collab-proxy/Editor/PlasticSCM/Assets/Images/icondeletedremote.png
  artifactKey: Guid(b85a4b2ec6433d04895612d791edc260) Importer(815301076,1909f56bfc062723c751e8b465ee728b)
Start importing Packages/com.unity.collab-proxy/Editor/PlasticSCM/Assets/Images/icondeletedremote.png using Guid(b85a4b2ec6433d04895612d791edc260) Importer(815301076,1909f56bfc062723c751e8b465ee728b)  -> (artifact id: 'a5e26361f59ae67086a66cbea4d4c330') in 0.019883 seconds 
========================================================================
Received Import Request.
  Time since last request: 0.366676 seconds.
  path: Packages/com.unity.collab-proxy/Editor/PlasticSCM/Assets/Images/iconlockedlocaloverlay.png
  artifactKey: Guid(3eb463f682a32ab48b98a68d3361e524) Importer(815301076,1909f56bfc062723c751e8b465ee728b)
Start importing Packages/com.unity.collab-proxy/Editor/PlasticSCM/Assets/Images/iconlockedlocaloverlay.png using Guid(3eb463f682a32ab48b98a68d3361e524) Importer(815301076,1909f56bfc062723c751e8b465ee728b)  -> (artifact id: '8822e86d231dbc7445ad1219996aafce') in 0.025430 seconds 
========================================================================
Received Import Request.
  Time since last request: 0.413421 seconds.
  path: Packages/com.unity.collab-proxy/Editor/PlasticSCM/Assets/Images/iconoutofsync.png
  artifactKey: Guid(636d03a8834e3ed4cac3a1cb4b82deaf) Importer(815301076,1909f56bfc062723c751e8b465ee728b)
Start importing Packages/com.unity.collab-proxy/Editor/PlasticSCM/Assets/Images/iconoutofsync.png using Guid(636d03a8834e3ed4cac3a1cb4b82deaf) Importer(815301076,1909f56bfc062723c751e8b465ee728b)  -> (artifact id: 'd120761934bb2bf63f302025004e4979') in 0.017756 seconds 
========================================================================
Received Import Request.
  Time since last request: 0.025637 seconds.
  path: Packages/com.unity.collab-proxy/Editor/PlasticSCM/Assets/Images/iconplasticnotifyconflict@2x.png
  artifactKey: Guid(6e0a54826ffc3ee46b0aa3e1c1575a69) Importer(815301076,1909f56bfc062723c751e8b465ee728b)
Start importing Packages/com.unity.collab-proxy/Editor/PlasticSCM/Assets/Images/iconplasticnotifyconflict@2x.png using Guid(6e0a54826ffc3ee46b0aa3e1c1575a69) Importer(815301076,1909f56bfc062723c751e8b465ee728b)  -> (artifact id: 'a881df1e6f12980ec0e61a46aedf17d3') in 0.018431 seconds 
========================================================================
Received Import Request.
  Time since last request: 0.323107 seconds.
  path: Packages/com.unity.collab-proxy/Editor/PlasticSCM/Assets/Images/iconplasticviewnotify@2x.png
  artifactKey: Guid(0a4da12ff51bd83498216f698c7f20fa) Importer(815301076,1909f56bfc062723c751e8b465ee728b)
Start importing Packages/com.unity.collab-proxy/Editor/PlasticSCM/Assets/Images/iconplasticviewnotify@2x.png using Guid(0a4da12ff51bd83498216f698c7f20fa) Importer(815301076,1909f56bfc062723c751e8b465ee728b)  -> (artifact id: '7845780c5623a4953f1e5ca0e46cfecc') in 0.023147 seconds 
========================================================================
Received Import Request.
  Time since last request: 0.039079 seconds.
  path: Packages/com.unity.collab-proxy/Editor/PlasticSCM/Assets/Images/iconundo@2x.png
  artifactKey: Guid(0dfbb2b6ddcdd254da80e3418498b3a6) Importer(815301076,1909f56bfc062723c751e8b465ee728b)
Start importing Packages/com.unity.collab-proxy/Editor/PlasticSCM/Assets/Images/iconundo@2x.png using Guid(0dfbb2b6ddcdd254da80e3418498b3a6) Importer(815301076,1909f56bfc062723c751e8b465ee728b)  -> (artifact id: '6f7f071b364258fabf1c1fe6e7e90f58') in 0.019380 seconds 
========================================================================
Received Import Request.
  Time since last request: 0.324516 seconds.
  path: Assets/Layer Lab/GUI Kit - Casual Fantasy/ResourcesData/Sprites/Demo/Demo_Image/Image_Deco02.png
  artifactKey: Guid(7ff7ad1d6afaf4cfa8eadd087e170bb9) Importer(815301076,1909f56bfc062723c751e8b465ee728b)
Start importing Assets/Layer Lab/GUI Kit - Casual Fantasy/ResourcesData/Sprites/Demo/Demo_Image/Image_Deco02.png using Guid(7ff7ad1d6afaf4cfa8eadd087e170bb9) Importer(815301076,1909f56bfc062723c751e8b465ee728b)  -> (artifact id: '9e76d7f7543294a77314fe740d933e3c') in 0.021479 seconds 
========================================================================
Received Import Request.
  Time since last request: 0.021188 seconds.
  path: Assets/Layer Lab/GUI Kit - Casual Fantasy/ResourcesData/Sprites/Components/Frame/ItemFrame01_Demo_Green.png
  artifactKey: Guid(a0865d818466447edb9f7324a23a37c9) Importer(815301076,1909f56bfc062723c751e8b465ee728b)
Start importing Assets/Layer Lab/GUI Kit - Casual Fantasy/ResourcesData/Sprites/Components/Frame/ItemFrame01_Demo_Green.png using Guid(a0865d818466447edb9f7324a23a37c9) Importer(815301076,1909f56bfc062723c751e8b465ee728b)  -> (artifact id: 'c8e8a8d3f1919c146153d0f994b9f9fa') in 0.022824 seconds 
========================================================================
Received Import Request.
  Time since last request: 0.341120 seconds.
  path: Assets/Layer Lab/GUI Kit - Casual Fantasy/ResourcesData/Sprites/Components/Frame/ItemFrame01_White1.png
  artifactKey: Guid(5d01289bff75947c0a3f8524fef82aed) Importer(815301076,1909f56bfc062723c751e8b465ee728b)
Start importing Assets/Layer Lab/GUI Kit - Casual Fantasy/ResourcesData/Sprites/Components/Frame/ItemFrame01_White1.png using Guid(5d01289bff75947c0a3f8524fef82aed) Importer(815301076,1909f56bfc062723c751e8b465ee728b)  -> (artifact id: 'f5d7ac547a45419047e65ebe97369669') in 0.018119 seconds 
========================================================================
Received Import Request.
  Time since last request: 0.000026 seconds.
  path: Assets/Layer Lab/GUI Kit - Casual Fantasy/ResourcesData/Sprites/Components/Frame/ItemFrame01_White2.png
  artifactKey: Guid(e6317906a8015496ebc3e64f708f342f) Importer(815301076,1909f56bfc062723c751e8b465ee728b)
Start importing Assets/Layer Lab/GUI Kit - Casual Fantasy/ResourcesData/Sprites/Components/Frame/ItemFrame01_White2.png using Guid(e6317906a8015496ebc3e64f708f342f) Importer(815301076,1909f56bfc062723c751e8b465ee728b)  -> (artifact id: 'b0ea12fb632828dca09c2c8056be4347') in 0.015293 seconds 
========================================================================
Received Import Request.
  Time since last request: 0.026444 seconds.
  path: Assets/Layer Lab/GUI Kit - Casual Fantasy/ResourcesData/Sprites/Components/Frame/ItemFrame03_White1.png
  artifactKey: Guid(39cba7c40821a4122891c4dd82645d59) Importer(815301076,1909f56bfc062723c751e8b465ee728b)
Start importing Assets/Layer Lab/GUI Kit - Casual Fantasy/ResourcesData/Sprites/Components/Frame/ItemFrame03_White1.png using Guid(39cba7c40821a4122891c4dd82645d59) Importer(815301076,1909f56bfc062723c751e8b465ee728b)  -> (artifact id: 'e0307dfbff2adaa1dd5f315b6ecc397f') in 0.018544 seconds 
========================================================================
Received Import Request.
  Time since last request: 0.000023 seconds.
  path: Assets/Layer Lab/GUI Kit - Casual Fantasy/ResourcesData/Sprites/Components/Frame/ItemFrame03_White2.png
  artifactKey: Guid(3029789c9d2e34198bd49021e8c6b645) Importer(815301076,1909f56bfc062723c751e8b465ee728b)
Start importing Assets/Layer Lab/GUI Kit - Casual Fantasy/ResourcesData/Sprites/Components/Frame/ItemFrame03_White2.png using Guid(3029789c9d2e34198bd49021e8c6b645) Importer(815301076,1909f56bfc062723c751e8b465ee728b)  -> (artifact id: '6846212071ad05a662460b2372b0323e') in 0.020795 seconds 
========================================================================
Received Import Request.
  Time since last request: 0.838950 seconds.
  path: Assets/Layer Lab/GUI Kit - Casual Fantasy/ResourcesData/Sprites/Components/Frame/ItemFrame05_White1.png
  artifactKey: Guid(2db34220f81644b2cbca13bcca19129d) Importer(815301076,1909f56bfc062723c751e8b465ee728b)
Start importing Assets/Layer Lab/GUI Kit - Casual Fantasy/ResourcesData/Sprites/Components/Frame/ItemFrame05_White1.png using Guid(2db34220f81644b2cbca13bcca19129d) Importer(815301076,1909f56bfc062723c751e8b465ee728b)  -> (artifact id: '0ab4fb679c9101e4def8d62196166281') in 0.022592 seconds 
========================================================================
Received Import Request.
  Time since last request: 0.000031 seconds.
  path: Assets/Layer Lab/GUI Kit - Casual Fantasy/ResourcesData/Sprites/Components/Frame/ItemFrame05_White2.png
  artifactKey: Guid(51419152416894982b68282fbf16aa1d) Importer(815301076,1909f56bfc062723c751e8b465ee728b)
Start importing Assets/Layer Lab/GUI Kit - Casual Fantasy/ResourcesData/Sprites/Components/Frame/ItemFrame05_White2.png using Guid(51419152416894982b68282fbf16aa1d) Importer(815301076,1909f56bfc062723c751e8b465ee728b)  -> (artifact id: '0a72c468454a4ae8d5ae47e6a427e65a') in 0.014014 seconds 
========================================================================
Received Import Request.
  Time since last request: 0.584317 seconds.
  path: Assets/Layer Lab/GUI Kit - Casual Fantasy/ResourcesData/Sprites/Components/Icon_ItemIcons_(Original)/Itemicon_Anvil.Png
  artifactKey: Guid(fe89a27cfa37f481ab46392cf30cf958) Importer(815301076,1909f56bfc062723c751e8b465ee728b)
Start importing Assets/Layer Lab/GUI Kit - Casual Fantasy/ResourcesData/Sprites/Components/Icon_ItemIcons_(Original)/Itemicon_Anvil.Png using Guid(fe89a27cfa37f481ab46392cf30cf958) Importer(815301076,1909f56bfc062723c751e8b465ee728b)  -> (artifact id: 'efff53422b23ba9ccab29d520ad5fb3e') in 0.022916 seconds 
========================================================================
Received Import Request.
  Time since last request: 0.003976 seconds.
  path: Assets/Layer Lab/GUI Kit - Casual Fantasy/ResourcesData/Sprites/Components/Icon_ItemIcons_(x2)/128/ItemIcon_Badge_Crown.png
  artifactKey: Guid(2d23d2f4079754fab88ef2072b21f151) Importer(815301076,1909f56bfc062723c751e8b465ee728b)
Start importing Assets/Layer Lab/GUI Kit - Casual Fantasy/ResourcesData/Sprites/Components/Icon_ItemIcons_(x2)/128/ItemIcon_Badge_Crown.png using Guid(2d23d2f4079754fab88ef2072b21f151) Importer(815301076,1909f56bfc062723c751e8b465ee728b)  -> (artifact id: '850ddfeea5e700a07a3f4902e5403b6c') in 0.020356 seconds 
========================================================================
Received Import Request.
  Time since last request: 0.000023 seconds.
  path: Assets/Layer Lab/GUI Kit - Casual Fantasy/ResourcesData/Sprites/Components/Icon_ItemIcons_(Original)/Itemicon_Badge_Energy.Png
  artifactKey: Guid(ebf025637fa1f40fb9f306ac7a4132ea) Importer(815301076,1909f56bfc062723c751e8b465ee728b)
Start importing Assets/Layer Lab/GUI Kit - Casual Fantasy/ResourcesData/Sprites/Components/Icon_ItemIcons_(Original)/Itemicon_Badge_Energy.Png using Guid(ebf025637fa1f40fb9f306ac7a4132ea) Importer(815301076,1909f56bfc062723c751e8b465ee728b)  -> (artifact id: 'd27583030be07de80955297d76985472') in 0.021229 seconds 
========================================================================
Received Import Request.
  Time since last request: 0.532704 seconds.
  path: Assets/Layer Lab/GUI Kit - Casual Fantasy/ResourcesData/Sprites/Components/Icon_ItemIcons_(x2)/128/ItemIcon_Bag01.png
  artifactKey: Guid(57b98148ae40d457fb583bbdc5db12d8) Importer(815301076,1909f56bfc062723c751e8b465ee728b)
Start importing Assets/Layer Lab/GUI Kit - Casual Fantasy/ResourcesData/Sprites/Components/Icon_ItemIcons_(x2)/128/ItemIcon_Bag01.png using Guid(57b98148ae40d457fb583bbdc5db12d8) Importer(815301076,1909f56bfc062723c751e8b465ee728b)  -> (artifact id: '191da454e7bb2d65a93584a2aef2273b') in 0.025731 seconds 
========================================================================
Received Import Request.
  Time since last request: 0.028891 seconds.
  path: Assets/Layer Lab/GUI Kit - Casual Fantasy/ResourcesData/Sprites/Components/Icon_ItemIcons_(x2)/128/ItemIcon_Battery.png
  artifactKey: Guid(a4c2702125a8b43efb7d119b8befe416) Importer(815301076,1909f56bfc062723c751e8b465ee728b)
Start importing Assets/Layer Lab/GUI Kit - Casual Fantasy/ResourcesData/Sprites/Components/Icon_ItemIcons_(x2)/128/ItemIcon_Battery.png using Guid(a4c2702125a8b43efb7d119b8befe416) Importer(815301076,1909f56bfc062723c751e8b465ee728b)  -> (artifact id: '16c0a3e1f396d49698e6a4a649747d38') in 0.022176 seconds 
========================================================================
Received Import Request.
  Time since last request: 0.884973 seconds.
  path: Assets/Layer Lab/GUI Kit - Casual Fantasy/ResourcesData/Sprites/Components/Icon_ItemIcons_(x2)/128/ItemIcon_Book01_Blue.png
  artifactKey: Guid(a9e61e09e41ed4698857d279267360be) Importer(815301076,1909f56bfc062723c751e8b465ee728b)
Start importing Assets/Layer Lab/GUI Kit - Casual Fantasy/ResourcesData/Sprites/Components/Icon_ItemIcons_(x2)/128/ItemIcon_Book01_Blue.png using Guid(a9e61e09e41ed4698857d279267360be) Importer(815301076,1909f56bfc062723c751e8b465ee728b)  -> (artifact id: '0c091b0089ed262c057c791e61fc164e') in 0.032339 seconds 
========================================================================
Received Import Request.
  Time since last request: 0.000027 seconds.
  path: Assets/Layer Lab/GUI Kit - Casual Fantasy/ResourcesData/Sprites/Components/Icon_ItemIcons_(Original)/Itemicon_Book01_Red.Png
  artifactKey: Guid(0c90aaaef701c431bbec9f1163f9f1c2) Importer(815301076,1909f56bfc062723c751e8b465ee728b)
Start importing Assets/Layer Lab/GUI Kit - Casual Fantasy/ResourcesData/Sprites/Components/Icon_ItemIcons_(Original)/Itemicon_Book01_Red.Png using Guid(0c90aaaef701c431bbec9f1163f9f1c2) Importer(815301076,1909f56bfc062723c751e8b465ee728b)  -> (artifact id: '9a95a4905b97cf1e8129c0556d1650a1') in 0.019185 seconds 
========================================================================
Received Import Request.
  Time since last request: 0.044527 seconds.
  path: Assets/Layer Lab/GUI Kit - Casual Fantasy/ResourcesData/Sprites/Components/Icon_ItemIcons_(Original)/Itemicon_Book02_Brown.Png
  artifactKey: Guid(b0f83ae0bcd8c4cde8f0433b62ec10c4) Importer(815301076,1909f56bfc062723c751e8b465ee728b)
Start importing Assets/Layer Lab/GUI Kit - Casual Fantasy/ResourcesData/Sprites/Components/Icon_ItemIcons_(Original)/Itemicon_Book02_Brown.Png using Guid(b0f83ae0bcd8c4cde8f0433b62ec10c4) Importer(815301076,1909f56bfc062723c751e8b465ee728b)  -> (artifact id: '0bb2707864eb4bb6159bcd28b97a7dda') in 0.025664 seconds 
========================================================================
Received Import Request.
  Time since last request: 0.441240 seconds.
  path: Assets/Layer Lab/GUI Kit - Casual Fantasy/ResourcesData/Sprites/Components/Icon_ItemIcons_(x2)/256/ItemIcon_Book02_Teal.Png
  artifactKey: Guid(2dd03bd4961504dc782c77e181c832cc) Importer(815301076,1909f56bfc062723c751e8b465ee728b)
Start importing Assets/Layer Lab/GUI Kit - Casual Fantasy/ResourcesData/Sprites/Components/Icon_ItemIcons_(x2)/256/ItemIcon_Book02_Teal.Png using Guid(2dd03bd4961504dc782c77e181c832cc) Importer(815301076,1909f56bfc062723c751e8b465ee728b)  -> (artifact id: '736bae9fe8c6c6c8341a7c8d4a313dcc') in 0.023482 seconds 
========================================================================
Received Import Request.
  Time since last request: 1.791724 seconds.
  path: Assets/Layer Lab/GUI Kit - Casual Fantasy/ResourcesData/Sprites/Components/Icon_ItemIcons_(x2)/512/ItemIcon_Crown.png
  artifactKey: Guid(17b59d7df41ca48dd83a67d80ae4db9e) Importer(815301076,1909f56bfc062723c751e8b465ee728b)
Start importing Assets/Layer Lab/GUI Kit - Casual Fantasy/ResourcesData/Sprites/Components/Icon_ItemIcons_(x2)/512/ItemIcon_Crown.png using Guid(17b59d7df41ca48dd83a67d80ae4db9e) Importer(815301076,1909f56bfc062723c751e8b465ee728b)  -> (artifact id: 'c2ecd259046e4cdc4f143a0a66194351') in 0.041905 seconds 
========================================================================
Received Import Request.
  Time since last request: 0.032807 seconds.
  path: Assets/Layer Lab/GUI Kit - Casual Fantasy/ResourcesData/Sprites/Components/Icon_ItemIcons_(x2)/256/ItemIcon_Cup.Png
  artifactKey: Guid(f1e6b08dfc595449bb47d2ba95d16947) Importer(815301076,1909f56bfc062723c751e8b465ee728b)
Start importing Assets/Layer Lab/GUI Kit - Casual Fantasy/ResourcesData/Sprites/Components/Icon_ItemIcons_(x2)/256/ItemIcon_Cup.Png using Guid(f1e6b08dfc595449bb47d2ba95d16947) Importer(815301076,1909f56bfc062723c751e8b465ee728b)  -> (artifact id: '5c7ce3d2797f7d1fd564ef7c9fbd38e5') in 0.025623 seconds 
========================================================================
Received Import Request.
  Time since last request: 1.224632 seconds.
  path: Assets/Layer Lab/GUI Kit - Casual Fantasy/ResourcesData/Sprites/Components/Icon_ItemIcons_(Original)/Itemicon_Gem_Pentagon_Blue.Png
  artifactKey: Guid(27e5fc7bf572f4a43be6798a41d06de7) Importer(815301076,1909f56bfc062723c751e8b465ee728b)
Start importing Assets/Layer Lab/GUI Kit - Casual Fantasy/ResourcesData/Sprites/Components/Icon_ItemIcons_(Original)/Itemicon_Gem_Pentagon_Blue.Png using Guid(27e5fc7bf572f4a43be6798a41d06de7) Importer(815301076,1909f56bfc062723c751e8b465ee728b)  -> (artifact id: 'fde7bdcf5fcc25a4b947f565a5de8138') in 0.025499 seconds 
========================================================================
Received Import Request.
  Time since last request: 0.051078 seconds.
  path: Assets/Layer Lab/GUI Kit - Casual Fantasy/ResourcesData/Sprites/Components/Icon_ItemIcons_(x2)/512/ItemIcon_Gem_Pentagon_Gray.png
  artifactKey: Guid(80437da613ef64ecab96530c087df0f0) Importer(815301076,1909f56bfc062723c751e8b465ee728b)
Start importing Assets/Layer Lab/GUI Kit - Casual Fantasy/ResourcesData/Sprites/Components/Icon_ItemIcons_(x2)/512/ItemIcon_Gem_Pentagon_Gray.png using Guid(80437da613ef64ecab96530c087df0f0) Importer(815301076,1909f56bfc062723c751e8b465ee728b)  -> (artifact id: 'bfb7cee36f4070acefaa7019dc6bb26b') in 0.028770 seconds 
========================================================================
Received Import Request.
  Time since last request: 1.321532 seconds.
  path: Assets/Layer Lab/GUI Kit - Casual Fantasy/ResourcesData/Sprites/Components/Icon_ItemIcons_(x2)/512/ItemIcon_Gem_Pentagon_Purple.png
  artifactKey: Guid(e74fb0eb39fbd4d94ab0f7601df612ca) Importer(815301076,1909f56bfc062723c751e8b465ee728b)
Start importing Assets/Layer Lab/GUI Kit - Casual Fantasy/ResourcesData/Sprites/Components/Icon_ItemIcons_(x2)/512/ItemIcon_Gem_Pentagon_Purple.png using Guid(e74fb0eb39fbd4d94ab0f7601df612ca) Importer(815301076,1909f56bfc062723c751e8b465ee728b)  -> (artifact id: 'a0987c4c780ea93d8af0363922cb161b') in 0.028993 seconds 
========================================================================
Received Import Request.
  Time since last request: 0.457159 seconds.
  path: Assets/Layer Lab/GUI Kit - Casual Fantasy/ResourcesData/Sprites/Components/Icon_ItemIcons_(x2)/512/ItemIcon_Gem_Pentagon_Red.png
  artifactKey: Guid(6f40e5d50d0934e45aac02171a570c88) Importer(815301076,1909f56bfc062723c751e8b465ee728b)
Start importing Assets/Layer Lab/GUI Kit - Casual Fantasy/ResourcesData/Sprites/Components/Icon_ItemIcons_(x2)/512/ItemIcon_Gem_Pentagon_Red.png using Guid(6f40e5d50d0934e45aac02171a570c88) Importer(815301076,1909f56bfc062723c751e8b465ee728b)  -> (artifact id: 'c662f9bd883fe4c5708f7b35ae7ccd4b') in 0.032550 seconds 
========================================================================
Received Import Request.
  Time since last request: 0.038033 seconds.
  path: Assets/Layer Lab/GUI Kit - Casual Fantasy/ResourcesData/Sprites/Components/Icon_ItemIcons_(x2)/128/ItemIcon_Gem_Triangle_Blue.png
  artifactKey: Guid(a9fd914a2ba4f42518183b9a60662a8d) Importer(815301076,1909f56bfc062723c751e8b465ee728b)
Start importing Assets/Layer Lab/GUI Kit - Casual Fantasy/ResourcesData/Sprites/Components/Icon_ItemIcons_(x2)/128/ItemIcon_Gem_Triangle_Blue.png using Guid(a9fd914a2ba4f42518183b9a60662a8d) Importer(815301076,1909f56bfc062723c751e8b465ee728b)  -> (artifact id: '5c26b20e5190dbef3c3b891920aa00f5') in 0.021805 seconds 
========================================================================
Received Import Request.
  Time since last request: 0.397387 seconds.
  path: Assets/Layer Lab/GUI Kit - Casual Fantasy/ResourcesData/Sprites/Components/Icon_ItemIcons_(Original)/Itemicon_Gem_Triangle_Gray.Png
  artifactKey: Guid(057d00ae42c8e4c61ac58196773cf46a) Importer(815301076,1909f56bfc062723c751e8b465ee728b)
Start importing Assets/Layer Lab/GUI Kit - Casual Fantasy/ResourcesData/Sprites/Components/Icon_ItemIcons_(Original)/Itemicon_Gem_Triangle_Gray.Png using Guid(057d00ae42c8e4c61ac58196773cf46a) Importer(815301076,1909f56bfc062723c751e8b465ee728b)  -> (artifact id: 'd8ef232b94f7bf9bcb460085530a36d6') in 0.026426 seconds 
========================================================================
Received Import Request.
  Time since last request: 0.000023 seconds.
  path: Assets/Layer Lab/GUI Kit - Casual Fantasy/ResourcesData/Sprites/Components/Icon_ItemIcons_(x2)/256/ItemIcon_Gem_Triangle_Purple.Png
  artifactKey: Guid(c63d5db184a89484a8e43496091da3bd) Importer(815301076,1909f56bfc062723c751e8b465ee728b)
Start importing Assets/Layer Lab/GUI Kit - Casual Fantasy/ResourcesData/Sprites/Components/Icon_ItemIcons_(x2)/256/ItemIcon_Gem_Triangle_Purple.Png using Guid(c63d5db184a89484a8e43496091da3bd) Importer(815301076,1909f56bfc062723c751e8b465ee728b)  -> (artifact id: '744f3bbc48af969e9a6f86f123a8dbf1') in 0.022325 seconds 
Editor requested this worker to shutdown with reason: Scaling down because of idle timeout
AssetImportWorker is now disconnected from the server
Process exiting
Exiting without the bug reporter. Application will terminate with return code 0