Using pre-set license
Built from '2021.3/staging' branch; Version is '2021.3.7f1 (24e8595d6d43) revision 2418777'; Using compiler version '192829333'; Build Type 'Release'
OS: 'Windows 11  (10.0.22631) 64bit Core' Language: 'en' Physical Memory: 16084 MB
BatchMode: 1, IsHumanControllingUs: 0, StartBugReporterOnCrash: 0, Is64bit: 1, IsPro: 1

COMMAND LINE ARGUMENTS:
C:\Program Files\Unity\Hub\Editor\2021.3.7f1\Editor\Unity.exe
-adb2
-batchMode
-noUpm
-name
AssetImportWorker5
-projectPath
C:/Users/zbehr/OneDrive/Desktop/Kreetures/Kreetures3DSample
-logFile
Logs/AssetImportWorker5.log
-srvPort
57652
Successfully changed project path to: C:/Users/zbehr/OneDrive/Desktop/Kreetures/Kreetures3DSample
C:/Users/zbehr/OneDrive/Desktop/Kreetures/Kreetures3DSample
[UnityMemory] Configuration Parameters - Can be set up in boot.config
    "memorysetup-bucket-allocator-granularity=16"
    "memorysetup-bucket-allocator-bucket-count=8"
    "memorysetup-bucket-allocator-block-size=33554432"
    "memorysetup-bucket-allocator-block-count=8"
    "memorysetup-main-allocator-block-size=16777216"
    "memorysetup-thread-allocator-block-size=16777216"
    "memorysetup-gfx-main-allocator-block-size=16777216"
    "memorysetup-gfx-thread-allocator-block-size=16777216"
    "memorysetup-cache-allocator-block-size=4194304"
    "memorysetup-typetree-allocator-block-size=2097152"
    "memorysetup-profiler-bucket-allocator-granularity=16"
    "memorysetup-profiler-bucket-allocator-bucket-count=8"
    "memorysetup-profiler-bucket-allocator-block-size=33554432"
    "memorysetup-profiler-bucket-allocator-block-count=8"
    "memorysetup-profiler-allocator-block-size=16777216"
    "memorysetup-profiler-editor-allocator-block-size=1048576"
    "memorysetup-temp-allocator-size-main=16777216"
    "memorysetup-job-temp-allocator-block-size=2097152"
    "memorysetup-job-temp-allocator-block-size-background=1048576"
    "memorysetup-job-temp-allocator-reduction-small-platforms=262144"
    "memorysetup-temp-allocator-size-background-worker=32768"
    "memorysetup-temp-allocator-size-job-worker=262144"
    "memorysetup-temp-allocator-size-preload-manager=33554432"
    "memorysetup-temp-allocator-size-nav-mesh-worker=65536"
    "memorysetup-temp-allocator-size-audio-worker=65536"
    "memorysetup-temp-allocator-size-cloud-worker=32768"
    "memorysetup-temp-allocator-size-gi-baking-worker=262144"
    "memorysetup-temp-allocator-size-gfx=262144"
Refreshing native plugins compatible for Editor in 205.01 ms, found 3 plugins.
Preloading 0 native plugins for Editor in 0.00 ms.
Initialize engine version: 2021.3.7f1 (24e8595d6d43)
[Subsystems] Discovering subsystems at path C:/Program Files/Unity/Hub/Editor/2021.3.7f1/Editor/Data/Resources/UnitySubsystems
[Subsystems] Discovering subsystems at path C:/Users/zbehr/OneDrive/Desktop/Kreetures/Kreetures3DSample/Assets
GfxDevice: creating device client; threaded=0; jobified=0
Direct3D:
    Version:  Direct3D 11.0 [level 11.1]
    Renderer: NVIDIA GeForce RTX 3060 Laptop GPU (ID=0x2520)
    Vendor:   NVIDIA
    VRAM:     6010 MB
    Driver:   31.0.15.4601
Initialize mono
Mono path[0] = 'C:/Program Files/Unity/Hub/Editor/2021.3.7f1/Editor/Data/Managed'
Mono path[1] = 'C:/Program Files/Unity/Hub/Editor/2021.3.7f1/Editor/Data/MonoBleedingEdge/lib/mono/unityjit-win32'
Mono config path = 'C:/Program Files/Unity/Hub/Editor/2021.3.7f1/Editor/Data/MonoBleedingEdge/etc'
Using monoOptions --debugger-agent=transport=dt_socket,embedding=1,server=y,suspend=n,address=127.0.0.1:56332
Begin MonoManager ReloadAssembly
Registering precompiled unity dll's ...
Register platform support module: C:/Program Files/Unity/Hub/Editor/2021.3.7f1/Editor/Data/PlaybackEngines/WebGLSupport/UnityEditor.WebGL.Extensions.dll
Register platform support module: C:/Program Files/Unity/Hub/Editor/2021.3.7f1/Editor/Data/PlaybackEngines/WindowsStandaloneSupport/UnityEditor.WindowsStandalone.Extensions.dll
Register platform support module: C:/Program Files/Unity/Hub/Editor/2021.3.7f1/Editor/Data/PlaybackEngines/MetroSupport/UnityEditor.UWP.Extensions.dll
Registered in 0.009866 seconds.
Native extension for UWP target not found
Native extension for WindowsStandalone target not found
Native extension for WebGL target not found
Refreshing native plugins compatible for Editor in 144.32 ms, found 3 plugins.
Preloading 0 native plugins for Editor in 0.00 ms.
Mono: successfully reloaded assembly
- Completed reload, in  0.689 seconds
Domain Reload Profiling:
	ReloadAssembly (689ms)
		BeginReloadAssembly (108ms)
			ExecutionOrderSort (0ms)
			DisableScriptedObjects (0ms)
			BackupInstance (0ms)
			ReleaseScriptingObjects (0ms)
			CreateAndSetChildDomain (1ms)
		EndReloadAssembly (474ms)
			LoadAssemblies (106ms)
			RebuildTransferFunctionScriptingTraits (0ms)
			SetupTypeCache (85ms)
			ReleaseScriptCaches (0ms)
			RebuildScriptCaches (25ms)
			SetupLoadedEditorAssemblies (320ms)
				LogAssemblyErrors (0ms)
				InitializePlatformSupportModulesInManaged (9ms)
				SetLoadedEditorAssemblies (0ms)
				RefreshPlugins (144ms)
				BeforeProcessingInitializeOnLoad (1ms)
				ProcessInitializeOnLoadAttributes (126ms)
				ProcessInitializeOnLoadMethodAttributes (39ms)
				AfterProcessingInitializeOnLoad (0ms)
				EditorAssembliesLoaded (0ms)
			ExecutionOrderSort2 (0ms)
			AwakeInstancesAfterBackupRestoration (0ms)
Platform modules already initialized, skipping
Registering precompiled user dll's ...
Registered in 0.027241 seconds.
Begin MonoManager ReloadAssembly
Symbol file LoadedFromMemory doesn't match image C:\Users\zbehr\OneDrive\Desktop\Kreetures\Kreetures3DSample\Library\PackageCache\com.unity.visualscripting@1.7.8\Editor\VisualScripting.Core\Dependencies\YamlDotNet\Unity.VisualScripting.YamlDotNet.dll
Symbol file LoadedFromMemory doesn't match image C:\Users\zbehr\OneDrive\Desktop\Kreetures\Kreetures3DSample\Library\PackageCache\com.unity.visualscripting@1.7.8\Editor\VisualScripting.Core\Dependencies\DotNetZip\Unity.VisualScripting.IonicZip.dll
Native extension for UWP target not found
Native extension for WindowsStandalone target not found
Native extension for WebGL target not found
Refreshing native plugins compatible for Editor in 131.55 ms, found 3 plugins.
Preloading 0 native plugins for Editor in 0.00 ms.
Mono: successfully reloaded assembly
- Completed reload, in  1.753 seconds
Domain Reload Profiling:
	ReloadAssembly (1754ms)
		BeginReloadAssembly (105ms)
			ExecutionOrderSort (0ms)
			DisableScriptedObjects (5ms)
			BackupInstance (0ms)
			ReleaseScriptingObjects (0ms)
			CreateAndSetChildDomain (19ms)
		EndReloadAssembly (1541ms)
			LoadAssemblies (170ms)
			RebuildTransferFunctionScriptingTraits (0ms)
			SetupTypeCache (309ms)
			ReleaseScriptCaches (1ms)
			RebuildScriptCaches (110ms)
			SetupLoadedEditorAssemblies (903ms)
				LogAssemblyErrors (0ms)
				InitializePlatformSupportModulesInManaged (7ms)
				SetLoadedEditorAssemblies (0ms)
				RefreshPlugins (132ms)
				BeforeProcessingInitializeOnLoad (149ms)
				ProcessInitializeOnLoadAttributes (533ms)
				ProcessInitializeOnLoadMethodAttributes (74ms)
				AfterProcessingInitializeOnLoad (7ms)
				EditorAssembliesLoaded (0ms)
			ExecutionOrderSort2 (0ms)
			AwakeInstancesAfterBackupRestoration (9ms)
Platform modules already initialized, skipping
========================================================================
Worker process is ready to serve import requests
Launched and connected shader compiler UnityShaderCompiler.exe after 0.07 seconds
Refreshing native plugins compatible for Editor in 1.26 ms, found 3 plugins.
Preloading 0 native plugins for Editor in 0.00 ms.
Unloading 6583 Unused Serialized files (Serialized files now loaded: 0)
Unloading 63 unused Assets / (2.4 MB). Loaded Objects now: 7055.
Memory consumption went from 332.9 MB to 330.5 MB.
Total: 5.032500 ms (FindLiveObjects: 0.412000 ms CreateObjectMapping: 0.242900 ms MarkObjects: 3.977600 ms  DeleteObjects: 0.398700 ms)

AssetImportParameters requested are different than current active one (requested -> active):
  custom:video-decoder-ogg-theora: a1e56fd34408186e4bbccfd4996cb3dc -> 
  custom:container-muxer-webm: aa71ff27fc2769a1b78a27578f13a17b -> 
  custom:container-demuxer-webm: 4f35f7cbe854078d1ac9338744f61a02 -> 
  custom:video-encoder-webm-vp8: eb34c28f22e8b96e1ab97ce403110664 -> 
  custom:audio-encoder-webm-vorbis: bf7c407c2cedff20999df2af8eb42d56 -> 
  custom:framework-win-MediaFoundation: 216162199b28c13a410421893ffa2e32 -> 
  custom:container-demuxer-ogg: 62fdf1f143b41e24485cea50d1cbac27 -> 
  custom:video-decoder-webm-vp8: 9c59270c3fd7afecdb556c50c9e8de78 -> 
  custom:audio-decoder-ogg-vorbis: bf7c407c2cedff20999df2af8eb42d56 -> 
========================================================================
Received Import Request.
  Time since last request: 160610.478640 seconds.
  path: Assets/Layer Lab/GUI Kit - Casual Fantasy/ResourcesData/Sprites/Demo/Demo_Icon/Icon_Boots02.Png
  artifactKey: Guid(7652c06b66a3b4d58a35b5c5aa8f8456) Importer(815301076,1909f56bfc062723c751e8b465ee728b)
Start importing Assets/Layer Lab/GUI Kit - Casual Fantasy/ResourcesData/Sprites/Demo/Demo_Icon/Icon_Boots02.Png using Guid(7652c06b66a3b4d58a35b5c5aa8f8456) Importer(815301076,1909f56bfc062723c751e8b465ee728b)  -> (artifact id: '83ee9296cf9133af8b4e6f4a9f7333cf') in 0.140359 seconds 
========================================================================
Received Import Request.
  Time since last request: 0.383840 seconds.
  path: Assets/Layer Lab/GUI Kit - Casual Fantasy/ResourcesData/Sprites/Demo/Demo_Icon/Icon_Close01.Png
  artifactKey: Guid(78711ed6bf9804974a5265512b8cbf62) Importer(815301076,1909f56bfc062723c751e8b465ee728b)
Start importing Assets/Layer Lab/GUI Kit - Casual Fantasy/ResourcesData/Sprites/Demo/Demo_Icon/Icon_Close01.Png using Guid(78711ed6bf9804974a5265512b8cbf62) Importer(815301076,1909f56bfc062723c751e8b465ee728b)  -> (artifact id: '2b52edb5cde636069674312c9dee217b') in 0.031821 seconds 
========================================================================
Received Import Request.
  Time since last request: 0.071032 seconds.
  path: Assets/Layer Lab/GUI Kit - Casual Fantasy/ResourcesData/Sprites/Demo/Demo_Icon/Icon_HamburgerMenu.Png
  artifactKey: Guid(5cc15811d8ac046bdae132f62597f2ec) Importer(815301076,1909f56bfc062723c751e8b465ee728b)
Start importing Assets/Layer Lab/GUI Kit - Casual Fantasy/ResourcesData/Sprites/Demo/Demo_Icon/Icon_HamburgerMenu.Png using Guid(5cc15811d8ac046bdae132f62597f2ec) Importer(815301076,1909f56bfc062723c751e8b465ee728b)  -> (artifact id: '1d7727bfd814022890c510d58b125e1d') in 0.021356 seconds 
========================================================================
Received Import Request.
  Time since last request: 2.542599 seconds.
  path: Assets/Layer Lab/GUI Kit - Casual Fantasy/ResourcesData/Sprites/Demo/Demo_Icon/Icon_Home.png
  artifactKey: Guid(b20473ecf58974c5abcf4763251e3acf) Importer(815301076,1909f56bfc062723c751e8b465ee728b)
Start importing Assets/Layer Lab/GUI Kit - Casual Fantasy/ResourcesData/Sprites/Demo/Demo_Icon/Icon_Home.png using Guid(b20473ecf58974c5abcf4763251e3acf) Importer(815301076,1909f56bfc062723c751e8b465ee728b)  -> (artifact id: '44b8ef9a623dcdc99779e26a4cc2a889') in 0.029888 seconds 
========================================================================
Received Import Request.
  Time since last request: 2.597461 seconds.
  path: Assets/Layer Lab/GUI Kit - Casual Fantasy/ResourcesData/Sprites/Demo/Demo_Icon/Icon_Map.Png
  artifactKey: Guid(2ac71457eed244b28995ea4ba5ba44fa) Importer(815301076,1909f56bfc062723c751e8b465ee728b)
Start importing Assets/Layer Lab/GUI Kit - Casual Fantasy/ResourcesData/Sprites/Demo/Demo_Icon/Icon_Map.Png using Guid(2ac71457eed244b28995ea4ba5ba44fa) Importer(815301076,1909f56bfc062723c751e8b465ee728b)  -> (artifact id: '28fdd82110f4b9be2b983624084e47c6') in 0.028620 seconds 
========================================================================
Received Import Request.
  Time since last request: 3.421003 seconds.
  path: Assets/Layer Lab/GUI Kit - Casual Fantasy/ResourcesData/Sprites/Demo/Demo_Icon/Icon_Picture.png
  artifactKey: Guid(c7ef851874de14545b796a845d74e489) Importer(815301076,1909f56bfc062723c751e8b465ee728b)
Start importing Assets/Layer Lab/GUI Kit - Casual Fantasy/ResourcesData/Sprites/Demo/Demo_Icon/Icon_Picture.png using Guid(c7ef851874de14545b796a845d74e489) Importer(815301076,1909f56bfc062723c751e8b465ee728b)  -> (artifact id: 'e7a1391cf667b1bab4bee1e8041d6a3b') in 0.024207 seconds 
========================================================================
Received Import Request.
  Time since last request: 0.417123 seconds.
  path: Assets/Layer Lab/GUI Kit - Casual Fantasy/ResourcesData/Sprites/Demo/Demo_Icon/Icon_Shield04.Png
  artifactKey: Guid(8896db8211ca441be9c09aa72d5ccd98) Importer(815301076,1909f56bfc062723c751e8b465ee728b)
Start importing Assets/Layer Lab/GUI Kit - Casual Fantasy/ResourcesData/Sprites/Demo/Demo_Icon/Icon_Shield04.Png using Guid(8896db8211ca441be9c09aa72d5ccd98) Importer(815301076,1909f56bfc062723c751e8b465ee728b)  -> (artifact id: '1eb946a7e8155e386cefe79f6f32018f') in 0.023949 seconds 
========================================================================
Received Import Request.
  Time since last request: 0.419590 seconds.
  path: Assets/Layer Lab/GUI Kit - Casual Fantasy/ResourcesData/Sprites/Demo/Demo_Icon/Icon_Sound.png
  artifactKey: Guid(c3bc8a560968f44cdbd484279fd8cac0) Importer(815301076,1909f56bfc062723c751e8b465ee728b)
Start importing Assets/Layer Lab/GUI Kit - Casual Fantasy/ResourcesData/Sprites/Demo/Demo_Icon/Icon_Sound.png using Guid(c3bc8a560968f44cdbd484279fd8cac0) Importer(815301076,1909f56bfc062723c751e8b465ee728b)  -> (artifact id: '70a4dc572af6d3aa87df3c19036e75ae') in 0.021084 seconds 
========================================================================
Received Import Request.
  Time since last request: 0.000024 seconds.
  path: Assets/Layer Lab/GUI Kit - Casual Fantasy/ResourcesData/Sprites/Demo/Demo_Icon/Icon_Star01_s.png
  artifactKey: Guid(72d705ce8d2ed45ae919811c15e03639) Importer(815301076,1909f56bfc062723c751e8b465ee728b)
Start importing Assets/Layer Lab/GUI Kit - Casual Fantasy/ResourcesData/Sprites/Demo/Demo_Icon/Icon_Star01_s.png using Guid(72d705ce8d2ed45ae919811c15e03639) Importer(815301076,1909f56bfc062723c751e8b465ee728b)  -> (artifact id: '2461b7f499bd051c855e38d905e39372') in 0.014872 seconds 
========================================================================
Received Import Request.
  Time since last request: 0.064838 seconds.
  path: Assets/Layer Lab/GUI Kit - Casual Fantasy/ResourcesData/Sprites/Demo/Demo_Icon/Icon_Star03_s.png
  artifactKey: Guid(ea092a2afd3374d23a3e3a972d2f5e15) Importer(815301076,1909f56bfc062723c751e8b465ee728b)
Start importing Assets/Layer Lab/GUI Kit - Casual Fantasy/ResourcesData/Sprites/Demo/Demo_Icon/Icon_Star03_s.png using Guid(ea092a2afd3374d23a3e3a972d2f5e15) Importer(815301076,1909f56bfc062723c751e8b465ee728b)  -> (artifact id: '058e76f5afb366f6effbbc65e976f4d2') in 0.023447 seconds 
========================================================================
Received Import Request.
  Time since last request: 0.376043 seconds.
  path: Assets/Layer Lab/GUI Kit - Casual Fantasy/ResourcesData/Sprites/Demo/Demo_Icon/Icon_Sword06.Png
  artifactKey: Guid(7d8b6181ad16b4a708f3c323b2efbe4a) Importer(815301076,1909f56bfc062723c751e8b465ee728b)
Start importing Assets/Layer Lab/GUI Kit - Casual Fantasy/ResourcesData/Sprites/Demo/Demo_Icon/Icon_Sword06.Png using Guid(7d8b6181ad16b4a708f3c323b2efbe4a) Importer(815301076,1909f56bfc062723c751e8b465ee728b)  -> (artifact id: '67aec23af4baf1461495a5caf1ff27e9') in 0.022441 seconds 
========================================================================
Received Import Request.
  Time since last request: 0.443849 seconds.
  path: Assets/Layer Lab/GUI Kit - Casual Fantasy/ResourcesData/Sprites/Demo/Demo_Icon/Icon_Trophy_s.png
  artifactKey: Guid(74804d019901142ada85d7488445d1c1) Importer(815301076,1909f56bfc062723c751e8b465ee728b)
Start importing Assets/Layer Lab/GUI Kit - Casual Fantasy/ResourcesData/Sprites/Demo/Demo_Icon/Icon_Trophy_s.png using Guid(74804d019901142ada85d7488445d1c1) Importer(815301076,1909f56bfc062723c751e8b465ee728b)  -> (artifact id: '03e6882f45c84269fbb3ac0a831c5676') in 0.025174 seconds 
========================================================================
Received Import Request.
  Time since last request: 0.037649 seconds.
  path: Packages/com.unity.collab-proxy/Editor/PlasticSCM/Assets/Images/iconbranch@2x.png
  artifactKey: Guid(e45389a8a97044d4caf408f252370632) Importer(815301076,1909f56bfc062723c751e8b465ee728b)
Start importing Packages/com.unity.collab-proxy/Editor/PlasticSCM/Assets/Images/iconbranch@2x.png using Guid(e45389a8a97044d4caf408f252370632) Importer(815301076,1909f56bfc062723c751e8b465ee728b)  -> (artifact id: '4bdba1d47174827786a502d4db025b28') in 0.018646 seconds 
========================================================================
Received Import Request.
  Time since last request: 4.128741 seconds.
  path: Packages/com.unity.collab-proxy/Editor/PlasticSCM/Assets/Images/iconconflictedoverlay.png
  artifactKey: Guid(d25a8ffe41f199d4c8f355d2de2d19e0) Importer(815301076,1909f56bfc062723c751e8b465ee728b)
Start importing Packages/com.unity.collab-proxy/Editor/PlasticSCM/Assets/Images/iconconflictedoverlay.png using Guid(d25a8ffe41f199d4c8f355d2de2d19e0) Importer(815301076,1909f56bfc062723c751e8b465ee728b)  -> (artifact id: '6f09c175d602090a303e38622ca1aa99') in 0.019867 seconds 
========================================================================
Received Import Request.
  Time since last request: 0.000026 seconds.
  path: Packages/com.unity.collab-proxy/Editor/PlasticSCM/Assets/Images/iconconflictresolvedoverlay.png
  artifactKey: Guid(0a78c2b019ae1e5448f50d83adcfd965) Importer(815301076,1909f56bfc062723c751e8b465ee728b)
Start importing Packages/com.unity.collab-proxy/Editor/PlasticSCM/Assets/Images/iconconflictresolvedoverlay.png using Guid(0a78c2b019ae1e5448f50d83adcfd965) Importer(815301076,1909f56bfc062723c751e8b465ee728b)  -> (artifact id: 'eaf3412118ad27aa2767bb42d898edcd') in 0.015670 seconds 
========================================================================
Received Import Request.
  Time since last request: 0.433828 seconds.
  path: Packages/com.unity.collab-proxy/Editor/PlasticSCM/Assets/Images/icondeletedlocaloverlay@2x.png
  artifactKey: Guid(a3e491f99ea3ad74f8731ca93e84c497) Importer(815301076,1909f56bfc062723c751e8b465ee728b)
Start importing Packages/com.unity.collab-proxy/Editor/PlasticSCM/Assets/Images/icondeletedlocaloverlay@2x.png using Guid(a3e491f99ea3ad74f8731ca93e84c497) Importer(815301076,1909f56bfc062723c751e8b465ee728b)  -> (artifact id: '21616cfb99f9166c6cf65cc23b75d909') in 0.019342 seconds 
========================================================================
Received Import Request.
  Time since last request: 0.367388 seconds.
  path: Packages/com.unity.collab-proxy/Editor/PlasticSCM/Assets/Images/iconemptygravatar@2x.png
  artifactKey: Guid(da545229eea36164d8b8cba2f75a1143) Importer(815301076,1909f56bfc062723c751e8b465ee728b)
Start importing Packages/com.unity.collab-proxy/Editor/PlasticSCM/Assets/Images/iconemptygravatar@2x.png using Guid(da545229eea36164d8b8cba2f75a1143) Importer(815301076,1909f56bfc062723c751e8b465ee728b)  -> (artifact id: '55cad1e642f31f31037bd344073fb5e2') in 0.027386 seconds 
========================================================================
Received Import Request.
  Time since last request: 0.412558 seconds.
  path: Packages/com.unity.collab-proxy/Editor/PlasticSCM/Assets/Images/iconmoved.png
  artifactKey: Guid(8a6cca56e2b63344eb4769cd92d93ffb) Importer(815301076,1909f56bfc062723c751e8b465ee728b)
Start importing Packages/com.unity.collab-proxy/Editor/PlasticSCM/Assets/Images/iconmoved.png using Guid(8a6cca56e2b63344eb4769cd92d93ffb) Importer(815301076,1909f56bfc062723c751e8b465ee728b)  -> (artifact id: 'f54eaa9ddb79c8d75cbfbd0a3ae6bbe2') in 0.018018 seconds 
========================================================================
Received Import Request.
  Time since last request: 0.022933 seconds.
  path: Packages/com.unity.collab-proxy/Editor/PlasticSCM/Assets/Images/iconplasticnotifyconflict.png
  artifactKey: Guid(a916ed6819efd014588f58e3cfc48196) Importer(815301076,1909f56bfc062723c751e8b465ee728b)
Start importing Packages/com.unity.collab-proxy/Editor/PlasticSCM/Assets/Images/iconplasticnotifyconflict.png using Guid(a916ed6819efd014588f58e3cfc48196) Importer(815301076,1909f56bfc062723c751e8b465ee728b)  -> (artifact id: 'c1740374450c4a3be2af6950b04cd01e') in 0.019679 seconds 
========================================================================
Received Import Request.
  Time since last request: 0.322429 seconds.
  path: Packages/com.unity.collab-proxy/Editor/PlasticSCM/Assets/Images/iconplasticviewnotify.png
  artifactKey: Guid(fcbb76d583fe7ee4e80e7e47c0593c4a) Importer(815301076,1909f56bfc062723c751e8b465ee728b)
Start importing Packages/com.unity.collab-proxy/Editor/PlasticSCM/Assets/Images/iconplasticviewnotify.png using Guid(fcbb76d583fe7ee4e80e7e47c0593c4a) Importer(815301076,1909f56bfc062723c751e8b465ee728b)  -> (artifact id: '60d9fcb9f43db8147cde86de85da2c85') in 0.023259 seconds 
========================================================================
Received Import Request.
  Time since last request: 0.038439 seconds.
  path: Packages/com.unity.collab-proxy/Editor/PlasticSCM/Assets/Images/iconundo.png
  artifactKey: Guid(98773313eabe35543bfdbf542ccea271) Importer(815301076,1909f56bfc062723c751e8b465ee728b)
Start importing Packages/com.unity.collab-proxy/Editor/PlasticSCM/Assets/Images/iconundo.png using Guid(98773313eabe35543bfdbf542ccea271) Importer(815301076,1909f56bfc062723c751e8b465ee728b)  -> (artifact id: 'c28dc2f70ab773a80eb1ba43e7c480d4') in 0.018579 seconds 
========================================================================
Received Import Request.
  Time since last request: 0.322910 seconds.
  path: Assets/Layer Lab/GUI Kit - Casual Fantasy/ResourcesData/Sprites/Demo/Demo_Image/Image_Deco01.png
  artifactKey: Guid(018a46600f63a409280e90ebe714cfa1) Importer(815301076,1909f56bfc062723c751e8b465ee728b)
Start importing Assets/Layer Lab/GUI Kit - Casual Fantasy/ResourcesData/Sprites/Demo/Demo_Image/Image_Deco01.png using Guid(018a46600f63a409280e90ebe714cfa1) Importer(815301076,1909f56bfc062723c751e8b465ee728b)  -> (artifact id: '9528a66214aa74f044b51fe48bf784ad') in 0.023141 seconds 
========================================================================
Received Import Request.
  Time since last request: 0.020371 seconds.
  path: Assets/Layer Lab/GUI Kit - Casual Fantasy/ResourcesData/Sprites/Components/Frame/ItemFrame01_Demo_Gray.png
  artifactKey: Guid(695315d059c5a44a3ac75d6ff2b303f7) Importer(815301076,1909f56bfc062723c751e8b465ee728b)
Start importing Assets/Layer Lab/GUI Kit - Casual Fantasy/ResourcesData/Sprites/Components/Frame/ItemFrame01_Demo_Gray.png using Guid(695315d059c5a44a3ac75d6ff2b303f7) Importer(815301076,1909f56bfc062723c751e8b465ee728b)  -> (artifact id: '75fd4be7b19010ef63b94721c1f0da73') in 0.020463 seconds 
========================================================================
Received Import Request.
  Time since last request: 0.000025 seconds.
  path: Assets/Layer Lab/GUI Kit - Casual Fantasy/ResourcesData/Sprites/Components/Frame/ItemFrame01_Demo_Purple.png
  artifactKey: Guid(66713ebeb27e5458ab99d56806fdaca5) Importer(815301076,1909f56bfc062723c751e8b465ee728b)
Start importing Assets/Layer Lab/GUI Kit - Casual Fantasy/ResourcesData/Sprites/Components/Frame/ItemFrame01_Demo_Purple.png using Guid(66713ebeb27e5458ab99d56806fdaca5) Importer(815301076,1909f56bfc062723c751e8b465ee728b)  -> (artifact id: '9c3b09b7d830f72d8087cc59abfae5ad') in 0.014717 seconds 
========================================================================
Received Import Request.
  Time since last request: 0.319924 seconds.
  path: Assets/Layer Lab/GUI Kit - Casual Fantasy/ResourcesData/Sprites/Components/Frame/ItemFrame01_Demo_Yellow.png
  artifactKey: Guid(8e18b3a86bc10436584b8d995979a65c) Importer(815301076,1909f56bfc062723c751e8b465ee728b)
Start importing Assets/Layer Lab/GUI Kit - Casual Fantasy/ResourcesData/Sprites/Components/Frame/ItemFrame01_Demo_Yellow.png using Guid(8e18b3a86bc10436584b8d995979a65c) Importer(815301076,1909f56bfc062723c751e8b465ee728b)  -> (artifact id: '584a9e64cd55ab27a4be1912e8b1b03e') in 0.021401 seconds 
========================================================================
Received Import Request.
  Time since last request: 0.045835 seconds.
  path: Assets/Layer Lab/GUI Kit - Casual Fantasy/ResourcesData/Sprites/Components/Frame/ItemFrame03_Demo.png
  artifactKey: Guid(23fab9428f40a4310a1aad8e3e9fbdc0) Importer(815301076,1909f56bfc062723c751e8b465ee728b)
Start importing Assets/Layer Lab/GUI Kit - Casual Fantasy/ResourcesData/Sprites/Components/Frame/ItemFrame03_Demo.png using Guid(23fab9428f40a4310a1aad8e3e9fbdc0) Importer(815301076,1909f56bfc062723c751e8b465ee728b)  -> (artifact id: 'd325320e5b446b0c74fd0c8e60ca1599') in 0.024437 seconds 
========================================================================
Received Import Request.
  Time since last request: 0.000046 seconds.
  path: Assets/Layer Lab/GUI Kit - Casual Fantasy/ResourcesData/Sprites/Components/Frame/ItemFrame04_Demo_TextBg.png
  artifactKey: Guid(cc3eb2e133b504a57a642b5cd7c4b2c7) Importer(815301076,1909f56bfc062723c751e8b465ee728b)
Start importing Assets/Layer Lab/GUI Kit - Casual Fantasy/ResourcesData/Sprites/Components/Frame/ItemFrame04_Demo_TextBg.png using Guid(cc3eb2e133b504a57a642b5cd7c4b2c7) Importer(815301076,1909f56bfc062723c751e8b465ee728b)  -> (artifact id: '5d8be902782dd1a2b3eaca3ec7bb5c16') in 0.016050 seconds 
========================================================================
Received Import Request.
  Time since last request: 0.834893 seconds.
  path: Assets/Layer Lab/GUI Kit - Casual Fantasy/ResourcesData/Sprites/Components/Frame/ItemFrame05_Demo_FocusLine.png
  artifactKey: Guid(a745d3d011f074194abdb0b0e5f8085f) Importer(815301076,1909f56bfc062723c751e8b465ee728b)
Start importing Assets/Layer Lab/GUI Kit - Casual Fantasy/ResourcesData/Sprites/Components/Frame/ItemFrame05_Demo_FocusLine.png using Guid(a745d3d011f074194abdb0b0e5f8085f) Importer(815301076,1909f56bfc062723c751e8b465ee728b)  -> (artifact id: 'a5f498dc293cf4f6bbf899f135673591') in 0.023790 seconds 
========================================================================
Received Import Request.
  Time since last request: 0.607136 seconds.
  path: Assets/Layer Lab/GUI Kit - Casual Fantasy/ResourcesData/Sprites/Components/Icon_ItemIcons_(x2)/256/ItemIcon_Anvil.Png
  artifactKey: Guid(8463fe6dd547648bb8365745f7ba7c57) Importer(815301076,1909f56bfc062723c751e8b465ee728b)
Start importing Assets/Layer Lab/GUI Kit - Casual Fantasy/ResourcesData/Sprites/Components/Icon_ItemIcons_(x2)/256/ItemIcon_Anvil.Png using Guid(8463fe6dd547648bb8365745f7ba7c57) Importer(815301076,1909f56bfc062723c751e8b465ee728b)  -> (artifact id: '012f88f34577e81a5a8268603a21a3a9') in 0.024941 seconds 
========================================================================
Received Import Request.
  Time since last request: 0.002319 seconds.
  path: Assets/Layer Lab/GUI Kit - Casual Fantasy/ResourcesData/Sprites/Components/Icon_ItemIcons_(Original)/Itemicon_Badge_Crown.Png
  artifactKey: Guid(8bf5973f2315041b599c915f2db82e9a) Importer(815301076,1909f56bfc062723c751e8b465ee728b)
Start importing Assets/Layer Lab/GUI Kit - Casual Fantasy/ResourcesData/Sprites/Components/Icon_ItemIcons_(Original)/Itemicon_Badge_Crown.Png using Guid(8bf5973f2315041b599c915f2db82e9a) Importer(815301076,1909f56bfc062723c751e8b465ee728b)  -> (artifact id: 'c4d96a4beed3d50fabc4809655461f64') in 0.022710 seconds 
========================================================================
Received Import Request.
  Time since last request: 0.000025 seconds.
  path: Assets/Layer Lab/GUI Kit - Casual Fantasy/ResourcesData/Sprites/Components/Icon_ItemIcons_(x2)/512/ItemIcon_Badge_Energy.png
  artifactKey: Guid(38d138f4bd4964678b146f843d742bd8) Importer(815301076,1909f56bfc062723c751e8b465ee728b)
Start importing Assets/Layer Lab/GUI Kit - Casual Fantasy/ResourcesData/Sprites/Components/Icon_ItemIcons_(x2)/512/ItemIcon_Badge_Energy.png using Guid(38d138f4bd4964678b146f843d742bd8) Importer(815301076,1909f56bfc062723c751e8b465ee728b)  -> (artifact id: '0f325865a7ca5daebe9041c17237a7e7') in 0.026737 seconds 
========================================================================
Received Import Request.
  Time since last request: 0.525744 seconds.
  path: Assets/Layer Lab/GUI Kit - Casual Fantasy/ResourcesData/Sprites/Components/Icon_ItemIcons_(x2)/256/ItemIcon_Bag01.Png
  artifactKey: Guid(87e545da95ffc49ea962e18d86f7ee3f) Importer(815301076,1909f56bfc062723c751e8b465ee728b)
Start importing Assets/Layer Lab/GUI Kit - Casual Fantasy/ResourcesData/Sprites/Components/Icon_ItemIcons_(x2)/256/ItemIcon_Bag01.Png using Guid(87e545da95ffc49ea962e18d86f7ee3f) Importer(815301076,1909f56bfc062723c751e8b465ee728b)  -> (artifact id: 'd3d9dc4cfd910b40e0e01c9ea15e5474') in 0.026996 seconds 
========================================================================
Received Import Request.
  Time since last request: 0.026522 seconds.
  path: Assets/Layer Lab/GUI Kit - Casual Fantasy/ResourcesData/Sprites/Components/Icon_ItemIcons_(Original)/Itemicon_Bag02.Png
  artifactKey: Guid(331a65e3224d546d1808ca2922092956) Importer(815301076,1909f56bfc062723c751e8b465ee728b)
Start importing Assets/Layer Lab/GUI Kit - Casual Fantasy/ResourcesData/Sprites/Components/Icon_ItemIcons_(Original)/Itemicon_Bag02.Png using Guid(331a65e3224d546d1808ca2922092956) Importer(815301076,1909f56bfc062723c751e8b465ee728b)  -> (artifact id: '1ec0172f09126a138e2129ae9ccb02cb') in 0.023422 seconds 
========================================================================
Received Import Request.
  Time since last request: 0.885909 seconds.
  path: Assets/Layer Lab/GUI Kit - Casual Fantasy/ResourcesData/Sprites/Components/Icon_ItemIcons_(Original)/Itemicon_Book01_Blue.Png
  artifactKey: Guid(4be5dc75a31b142a584d48f12727ae3c) Importer(815301076,1909f56bfc062723c751e8b465ee728b)
Start importing Assets/Layer Lab/GUI Kit - Casual Fantasy/ResourcesData/Sprites/Components/Icon_ItemIcons_(Original)/Itemicon_Book01_Blue.Png using Guid(4be5dc75a31b142a584d48f12727ae3c) Importer(815301076,1909f56bfc062723c751e8b465ee728b)  -> (artifact id: 'f30a1225c8a17a9e018dceb4915213aa') in 0.033776 seconds 
========================================================================
Received Import Request.
  Time since last request: 0.069471 seconds.
  path: Assets/Layer Lab/GUI Kit - Casual Fantasy/ResourcesData/Sprites/Components/Icon_ItemIcons_(x2)/512/ItemIcon_Book02_Brown.png
  artifactKey: Guid(9069d00d887b3493786ad0c2f526ca78) Importer(815301076,1909f56bfc062723c751e8b465ee728b)
Start importing Assets/Layer Lab/GUI Kit - Casual Fantasy/ResourcesData/Sprites/Components/Icon_ItemIcons_(x2)/512/ItemIcon_Book02_Brown.png using Guid(9069d00d887b3493786ad0c2f526ca78) Importer(815301076,1909f56bfc062723c751e8b465ee728b)  -> (artifact id: '49c124c7bd680fc0c6b1672dda8dce84') in 0.031778 seconds 
========================================================================
Received Import Request.
  Time since last request: 0.435459 seconds.
  path: Assets/Layer Lab/GUI Kit - Casual Fantasy/ResourcesData/Sprites/Components/Icon_ItemIcons_(x2)/128/ItemIcon_Book02_Teal.png
  artifactKey: Guid(8c2abd32fc11f43efbe8a90681fe0a99) Importer(815301076,1909f56bfc062723c751e8b465ee728b)
Start importing Assets/Layer Lab/GUI Kit - Casual Fantasy/ResourcesData/Sprites/Components/Icon_ItemIcons_(x2)/128/ItemIcon_Book02_Teal.png using Guid(8c2abd32fc11f43efbe8a90681fe0a99) Importer(815301076,1909f56bfc062723c751e8b465ee728b)  -> (artifact id: 'd1c387c5375381b3e2f321d29464905f') in 0.019601 seconds 
========================================================================
Received Import Request.
  Time since last request: 0.000023 seconds.
  path: Assets/Layer Lab/GUI Kit - Casual Fantasy/ResourcesData/Sprites/Components/Icon_ItemIcons_(x2)/512/ItemIcon_Coin.png
  artifactKey: Guid(9b2bc0b2a45c14f1cad7b6f4a7dbcaca) Importer(815301076,1909f56bfc062723c751e8b465ee728b)
Start importing Assets/Layer Lab/GUI Kit - Casual Fantasy/ResourcesData/Sprites/Components/Icon_ItemIcons_(x2)/512/ItemIcon_Coin.png using Guid(9b2bc0b2a45c14f1cad7b6f4a7dbcaca) Importer(815301076,1909f56bfc062723c751e8b465ee728b)  -> (artifact id: 'fcf531c4a8e54b2ee9efbc6645567463') in 0.023864 seconds 
========================================================================
Received Import Request.
  Time since last request: 1.761387 seconds.
  path: Assets/Layer Lab/GUI Kit - Casual Fantasy/ResourcesData/Sprites/Components/Icon_ItemIcons_(Original)/Itemicon_Crown.Png
  artifactKey: Guid(45ded4981ced0488c8b8922d8b5c8c77) Importer(815301076,1909f56bfc062723c751e8b465ee728b)
Start importing Assets/Layer Lab/GUI Kit - Casual Fantasy/ResourcesData/Sprites/Components/Icon_ItemIcons_(Original)/Itemicon_Crown.Png using Guid(45ded4981ced0488c8b8922d8b5c8c77) Importer(815301076,1909f56bfc062723c751e8b465ee728b)  -> (artifact id: '69597e3420f71dc26633e46b5d01152d') in 0.029622 seconds 
========================================================================
Received Import Request.
  Time since last request: 0.045250 seconds.
  path: Assets/Layer Lab/GUI Kit - Casual Fantasy/ResourcesData/Sprites/Components/Icon_ItemIcons_(x2)/128/ItemIcon_Cup.png
  artifactKey: Guid(2be1db0e0481c47b8b503309e54ef0f3) Importer(815301076,1909f56bfc062723c751e8b465ee728b)
Start importing Assets/Layer Lab/GUI Kit - Casual Fantasy/ResourcesData/Sprites/Components/Icon_ItemIcons_(x2)/128/ItemIcon_Cup.png using Guid(2be1db0e0481c47b8b503309e54ef0f3) Importer(815301076,1909f56bfc062723c751e8b465ee728b)  -> (artifact id: '6494b27f3f4295db6aa076333a23b0e9') in 0.023784 seconds 
========================================================================
Received Import Request.
  Time since last request: 1.225048 seconds.
  path: Assets/Layer Lab/GUI Kit - Casual Fantasy/ResourcesData/Sprites/Components/Icon_ItemIcons_(x2)/512/ItemIcon_Gem_Pentagon_Blue.png
  artifactKey: Guid(db445bdb34cc34ec78fc713c3278d6db) Importer(815301076,1909f56bfc062723c751e8b465ee728b)
Start importing Assets/Layer Lab/GUI Kit - Casual Fantasy/ResourcesData/Sprites/Components/Icon_ItemIcons_(x2)/512/ItemIcon_Gem_Pentagon_Blue.png using Guid(db445bdb34cc34ec78fc713c3278d6db) Importer(815301076,1909f56bfc062723c751e8b465ee728b)  -> (artifact id: 'fec8d01a52300350cd6d0d44e2bc0f08') in 0.032173 seconds 
========================================================================
Received Import Request.
  Time since last request: 0.047016 seconds.
  path: Assets/Layer Lab/GUI Kit - Casual Fantasy/ResourcesData/Sprites/Components/Icon_ItemIcons_(Original)/Itemicon_Gem_Pentagon_Gray.Png
  artifactKey: Guid(c0a8812b6dd7449de91a3e9debb99fd6) Importer(815301076,1909f56bfc062723c751e8b465ee728b)
Start importing Assets/Layer Lab/GUI Kit - Casual Fantasy/ResourcesData/Sprites/Components/Icon_ItemIcons_(Original)/Itemicon_Gem_Pentagon_Gray.Png using Guid(c0a8812b6dd7449de91a3e9debb99fd6) Importer(815301076,1909f56bfc062723c751e8b465ee728b)  -> (artifact id: '69328f3462c3068b2f4dda29d4bf81ae') in 0.023079 seconds 
========================================================================
Received Import Request.
  Time since last request: 1.325906 seconds.
  path: Assets/Layer Lab/GUI Kit - Casual Fantasy/ResourcesData/Sprites/Components/Icon_ItemIcons_(x2)/256/ItemIcon_Gem_Pentagon_Purple.Png
  artifactKey: Guid(21b45cc33c8dd4aa39732ffe171e4405) Importer(815301076,1909f56bfc062723c751e8b465ee728b)
Start importing Assets/Layer Lab/GUI Kit - Casual Fantasy/ResourcesData/Sprites/Components/Icon_ItemIcons_(x2)/256/ItemIcon_Gem_Pentagon_Purple.Png using Guid(21b45cc33c8dd4aa39732ffe171e4405) Importer(815301076,1909f56bfc062723c751e8b465ee728b)  -> (artifact id: '4bb74de1bae753dc72d3218f5e7e1aaa') in 0.019804 seconds 
========================================================================
Received Import Request.
  Time since last request: 0.465211 seconds.
  path: Assets/Layer Lab/GUI Kit - Casual Fantasy/ResourcesData/Sprites/Components/Icon_ItemIcons_(x2)/128/ItemIcon_Gem_Pentagon_Red.png
  artifactKey: Guid(eca87834fb7f948818f465338bd28cf6) Importer(815301076,1909f56bfc062723c751e8b465ee728b)
Start importing Assets/Layer Lab/GUI Kit - Casual Fantasy/ResourcesData/Sprites/Components/Icon_ItemIcons_(x2)/128/ItemIcon_Gem_Pentagon_Red.png using Guid(eca87834fb7f948818f465338bd28cf6) Importer(815301076,1909f56bfc062723c751e8b465ee728b)  -> (artifact id: '68bfe6c2ace6563866f133fdb03b8f75') in 0.024991 seconds 
========================================================================
Received Import Request.
  Time since last request: 0.000028 seconds.
  path: Assets/Layer Lab/GUI Kit - Casual Fantasy/ResourcesData/Sprites/Components/Icon_ItemIcons_(Original)/Itemicon_Gem_Pentagon_Yellow.Png
  artifactKey: Guid(8300b7105231e4bad80bdc988fa89130) Importer(815301076,1909f56bfc062723c751e8b465ee728b)
Start importing Assets/Layer Lab/GUI Kit - Casual Fantasy/ResourcesData/Sprites/Components/Icon_ItemIcons_(Original)/Itemicon_Gem_Pentagon_Yellow.Png using Guid(8300b7105231e4bad80bdc988fa89130) Importer(815301076,1909f56bfc062723c751e8b465ee728b)  -> (artifact id: '73fbc483e95f3e0f146badf12a1b3af3') in 0.014843 seconds 
========================================================================
Received Import Request.
  Time since last request: 0.020334 seconds.
  path: Assets/Layer Lab/GUI Kit - Casual Fantasy/ResourcesData/Sprites/Components/Icon_ItemIcons_(x2)/256/ItemIcon_Gem_Triangle_Blue.Png
  artifactKey: Guid(2a84a8dd23ebc498f99f66db60a714e3) Importer(815301076,1909f56bfc062723c751e8b465ee728b)
Start importing Assets/Layer Lab/GUI Kit - Casual Fantasy/ResourcesData/Sprites/Components/Icon_ItemIcons_(x2)/256/ItemIcon_Gem_Triangle_Blue.Png using Guid(2a84a8dd23ebc498f99f66db60a714e3) Importer(815301076,1909f56bfc062723c751e8b465ee728b)  -> (artifact id: 'b9fc9610aec8122a0986194af9726005') in 0.022301 seconds 
========================================================================
Received Import Request.
  Time since last request: 0.397562 seconds.
  path: Assets/Layer Lab/GUI Kit - Casual Fantasy/ResourcesData/Sprites/Components/Icon_ItemIcons_(x2)/256/ItemIcon_Gem_Triangle_Gray.Png
  artifactKey: Guid(f727e753f48b140bba9487536c308130) Importer(815301076,1909f56bfc062723c751e8b465ee728b)
Start importing Assets/Layer Lab/GUI Kit - Casual Fantasy/ResourcesData/Sprites/Components/Icon_ItemIcons_(x2)/256/ItemIcon_Gem_Triangle_Gray.Png using Guid(f727e753f48b140bba9487536c308130) Importer(815301076,1909f56bfc062723c751e8b465ee728b)  -> (artifact id: '4d3538bf4b97590518798fdaa480d138') in 0.026741 seconds 
========================================================================
Received Import Request.
  Time since last request: 0.000030 seconds.
  path: Assets/Layer Lab/GUI Kit - Casual Fantasy/ResourcesData/Sprites/Components/Icon_ItemIcons_(x2)/512/ItemIcon_Gem_Triangle_Green.png
  artifactKey: Guid(5a8bce58c7a464789ab2cb9af114422a) Importer(815301076,1909f56bfc062723c751e8b465ee728b)
Start importing Assets/Layer Lab/GUI Kit - Casual Fantasy/ResourcesData/Sprites/Components/Icon_ItemIcons_(x2)/512/ItemIcon_Gem_Triangle_Green.png using Guid(5a8bce58c7a464789ab2cb9af114422a) Importer(815301076,1909f56bfc062723c751e8b465ee728b)  -> (artifact id: 'fef6fcbeae73e49d48faefcbaeb607e5') in 0.030166 seconds 
Editor requested this worker to shutdown with reason: Scaling down because of idle timeout
AssetImportWorker is now disconnected from the server
Process exiting
Exiting without the bug reporter. Application will terminate with return code 0