Using pre-set license
Built from '2021.3/staging' branch; Version is '2021.3.7f1 (24e8595d6d43) revision 2418777'; Using compiler version '192829333'; Build Type 'Release'
OS: 'Windows 11  (10.0.22631) 64bit Core' Language: 'en' Physical Memory: 16084 MB
BatchMode: 1, IsHumanControllingUs: 0, StartBugReporterOnCrash: 0, Is64bit: 1, IsPro: 1

COMMAND LINE ARGUMENTS:
C:\Program Files\Unity\Hub\Editor\2021.3.7f1\Editor\Unity.exe
-adb2
-batchMode
-noUpm
-name
AssetImportWorker3
-projectPath
C:/Users/zbehr/OneDrive/Desktop/Kreetures/Kreetures3DSample
-logFile
Logs/AssetImportWorker3.log
-srvPort
53142
Successfully changed project path to: C:/Users/zbehr/OneDrive/Desktop/Kreetures/Kreetures3DSample
C:/Users/zbehr/OneDrive/Desktop/Kreetures/Kreetures3DSample
[UnityMemory] Configuration Parameters - Can be set up in boot.config
    "memorysetup-bucket-allocator-granularity=16"
    "memorysetup-bucket-allocator-bucket-count=8"
    "memorysetup-bucket-allocator-block-size=33554432"
    "memorysetup-bucket-allocator-block-count=8"
    "memorysetup-main-allocator-block-size=16777216"
    "memorysetup-thread-allocator-block-size=16777216"
    "memorysetup-gfx-main-allocator-block-size=16777216"
    "memorysetup-gfx-thread-allocator-block-size=16777216"
    "memorysetup-cache-allocator-block-size=4194304"
    "memorysetup-typetree-allocator-block-size=2097152"
    "memorysetup-profiler-bucket-allocator-granularity=16"
    "memorysetup-profiler-bucket-allocator-bucket-count=8"
    "memorysetup-profiler-bucket-allocator-block-size=33554432"
    "memorysetup-profiler-bucket-allocator-block-count=8"
    "memorysetup-profiler-allocator-block-size=16777216"
    "memorysetup-profiler-editor-allocator-block-size=1048576"
    "memorysetup-temp-allocator-size-main=16777216"
    "memorysetup-job-temp-allocator-block-size=2097152"
    "memorysetup-job-temp-allocator-block-size-background=1048576"
    "memorysetup-job-temp-allocator-reduction-small-platforms=262144"
    "memorysetup-temp-allocator-size-background-worker=32768"
    "memorysetup-temp-allocator-size-job-worker=262144"
    "memorysetup-temp-allocator-size-preload-manager=33554432"
    "memorysetup-temp-allocator-size-nav-mesh-worker=65536"
    "memorysetup-temp-allocator-size-audio-worker=65536"
    "memorysetup-temp-allocator-size-cloud-worker=32768"
    "memorysetup-temp-allocator-size-gi-baking-worker=262144"
    "memorysetup-temp-allocator-size-gfx=262144"
Refreshing native plugins compatible for Editor in 147.59 ms, found 3 plugins.
Preloading 0 native plugins for Editor in 0.00 ms.
Initialize engine version: 2021.3.7f1 (24e8595d6d43)
[Subsystems] Discovering subsystems at path C:/Program Files/Unity/Hub/Editor/2021.3.7f1/Editor/Data/Resources/UnitySubsystems
[Subsystems] Discovering subsystems at path C:/Users/zbehr/OneDrive/Desktop/Kreetures/Kreetures3DSample/Assets
GfxDevice: creating device client; threaded=0; jobified=0
Direct3D:
    Version:  Direct3D 11.0 [level 11.1]
    Renderer: NVIDIA GeForce RTX 3060 Laptop GPU (ID=0x2520)
    Vendor:   NVIDIA
    VRAM:     6010 MB
    Driver:   31.0.15.4601
Initialize mono
Mono path[0] = 'C:/Program Files/Unity/Hub/Editor/2021.3.7f1/Editor/Data/Managed'
Mono path[1] = 'C:/Program Files/Unity/Hub/Editor/2021.3.7f1/Editor/Data/MonoBleedingEdge/lib/mono/unityjit-win32'
Mono config path = 'C:/Program Files/Unity/Hub/Editor/2021.3.7f1/Editor/Data/MonoBleedingEdge/etc'
Using monoOptions --debugger-agent=transport=dt_socket,embedding=1,server=y,suspend=n,address=127.0.0.1:56088
Begin MonoManager ReloadAssembly
Registering precompiled unity dll's ...
Register platform support module: C:/Program Files/Unity/Hub/Editor/2021.3.7f1/Editor/Data/PlaybackEngines/WebGLSupport/UnityEditor.WebGL.Extensions.dll
Register platform support module: C:/Program Files/Unity/Hub/Editor/2021.3.7f1/Editor/Data/PlaybackEngines/WindowsStandaloneSupport/UnityEditor.WindowsStandalone.Extensions.dll
Register platform support module: C:/Program Files/Unity/Hub/Editor/2021.3.7f1/Editor/Data/PlaybackEngines/MetroSupport/UnityEditor.UWP.Extensions.dll
Registered in 0.007128 seconds.
Native extension for UWP target not found
Native extension for WindowsStandalone target not found
Native extension for WebGL target not found
Refreshing native plugins compatible for Editor in 144.18 ms, found 3 plugins.
Preloading 0 native plugins for Editor in 0.00 ms.
Mono: successfully reloaded assembly
- Completed reload, in  0.712 seconds
Domain Reload Profiling:
	ReloadAssembly (713ms)
		BeginReloadAssembly (74ms)
			ExecutionOrderSort (0ms)
			DisableScriptedObjects (0ms)
			BackupInstance (0ms)
			ReleaseScriptingObjects (0ms)
			CreateAndSetChildDomain (1ms)
		EndReloadAssembly (536ms)
			LoadAssemblies (74ms)
			RebuildTransferFunctionScriptingTraits (0ms)
			SetupTypeCache (102ms)
			ReleaseScriptCaches (0ms)
			RebuildScriptCaches (28ms)
			SetupLoadedEditorAssemblies (347ms)
				LogAssemblyErrors (0ms)
				InitializePlatformSupportModulesInManaged (8ms)
				SetLoadedEditorAssemblies (0ms)
				RefreshPlugins (144ms)
				BeforeProcessingInitializeOnLoad (1ms)
				ProcessInitializeOnLoadAttributes (143ms)
				ProcessInitializeOnLoadMethodAttributes (50ms)
				AfterProcessingInitializeOnLoad (0ms)
				EditorAssembliesLoaded (0ms)
			ExecutionOrderSort2 (0ms)
			AwakeInstancesAfterBackupRestoration (0ms)
Platform modules already initialized, skipping
Registering precompiled user dll's ...
Registered in 0.014880 seconds.
Begin MonoManager ReloadAssembly
Symbol file LoadedFromMemory doesn't match image C:\Users\zbehr\OneDrive\Desktop\Kreetures\Kreetures3DSample\Library\PackageCache\com.unity.visualscripting@1.7.8\Editor\VisualScripting.Core\Dependencies\YamlDotNet\Unity.VisualScripting.YamlDotNet.dll
Symbol file LoadedFromMemory doesn't match image C:\Users\zbehr\OneDrive\Desktop\Kreetures\Kreetures3DSample\Library\PackageCache\com.unity.visualscripting@1.7.8\Editor\VisualScripting.Core\Dependencies\DotNetZip\Unity.VisualScripting.IonicZip.dll
Native extension for UWP target not found
Native extension for WindowsStandalone target not found
Native extension for WebGL target not found
Refreshing native plugins compatible for Editor in 153.18 ms, found 3 plugins.
Preloading 0 native plugins for Editor in 0.00 ms.
Mono: successfully reloaded assembly
- Completed reload, in  1.653 seconds
Domain Reload Profiling:
	ReloadAssembly (1654ms)
		BeginReloadAssembly (113ms)
			ExecutionOrderSort (0ms)
			DisableScriptedObjects (7ms)
			BackupInstance (0ms)
			ReleaseScriptingObjects (0ms)
			CreateAndSetChildDomain (20ms)
		EndReloadAssembly (1424ms)
			LoadAssemblies (120ms)
			RebuildTransferFunctionScriptingTraits (0ms)
			SetupTypeCache (321ms)
			ReleaseScriptCaches (1ms)
			RebuildScriptCaches (115ms)
			SetupLoadedEditorAssemblies (819ms)
				LogAssemblyErrors (0ms)
				InitializePlatformSupportModulesInManaged (8ms)
				SetLoadedEditorAssemblies (0ms)
				RefreshPlugins (153ms)
				BeforeProcessingInitializeOnLoad (125ms)
				ProcessInitializeOnLoadAttributes (451ms)
				ProcessInitializeOnLoadMethodAttributes (74ms)
				AfterProcessingInitializeOnLoad (7ms)
				EditorAssembliesLoaded (0ms)
			ExecutionOrderSort2 (0ms)
			AwakeInstancesAfterBackupRestoration (6ms)
Platform modules already initialized, skipping
========================================================================
Worker process is ready to serve import requests
Launched and connected shader compiler UnityShaderCompiler.exe after 0.09 seconds
Refreshing native plugins compatible for Editor in 2.47 ms, found 3 plugins.
Preloading 0 native plugins for Editor in 0.00 ms.
Unloading 6583 Unused Serialized files (Serialized files now loaded: 0)
Unloading 63 unused Assets / (2.4 MB). Loaded Objects now: 7055.
Memory consumption went from 332.9 MB to 330.6 MB.
Total: 5.978000 ms (FindLiveObjects: 0.600300 ms CreateObjectMapping: 0.256200 ms MarkObjects: 4.526400 ms  DeleteObjects: 0.593400 ms)

AssetImportParameters requested are different than current active one (requested -> active):
  custom:video-decoder-ogg-theora: a1e56fd34408186e4bbccfd4996cb3dc -> 
  custom:container-muxer-webm: aa71ff27fc2769a1b78a27578f13a17b -> 
  custom:container-demuxer-webm: 4f35f7cbe854078d1ac9338744f61a02 -> 
  custom:video-encoder-webm-vp8: eb34c28f22e8b96e1ab97ce403110664 -> 
  custom:audio-encoder-webm-vorbis: bf7c407c2cedff20999df2af8eb42d56 -> 
  custom:framework-win-MediaFoundation: 216162199b28c13a410421893ffa2e32 -> 
  custom:container-demuxer-ogg: 62fdf1f143b41e24485cea50d1cbac27 -> 
  custom:video-decoder-webm-vp8: 9c59270c3fd7afecdb556c50c9e8de78 -> 
  custom:audio-decoder-ogg-vorbis: bf7c407c2cedff20999df2af8eb42d56 -> 
========================================================================
Received Import Request.
  Time since last request: 322089.198264 seconds.
  path: Assets/FlatKit/Demos/[Demo] Room/Room-Materials/Color7.mat
  artifactKey: Guid(41c0e3c20a5094639a1ee0ddc4bfe971) Importer(815301076,1909f56bfc062723c751e8b465ee728b)
Start importing Assets/FlatKit/Demos/[Demo] Room/Room-Materials/Color7.mat using Guid(41c0e3c20a5094639a1ee0ddc4bfe971) Importer(815301076,1909f56bfc062723c751e8b465ee728b)  -> (artifact id: 'e5b8b11e15c31d0cfcb17fee5ecf5d2e') in 0.287984 seconds 
========================================================================
Received Import Request.
  Time since last request: 0.000030 seconds.
  path: Assets/Monsters Ultimate Pack 02 Cute Series/Dragon Inferno Cute Series/Materials/Dragon Inferno.mat
  artifactKey: Guid(29f1f775c6629cc4ca630db9df038790) Importer(815301076,1909f56bfc062723c751e8b465ee728b)
Start importing Assets/Monsters Ultimate Pack 02 Cute Series/Dragon Inferno Cute Series/Materials/Dragon Inferno.mat using Guid(29f1f775c6629cc4ca630db9df038790) Importer(815301076,1909f56bfc062723c751e8b465ee728b)  -> (artifact id: '7e9014dd21123f9bb94b0dcc34538440') in 0.031045 seconds 
========================================================================
Received Import Request.
  Time since last request: 0.000053 seconds.
  path: Assets/FlatKit/Demos/[Demo] Desert/Materials/Circle Decal.mat
  artifactKey: Guid(0d724aaf362c33347bb0b8adc50c7ea7) Importer(815301076,1909f56bfc062723c751e8b465ee728b)
Start importing Assets/FlatKit/Demos/[Demo] Desert/Materials/Circle Decal.mat using Guid(0d724aaf362c33347bb0b8adc50c7ea7) Importer(815301076,1909f56bfc062723c751e8b465ee728b)  -> (artifact id: '6f6913b8b1ca5517648fcfaf0d48bd50') in 0.147322 seconds 
========================================================================
Received Import Request.
  Time since last request: 0.000043 seconds.
  path: Packages/com.unity.render-pipelines.universal/Runtime/Materials/Lit.mat
  artifactKey: Guid(31321ba15b8f8eb4c954353edc038b1d) Importer(815301076,1909f56bfc062723c751e8b465ee728b)
Start importing Packages/com.unity.render-pipelines.universal/Runtime/Materials/Lit.mat using Guid(31321ba15b8f8eb4c954353edc038b1d) Importer(815301076,1909f56bfc062723c751e8b465ee728b)  -> (artifact id: '9c44a325f940993ef72608b9ed981f39') in 0.015939 seconds 
========================================================================
Received Import Request.
  Time since last request: 0.000037 seconds.
  path: Assets/FlatKit/Demos/[Demo] Car/Car-Materials/Car-Materials-Set4/Car-Set4-Plane 1.mat
  artifactKey: Guid(3dfc8ff912d6e4fb48a3c3ab38ca08aa) Importer(815301076,1909f56bfc062723c751e8b465ee728b)
Start importing Assets/FlatKit/Demos/[Demo] Car/Car-Materials/Car-Materials-Set4/Car-Set4-Plane 1.mat using Guid(3dfc8ff912d6e4fb48a3c3ab38ca08aa) Importer(815301076,1909f56bfc062723c751e8b465ee728b)  -> (artifact id: '18bfbaddad23ac15a13f5ea1fca26646') in 0.020558 seconds 
========================================================================
Received Import Request.
  Time since last request: 0.000031 seconds.
  path: Assets/Nicrom/PolyPacks/Wind/Assets/Materials/LPW_Tree_B1_01.mat
  artifactKey: Guid(47a97533683d1a2419a6086fdc251eb7) Importer(815301076,1909f56bfc062723c751e8b465ee728b)
Start importing Assets/Nicrom/PolyPacks/Wind/Assets/Materials/LPW_Tree_B1_01.mat using Guid(47a97533683d1a2419a6086fdc251eb7) Importer(815301076,1909f56bfc062723c751e8b465ee728b)  -> (artifact id: 'da3b446ff70d7c2aa2bb038dc6892011') in 0.020127 seconds 
========================================================================
Received Import Request.
  Time since last request: 0.000060 seconds.
  path: Assets/Thirdparty/Ciathyza/Gridbox Prototype Materials/Demo/Prototype Materials Demo/GI Blocker.mat
  artifactKey: Guid(f9a5ce4748e5abd4288cab387226ef27) Importer(815301076,1909f56bfc062723c751e8b465ee728b)
Start importing Assets/Thirdparty/Ciathyza/Gridbox Prototype Materials/Demo/Prototype Materials Demo/GI Blocker.mat using Guid(f9a5ce4748e5abd4288cab387226ef27) Importer(815301076,1909f56bfc062723c751e8b465ee728b)  -> (artifact id: '1d0e3f78f62815f571af83b386b12f73') in 0.017113 seconds 
========================================================================
Received Import Request.
  Time since last request: 0.000031 seconds.
  path: Packages/com.unity.searcher/Editor/Resources/FlatSkin/Font/Roboto-BlackItalic.ttf
  artifactKey: Guid(f95147a9bab9fe649b8070170fa7ebd2) Importer(815301076,1909f56bfc062723c751e8b465ee728b)
Start importing Packages/com.unity.searcher/Editor/Resources/FlatSkin/Font/Roboto-BlackItalic.ttf using Guid(f95147a9bab9fe649b8070170fa7ebd2) Importer(815301076,1909f56bfc062723c751e8b465ee728b)  -> (artifact id: 'd337258aa14a4f269080bc1fded7aa16') in 0.039310 seconds 
========================================================================
Received Import Request.
  Time since last request: 0.000034 seconds.
  path: Assets/Monsters Ultimate Pack 02 Cute Series/Poison Bomb Cute Series/Materials/FX Spark.mat
  artifactKey: Guid(3e9976d3f8b0a28479c170f170471791) Importer(815301076,1909f56bfc062723c751e8b465ee728b)
Start importing Assets/Monsters Ultimate Pack 02 Cute Series/Poison Bomb Cute Series/Materials/FX Spark.mat using Guid(3e9976d3f8b0a28479c170f170471791) Importer(815301076,1909f56bfc062723c751e8b465ee728b)  -> (artifact id: 'bac1b387ebfebf31af371a53bed6309d') in 0.395552 seconds 
========================================================================
Received Import Request.
  Time since last request: 0.000030 seconds.
  path: Packages/com.unity.render-pipelines.universal/Runtime/Materials/Decal.mat
  artifactKey: Guid(31d0dcc6f2dd4e4408d18036a2c93862) Importer(815301076,1909f56bfc062723c751e8b465ee728b)
Start importing Packages/com.unity.render-pipelines.universal/Runtime/Materials/Decal.mat using Guid(31d0dcc6f2dd4e4408d18036a2c93862) Importer(815301076,1909f56bfc062723c751e8b465ee728b)  -> (artifact id: '68642fed28b7e53536d4af6ec80c845b') in 0.017051 seconds 
========================================================================
Received Import Request.
  Time since last request: 0.000044 seconds.
  path: Assets/Layer Lab/GUI Kit - Casual Fantasy/ResourcesData/Fonts/TiltWarp.ttf
  artifactKey: Guid(bd4fcb934faa04c5089a975befc751a5) Importer(815301076,1909f56bfc062723c751e8b465ee728b)
Start importing Assets/Layer Lab/GUI Kit - Casual Fantasy/ResourcesData/Fonts/TiltWarp.ttf using Guid(bd4fcb934faa04c5089a975befc751a5) Importer(815301076,1909f56bfc062723c751e8b465ee728b)  -> (artifact id: '3ef7f986ae6fc74dcf6369ded66989d9') in 0.028262 seconds 
========================================================================
Received Import Request.
  Time since last request: 0.000033 seconds.
  path: Assets/Monsters Ultimate Pack 02 Cute Series/Dragon Spark Cute Series/Materials/Dragon Spark.mat
  artifactKey: Guid(3b6c2da0e6a866b43bf7cb44736390e7) Importer(815301076,1909f56bfc062723c751e8b465ee728b)
Start importing Assets/Monsters Ultimate Pack 02 Cute Series/Dragon Spark Cute Series/Materials/Dragon Spark.mat using Guid(3b6c2da0e6a866b43bf7cb44736390e7) Importer(815301076,1909f56bfc062723c751e8b465ee728b)  -> (artifact id: '05e3a02a747a3f93703a822172c7bab0') in 0.016692 seconds 
========================================================================
Received Import Request.
  Time since last request: 0.000063 seconds.
  path: Assets/Polyart/PolyartStudio/DreamscapeMeadows/Materials/Trees/M_TreeBirch_Leaves_Red.mat
  artifactKey: Guid(f07e7b29a5520b940bfcc4528607dac3) Importer(815301076,1909f56bfc062723c751e8b465ee728b)
Start importing Assets/Polyart/PolyartStudio/DreamscapeMeadows/Materials/Trees/M_TreeBirch_Leaves_Red.mat using Guid(f07e7b29a5520b940bfcc4528607dac3) Importer(815301076,1909f56bfc062723c751e8b465ee728b)  -> (artifact id: '63ae9af93a04de84405489d0c7f87d30') in 0.026487 seconds 
========================================================================
Received Import Request.
  Time since last request: 0.000045 seconds.
  path: Packages/com.unity.visualeffectgraph/Editor/Templates/SimpleHeadsAndSparks.vfx
  artifactKey: Guid(092c27d29de329c43aa5ad8ca20e4be9) Importer(815301076,1909f56bfc062723c751e8b465ee728b)
Start importing Packages/com.unity.visualeffectgraph/Editor/Templates/SimpleHeadsAndSparks.vfx using Guid(092c27d29de329c43aa5ad8ca20e4be9) Importer(815301076,1909f56bfc062723c751e8b465ee728b)  -> (artifact id: 'c234e06f58b15c5f599ce9c25c1ca1c9') in 0.163070 seconds 
========================================================================
Received Import Request.
  Time since last request: 0.000033 seconds.
  path: Assets/FlatKit/Demos/[Demo] Valley/Valley-Materials/LightPlane-01.mat
  artifactKey: Guid(3bcaad8753c76425a90d2c19e7f2018f) Importer(815301076,1909f56bfc062723c751e8b465ee728b)
Start importing Assets/FlatKit/Demos/[Demo] Valley/Valley-Materials/LightPlane-01.mat using Guid(3bcaad8753c76425a90d2c19e7f2018f) Importer(815301076,1909f56bfc062723c751e8b465ee728b)  -> (artifact id: '9ad4ff6784804034c1c90295d6a2489b') in 0.018433 seconds 
========================================================================
Received Import Request.
  Time since last request: 0.000041 seconds.
  path: Packages/com.unity.searcher/Editor/Resources/FlatSkin/Font/Roboto-Medium.ttf
  artifactKey: Guid(a51a3aebb43ac044989270407476b208) Importer(815301076,1909f56bfc062723c751e8b465ee728b)
Start importing Packages/com.unity.searcher/Editor/Resources/FlatSkin/Font/Roboto-Medium.ttf using Guid(a51a3aebb43ac044989270407476b208) Importer(815301076,1909f56bfc062723c751e8b465ee728b)  -> (artifact id: '1f5c6b45325849e8a83cf67e1c2ed135') in 0.020729 seconds 
========================================================================
Received Import Request.
  Time since last request: 0.000041 seconds.
  path: Packages/com.unity.searcher/Editor/Resources/FlatSkin/Font/Roboto-BoldItalic.ttf
  artifactKey: Guid(dfb97a9307a577a41bcacba34b9a7e32) Importer(815301076,1909f56bfc062723c751e8b465ee728b)
Start importing Packages/com.unity.searcher/Editor/Resources/FlatSkin/Font/Roboto-BoldItalic.ttf using Guid(dfb97a9307a577a41bcacba34b9a7e32) Importer(815301076,1909f56bfc062723c751e8b465ee728b)  -> (artifact id: 'c9081f55c684ef2104bccb66586cfdc8') in 0.019788 seconds 
========================================================================
Received Import Request.
  Time since last request: 0.000030 seconds.
  path: Assets/FlatKit/Demos/[Demo] Car/Car-Materials/Car-Materials-Set4/Car-Set4-CarChrome2.mat
  artifactKey: Guid(22080b292022d4a4d916858915c871ef) Importer(815301076,1909f56bfc062723c751e8b465ee728b)
Start importing Assets/FlatKit/Demos/[Demo] Car/Car-Materials/Car-Materials-Set4/Car-Set4-CarChrome2.mat using Guid(22080b292022d4a4d916858915c871ef) Importer(815301076,1909f56bfc062723c751e8b465ee728b)  -> (artifact id: '0655aef772b4c452d6839379c568ba01') in 0.028830 seconds 
========================================================================
Received Import Request.
  Time since last request: 0.000024 seconds.
  path: Assets/FlatKit/Demos/[Demo] Car/Car-Materials/Car-Materials-Set1/Car-Set1-Car1Lights1.mat
  artifactKey: Guid(283a705137c9344f9b4abcda7229f773) Importer(815301076,1909f56bfc062723c751e8b465ee728b)
Start importing Assets/FlatKit/Demos/[Demo] Car/Car-Materials/Car-Materials-Set1/Car-Set1-Car1Lights1.mat using Guid(283a705137c9344f9b4abcda7229f773) Importer(815301076,1909f56bfc062723c751e8b465ee728b)  -> (artifact id: '27ae7595136ca5cb6067d0b2a6d26396') in 0.017059 seconds 
========================================================================
Received Import Request.
  Time since last request: 0.000050 seconds.
  path: Assets/FlatKit/Demos/[Demo] Desert/Materials/Ground Line Map.mat
  artifactKey: Guid(c3595cfe13b06984eb17c36d07f75ca2) Importer(815301076,1909f56bfc062723c751e8b465ee728b)
Start importing Assets/FlatKit/Demos/[Demo] Desert/Materials/Ground Line Map.mat using Guid(c3595cfe13b06984eb17c36d07f75ca2) Importer(815301076,1909f56bfc062723c751e8b465ee728b)  -> (artifact id: 'bc01e0e14a71bca8d5fa5362a1d5e157') in 0.021210 seconds 
========================================================================
Received Import Request.
  Time since last request: 0.000039 seconds.
  path: Assets/FlatKit/Demos/[Demo] Car/Car-Materials/Car-Materials-Set1/Car-Set1-Car1Chrome2.mat
  artifactKey: Guid(7af8bb9140fc243589d384c6421d2510) Importer(815301076,1909f56bfc062723c751e8b465ee728b)
Start importing Assets/FlatKit/Demos/[Demo] Car/Car-Materials/Car-Materials-Set1/Car-Set1-Car1Chrome2.mat using Guid(7af8bb9140fc243589d384c6421d2510) Importer(815301076,1909f56bfc062723c751e8b465ee728b)  -> (artifact id: 'c03df2fda002417894d61126bd1e0063') in 0.019120 seconds 
========================================================================
Received Import Request.
  Time since last request: 0.000058 seconds.
  path: Assets/FlatKit/Demos/[Demo] IslandWithTrees/IslandWithTrees-Materials/IslandWithTrees-Plane2.mat
  artifactKey: Guid(aa3ed64776211440cac35952529067a6) Importer(815301076,1909f56bfc062723c751e8b465ee728b)
Start importing Assets/FlatKit/Demos/[Demo] IslandWithTrees/IslandWithTrees-Materials/IslandWithTrees-Plane2.mat using Guid(aa3ed64776211440cac35952529067a6) Importer(815301076,1909f56bfc062723c751e8b465ee728b)  -> (artifact id: '681af425af9582ad939bf3f40486d049') in 0.018888 seconds 
========================================================================
Received Import Request.
  Time since last request: 0.000041 seconds.
  path: Assets/Handpainted_Grass_and_Ground_Textures/Demo/Materials/Grass_swamp_normal.mat
  artifactKey: Guid(1ecaec0663df69f4591699b38932ea59) Importer(815301076,1909f56bfc062723c751e8b465ee728b)
Start importing Assets/Handpainted_Grass_and_Ground_Textures/Demo/Materials/Grass_swamp_normal.mat using Guid(1ecaec0663df69f4591699b38932ea59) Importer(815301076,1909f56bfc062723c751e8b465ee728b)  -> (artifact id: '488eb680795fc3cab2f158f94ca7e612') in 0.021274 seconds 
========================================================================
Received Import Request.
  Time since last request: 0.000045 seconds.
  path: Assets/FlatKit/Demos/[Demo] Car/Car-Materials/Car-Materials-Set4/Car-Set4-Windows.mat
  artifactKey: Guid(3750c2daa71d9474cbdd9ff6a48df142) Importer(815301076,1909f56bfc062723c751e8b465ee728b)
Start importing Assets/FlatKit/Demos/[Demo] Car/Car-Materials/Car-Materials-Set4/Car-Set4-Windows.mat using Guid(3750c2daa71d9474cbdd9ff6a48df142) Importer(815301076,1909f56bfc062723c751e8b465ee728b)  -> (artifact id: '422775e49426b072ddf8881dc70a1ec4') in 0.015753 seconds 
========================================================================
Received Import Request.
  Time since last request: 0.000031 seconds.
  path: Assets/FlatKit/Demos/[Demo] Car/Car-Materials/Car-Materials-Set4/Car-Set4-Body2.mat
  artifactKey: Guid(a0c632a6d41be47809d07163ebaf04a2) Importer(815301076,1909f56bfc062723c751e8b465ee728b)
Start importing Assets/FlatKit/Demos/[Demo] Car/Car-Materials/Car-Materials-Set4/Car-Set4-Body2.mat using Guid(a0c632a6d41be47809d07163ebaf04a2) Importer(815301076,1909f56bfc062723c751e8b465ee728b)  -> (artifact id: 'fc2882bef18008ac958f9bb6476d6c97') in 0.020407 seconds 
========================================================================
Received Import Request.
  Time since last request: 0.000043 seconds.
  path: Assets/FlatKit/Demos/[Demo] Car/Car-Materials/Car-Materials-Set5/Car-Set5-Windows.mat
  artifactKey: Guid(e3a756b36108d41c2837a50418d882c6) Importer(815301076,1909f56bfc062723c751e8b465ee728b)
Start importing Assets/FlatKit/Demos/[Demo] Car/Car-Materials/Car-Materials-Set5/Car-Set5-Windows.mat using Guid(e3a756b36108d41c2837a50418d882c6) Importer(815301076,1909f56bfc062723c751e8b465ee728b)  -> (artifact id: '86d38e1a187cf5d5e0f3460c07aca90c') in 0.018365 seconds 
========================================================================
Received Import Request.
  Time since last request: 0.000031 seconds.
  path: Assets/TextMesh Pro/Resources/Fonts & Materials/LiberationSans SDF - Drop Shadow.mat
  artifactKey: Guid(e73a58f6e2794ae7b1b7e50b7fb811b0) Importer(815301076,1909f56bfc062723c751e8b465ee728b)
Start importing Assets/TextMesh Pro/Resources/Fonts & Materials/LiberationSans SDF - Drop Shadow.mat using Guid(e73a58f6e2794ae7b1b7e50b7fb811b0) Importer(815301076,1909f56bfc062723c751e8b465ee728b)  -> (artifact id: 'd5667d808b7b41fe4d04d286e73e164c') in 0.030980 seconds 
========================================================================
Received Import Request.
  Time since last request: 0.000035 seconds.
  path: Assets/Monsters Ultimate Pack 02 Cute Series/Snow Bomb Cute Series/Materials/FX Spark Glow.mat
  artifactKey: Guid(c6098e7c2d643114fbe02c92a6a65f86) Importer(815301076,1909f56bfc062723c751e8b465ee728b)
Start importing Assets/Monsters Ultimate Pack 02 Cute Series/Snow Bomb Cute Series/Materials/FX Spark Glow.mat using Guid(c6098e7c2d643114fbe02c92a6a65f86) Importer(815301076,1909f56bfc062723c751e8b465ee728b)  -> (artifact id: '2763925c720f312aca5176558d837f82') in 0.108788 seconds 
========================================================================
Received Import Request.
  Time since last request: 0.000041 seconds.
  path: Assets/FlatKit/Demos/[Demo] Car/Car-Materials/Car-Materials-Set4/Car-Set4-Plane 3.mat
  artifactKey: Guid(7ea70551973d64eb48aa89a206144079) Importer(815301076,1909f56bfc062723c751e8b465ee728b)
Start importing Assets/FlatKit/Demos/[Demo] Car/Car-Materials/Car-Materials-Set4/Car-Set4-Plane 3.mat using Guid(7ea70551973d64eb48aa89a206144079) Importer(815301076,1909f56bfc062723c751e8b465ee728b)  -> (artifact id: '3f462949db0966abe7215547d73c7ca0') in 0.014731 seconds 
========================================================================
Received Import Request.
  Time since last request: 0.000037 seconds.
  path: Assets/FlatKit/Demos/[Demo] Car/Car-Materials/Car-Materials-Set4/Car-Set4-Plane 2.mat
  artifactKey: Guid(9316a15b4ba0b4f24b7c6ba705f05a42) Importer(815301076,1909f56bfc062723c751e8b465ee728b)
Start importing Assets/FlatKit/Demos/[Demo] Car/Car-Materials/Car-Materials-Set4/Car-Set4-Plane 2.mat using Guid(9316a15b4ba0b4f24b7c6ba705f05a42) Importer(815301076,1909f56bfc062723c751e8b465ee728b)  -> (artifact id: '0f322e5b127486c2cc53e8dc0996bc55') in 0.014449 seconds 
========================================================================
Received Import Request.
  Time since last request: 0.000037 seconds.
  path: Packages/com.unity.searcher/Editor/Resources/FlatSkin/Font/Roboto-Black.ttf
  artifactKey: Guid(1062c701058745940ae5dca6219c64c8) Importer(815301076,1909f56bfc062723c751e8b465ee728b)
Start importing Packages/com.unity.searcher/Editor/Resources/FlatSkin/Font/Roboto-Black.ttf using Guid(1062c701058745940ae5dca6219c64c8) Importer(815301076,1909f56bfc062723c751e8b465ee728b)  -> (artifact id: '4d606df464e691735ed2274c807603c2') in 0.021678 seconds 
========================================================================
Received Import Request.
  Time since last request: 0.000034 seconds.
  path: Assets/Avi/Materials/Eyes.001 1.mat
  artifactKey: Guid(f5d25ee5f43700d498517638b8f36935) Importer(815301076,1909f56bfc062723c751e8b465ee728b)
Start importing Assets/Avi/Materials/Eyes.001 1.mat using Guid(f5d25ee5f43700d498517638b8f36935) Importer(815301076,1909f56bfc062723c751e8b465ee728b)  -> (artifact id: 'ebbc24689c31a27b1c9f47a5754fcb9d') in 0.033554 seconds 
========================================================================
Received Import Request.
  Time since last request: 0.000041 seconds.
  path: Assets/Polyart/PolyartStudio/DreamscapeMeadows/Materials/Trees/M_TreeLarge_BB_03.mat
  artifactKey: Guid(776a569a571f1c4449f127a7c1331c45) Importer(815301076,1909f56bfc062723c751e8b465ee728b)
Start importing Assets/Polyart/PolyartStudio/DreamscapeMeadows/Materials/Trees/M_TreeLarge_BB_03.mat using Guid(776a569a571f1c4449f127a7c1331c45) Importer(815301076,1909f56bfc062723c751e8b465ee728b)  -> (artifact id: 'fd2617c9729417f40e849bfb8b0e93f0') in 0.018667 seconds 
========================================================================
Received Import Request.
  Time since last request: 0.000037 seconds.
  path: Assets/FlatKit/Demos/[Demo] Room/Room-Materials/Color3-AdjustedCel.mat
  artifactKey: Guid(be66cbc24911c4b3bb9d077f818337ec) Importer(815301076,1909f56bfc062723c751e8b465ee728b)
Start importing Assets/FlatKit/Demos/[Demo] Room/Room-Materials/Color3-AdjustedCel.mat using Guid(be66cbc24911c4b3bb9d077f818337ec) Importer(815301076,1909f56bfc062723c751e8b465ee728b)  -> (artifact id: 'a5735073a7c2b33f1480d14b0bc78bc0') in 0.020570 seconds 
========================================================================
Received Import Request.
  Time since last request: 0.000032 seconds.
  path: Assets/FlatKit/Demos/[Demo] Valley/Valley-Materials/LightPlane-02.mat
  artifactKey: Guid(fa03a20f90929460badefbe4c3c00066) Importer(815301076,1909f56bfc062723c751e8b465ee728b)
Start importing Assets/FlatKit/Demos/[Demo] Valley/Valley-Materials/LightPlane-02.mat using Guid(fa03a20f90929460badefbe4c3c00066) Importer(815301076,1909f56bfc062723c751e8b465ee728b)  -> (artifact id: '333f9830ead1c7b8ca8294e7ad05ba51') in 0.016563 seconds 
========================================================================
Received Import Request.
  Time since last request: 0.000033 seconds.
  path: Assets/FlatKit/Demos/[Demo] Car/Car-Materials/Car-Materials-Set1/Car-Set1-Car1Body.mat
  artifactKey: Guid(8f00bde2c4e76407f9e853cd7cba5c25) Importer(815301076,1909f56bfc062723c751e8b465ee728b)
Start importing Assets/FlatKit/Demos/[Demo] Car/Car-Materials/Car-Materials-Set1/Car-Set1-Car1Body.mat using Guid(8f00bde2c4e76407f9e853cd7cba5c25) Importer(815301076,1909f56bfc062723c751e8b465ee728b)  -> (artifact id: 'ee8d22025bf8d92f43181510bbfc9788') in 0.038691 seconds 
========================================================================
Received Import Request.
  Time since last request: 0.000053 seconds.
  path: Assets/FlatKit/Demos/[Demo] Room/Room-Materials/Color2.mat
  artifactKey: Guid(ac33f6af705d44a23ab4486f869f34fe) Importer(815301076,1909f56bfc062723c751e8b465ee728b)
Start importing Assets/FlatKit/Demos/[Demo] Room/Room-Materials/Color2.mat using Guid(ac33f6af705d44a23ab4486f869f34fe) Importer(815301076,1909f56bfc062723c751e8b465ee728b)  -> (artifact id: '64098c0898e67c1d2be0aeae2a45aaf6') in 0.015570 seconds 
========================================================================
Received Import Request.
  Time since last request: 0.000073 seconds.
  path: Assets/FlatKit/Demos/[Demo] Car/Car-Materials/Car-Materials-Set3/Car-Set3-Black.mat
  artifactKey: Guid(9aad60b09b2d9419e88fd7db49e5db6c) Importer(815301076,1909f56bfc062723c751e8b465ee728b)
Start importing Assets/FlatKit/Demos/[Demo] Car/Car-Materials/Car-Materials-Set3/Car-Set3-Black.mat using Guid(9aad60b09b2d9419e88fd7db49e5db6c) Importer(815301076,1909f56bfc062723c751e8b465ee728b)  -> (artifact id: '302343fb97ef1c78d7b26da373086a67') in 0.018200 seconds 
========================================================================
Received Import Request.
  Time since last request: 0.000028 seconds.
  path: Packages/com.unity.visualeffectgraph/Editor/Templates/SimpleRibbon.vfx
  artifactKey: Guid(c071abb088c76054bb603238f21bce1c) Importer(815301076,1909f56bfc062723c751e8b465ee728b)
Start importing Packages/com.unity.visualeffectgraph/Editor/Templates/SimpleRibbon.vfx using Guid(c071abb088c76054bb603238f21bce1c) Importer(815301076,1909f56bfc062723c751e8b465ee728b)  -> (artifact id: '74107f916683675214c344b3b815c7c9') in 0.163353 seconds 
========================================================================
Received Import Request.
  Time since last request: 0.000034 seconds.
  path: Assets/FlatKit/Demos/[Demo] IslandWithTrees/IslandWithTrees-Materials/IslandWithTrees-Skybox3.mat
  artifactKey: Guid(14497830682194498bb140b4a1bcda95) Importer(815301076,1909f56bfc062723c751e8b465ee728b)
Start importing Assets/FlatKit/Demos/[Demo] IslandWithTrees/IslandWithTrees-Materials/IslandWithTrees-Skybox3.mat using Guid(14497830682194498bb140b4a1bcda95) Importer(815301076,1909f56bfc062723c751e8b465ee728b)  -> (artifact id: 'd962790cc6f43b30c6962db355779ab9') in 0.016109 seconds 
========================================================================
Received Import Request.
  Time since last request: 0.000078 seconds.
  path: Assets/FlatKit/Demos/[Demo] IslandWithTrees/IslandWithTrees-Materials/IslandWithTrees-Trunk2.mat
  artifactKey: Guid(9aaf1d28ae17b458cb0a9a010d1e1b0c) Importer(815301076,1909f56bfc062723c751e8b465ee728b)
Start importing Assets/FlatKit/Demos/[Demo] IslandWithTrees/IslandWithTrees-Materials/IslandWithTrees-Trunk2.mat using Guid(9aaf1d28ae17b458cb0a9a010d1e1b0c) Importer(815301076,1909f56bfc062723c751e8b465ee728b)  -> (artifact id: '489e585873260149da96c333f811b4fa') in 0.037679 seconds 
========================================================================
Received Import Request.
  Time since last request: 0.000046 seconds.
  path: Assets/FlatKit/Demos/[Demo] Car/Car-Materials/Car-Materials-Set2/Car-Set2-Car4Body-1.mat
  artifactKey: Guid(bcbc887a401b3411fb6cca34e86d33a8) Importer(815301076,1909f56bfc062723c751e8b465ee728b)
Start importing Assets/FlatKit/Demos/[Demo] Car/Car-Materials/Car-Materials-Set2/Car-Set2-Car4Body-1.mat using Guid(bcbc887a401b3411fb6cca34e86d33a8) Importer(815301076,1909f56bfc062723c751e8b465ee728b)  -> (artifact id: '45bc4d604aa6a1b879f2c6153ca17b26') in 0.019937 seconds 
Editor requested this worker to shutdown with reason: Scaling down because of idle timeout
AssetImportWorkerClient::OnTransportError - code=2 error=End of file
AssetImportWorker is now disconnected from the server
Process exiting
Exiting without the bug reporter. Application will terminate with return code 0